08:54:45 **** Incremental Build of configuration Debug for project pruebaTp3 ****
Info: Internal Builder is used for build
gcc -O0 -g3 -Wall -c -fmessage-length=0 -o main.o "..\\main.c" 
..\main.c: In function 'main':
..\main.c:47:14: warning: implicit declaration of function 'operara_Menu_Opcion5' [-Wimplicit-function-declaration]
              operara_Menu_Opcion5(listaJugadores, listaConfederaciones)
              ^~~~~~~~~~~~~~~~~~~~
..\main.c:50:13: error: expected ';' before 'break'
             break;
             ^~~~~
08:54:53 **** Incremental Build of configuration Debug for project pruebaTp3 ****
Info: Internal Builder is used for build
gcc -O0 -g3 -Wall -c -fmessage-length=0 -o main.o "..\\main.c" 
..\main.c: In function 'main':
..\main.c:47:14: warning: implicit declaration of function 'operara_Menu_Opcion5' [-Wimplicit-function-declaration]
              operara_Menu_Opcion5(listaJugadores, listaConfederaciones);
              ^~~~~~~~~~~~~~~~~~~~
gcc "-LC:\\Users\\Julian Rodriguez\\Desktop\\PROGRAMACION  1\\TP3-2022\\eclipse_tp3_v5\\tp3_windows" -o pruebaTp3.exe Controller.o Jugador.o Seleccion.o ingresos.o main.o parser.o -lLinkedList 
08:55:06 **** Incremental Build of configuration Debug for project pruebaTp3 ****
Info: Internal Builder is used for build
gcc -O0 -g3 -Wall -c -fmessage-length=0 -o main.o "..\\main.c" 
gcc -O0 -g3 -Wall -c -fmessage-length=0 -o Controller.o "..\\Controller.c" 
gcc -O0 -g3 -Wall -c -fmessage-length=0 -o Jugador.o "..\\Jugador.c" 
gcc -O0 -g3 -Wall -c -fmessage-length=0 -o parser.o "..\\parser.c" 
gcc "-LC:\\Users\\Julian Rodriguez\\Desktop\\PROGRAMACION  1\\TP3-2022\\eclipse_tp3_v5\\tp3_windows" -o pruebaTp3.exe Controller.o Jugador.o Seleccion.o ingresos.o main.o parser.o -lLinkedList 
Info: Nothing to build for pruebaTp3
08:55:25 **** Incremental Build of configuration Debug for project pruebaTp3 ****
Info: Internal Builder is used for build
gcc -O0 -g3 -Wall -c -fmessage-length=0 -o Jugador.o "..\\Jugador.c" 
gcc "-LC:\\Users\\Julian Rodriguez\\Desktop\\PROGRAMACION  1\\TP3-2022\\eclipse_tp3_v5\\tp3_windows" -o pruebaTp3.exe Controller.o Jugador.o Seleccion.o ingresos.o main.o parser.o -lLinkedList 
Info: Nothing to build for pruebaTp3
08:55:40 **** Incremental Build of configuration Debug for project pruebaTp3 ****
Info: Internal Builder is used for build
gcc -O0 -g3 -Wall -c -fmessage-length=0 -o Jugador.o "..\\Jugador.c" 
gcc "-LC:\\Users\\Julian Rodriguez\\Desktop\\PROGRAMACION  1\\TP3-2022\\eclipse_tp3_v5\\tp3_windows" -o pruebaTp3.exe Controller.o Jugador.o Seleccion.o ingresos.o main.o parser.o -lLinkedList 
08:55:54 **** Incremental Build of configuration Debug for project pruebaTp3 ****
Info: Internal Builder is used for build
gcc -O0 -g3 -Wall -c -fmessage-length=0 -o Jugador.o "..\\Jugador.c" 
gcc "-LC:\\Users\\Julian Rodriguez\\Desktop\\PROGRAMACION  1\\TP3-2022\\eclipse_tp3_v5\\tp3_windows" -o pruebaTp3.exe Controller.o Jugador.o Seleccion.o ingresos.o main.o parser.o -lLinkedList 
Info: Nothing to build for pruebaTp3
08:56:10 **** Incremental Build of configuration Debug for project pruebaTp3 ****
Info: Internal Builder is used for build
gcc -O0 -g3 -Wall -c -fmessage-length=0 -o Jugador.o "..\\Jugador.c" 
gcc "-LC:\\Users\\Julian Rodriguez\\Desktop\\PROGRAMACION  1\\TP3-2022\\eclipse_tp3_v5\\tp3_windows" -o pruebaTp3.exe Controller.o Jugador.o Seleccion.o ingresos.o main.o parser.o -lLinkedList 
Info: Nothing to build for pruebaTp3
08:56:33 **** Incremental Build of configuration Debug for project pruebaTp3 ****
Info: Internal Builder is used for build
gcc -O0 -g3 -Wall -c -fmessage-length=0 -o Jugador.o "..\\Jugador.c" 
gcc "-LC:\\Users\\Julian Rodriguez\\Desktop\\PROGRAMACION  1\\TP3-2022\\eclipse_tp3_v5\\tp3_windows" -o pruebaTp3.exe Controller.o Jugador.o Seleccion.o ingresos.o main.o parser.o -lLinkedList 
Info: Nothing to build for pruebaTp3
08:56:49 **** Incremental Build of configuration Debug for project pruebaTp3 ****
Info: Internal Builder is used for build
gcc -O0 -g3 -Wall -c -fmessage-length=0 -o Jugador.o "..\\Jugador.c" 
gcc "-LC:\\Users\\Julian Rodriguez\\Desktop\\PROGRAMACION  1\\TP3-2022\\eclipse_tp3_v5\\tp3_windows" -o pruebaTp3.exe Controller.o Jugador.o Seleccion.o ingresos.o main.o parser.o -lLinkedList 
Info: Nothing to build for pruebaTp3
10:55:58 **** Incremental Build of configuration Debug for project pruebaTp3 ****
Info: Internal Builder is used for build
gcc -O0 -g3 -Wall -c -fmessage-length=0 -o Controller.o "..\\Controller.c" 
gcc -O0 -g3 -Wall -c -fmessage-length=0 -o parser.o "..\\parser.c" 
gcc -O0 -g3 -Wall -c -fmessage-length=0 -o Seleccion.o "..\\Seleccion.c" 
gcc -O0 -g3 -Wall -c -fmessage-length=0 -o Jugador.o "..\\Jugador.c" 
..\Jugador.c: In function 'jug_convocar':
..\Jugador.c:461:13: warning: unused variable 'pSeleccion' [-Wunused-variable]
  Seleccion* pSeleccion;
             ^~~~~~~~~~
gcc -O0 -g3 -Wall -c -fmessage-length=0 -o main.o "..\\main.c" 
gcc "-LC:\\Users\\Julian Rodriguez\\Desktop\\PROGRAMACION  1\\TP3-2022\\eclipse_tp3_v5\\tp3_windows" -o pruebaTp3.exe Controller.o Jugador.o Seleccion.o ingresos.o main.o parser.o -lLinkedList 
10:56:05 **** Incremental Build of configuration Debug for project pruebaTp3 ****
Info: Internal Builder is used for build
gcc -O0 -g3 -Wall -c -fmessage-length=0 -o Jugador.o "..\\Jugador.c" 
gcc "-LC:\\Users\\Julian Rodriguez\\Desktop\\PROGRAMACION  1\\TP3-2022\\eclipse_tp3_v5\\tp3_windows" -o pruebaTp3.exe Controller.o Jugador.o Seleccion.o ingresos.o main.o parser.o -lLinkedList 
10:56:30 **** Incremental Build of configuration Debug for project pruebaTp3 ****
Info: Internal Builder is used for build
gcc -O0 -g3 -Wall -c -fmessage-length=0 -o Jugador.o "..\\Jugador.c" 
gcc "-LC:\\Users\\Julian Rodriguez\\Desktop\\PROGRAMACION  1\\TP3-2022\\eclipse_tp3_v5\\tp3_windows" -o pruebaTp3.exe Controller.o Jugador.o Seleccion.o ingresos.o main.o parser.o -lLinkedList 
11:15:03 **** Incremental Build of configuration Debug for project pruebaTp3 ****
Info: Internal Builder is used for build
gcc -O0 -g3 -Wall -c -fmessage-length=0 -o Jugador.o "..\\Jugador.c" 
..\Jugador.c: In function 'selec_Solicitar_Id':
..\Jugador.c:488:42: warning: passing argument 2 of 'll_get' makes integer from pointer without a cast [-Wint-conversion]
   pSeleccion=ll_get(pArrayListSeleccion, indice);
                                          ^~~~~~
In file included from ..\Seleccion.h:1:0,
                 from ..\Jugador.c:6:
..\LinkedList.h:42:7: note: expected 'int' but argument is of type 'int *'
 void* ll_get(LinkedList* this, int index);
       ^~~~~~
..\Jugador.c: In function 'jug_convocar':
..\Jugador.c:507:13: warning: unused variable 'pSeleccion' [-Wunused-variable]
  Seleccion* pSeleccion;
             ^~~~~~~~~~
..\Jugador.c:506:6: warning: unused variable 'idPais' [-Wunused-variable]
  int idPais;
      ^~~~~~
gcc "-LC:\\Users\\Julian Rodriguez\\Desktop\\PROGRAMACION  1\\TP3-2022\\eclipse_tp3_v5\\tp3_windows" -o pruebaTp3.exe Controller.o Jugador.o Seleccion.o ingresos.o main.o parser.o -lLinkedList 
11:15:57 **** Incremental Build of configuration Debug for project pruebaTp3 ****
Info: Internal Builder is used for build
gcc -O0 -g3 -Wall -c -fmessage-length=0 -o Jugador.o "..\\Jugador.c" 
..\Jugador.c: In function 'selec_Solicitar_Id':
..\Jugador.c:488:42: warning: passing argument 2 of 'll_get' makes integer from pointer without a cast [-Wint-conversion]
   pSeleccion=ll_get(pArrayListSeleccion, indice);
                                          ^~~~~~
In file included from ..\Seleccion.h:1:0,
                 from ..\Jugador.c:6:
..\LinkedList.h:42:7: note: expected 'int' but argument is of type 'int *'
 void* ll_get(LinkedList* this, int index);
       ^~~~~~
..\Jugador.c: In function 'jug_convocar':
..\Jugador.c:507:13: warning: unused variable 'pSeleccion' [-Wunused-variable]
  Seleccion* pSeleccion;
             ^~~~~~~~~~
..\Jugador.c:506:6: warning: unused variable 'idPais' [-Wunused-variable]
  int idPais;
      ^~~~~~
gcc -O0 -g3 -Wall -c -fmessage-length=0 -o parser.o "..\\parser.c" 
gcc -O0 -g3 -Wall -c -fmessage-length=0 -o Controller.o "..\\Controller.c" 
gcc -O0 -g3 -Wall -c -fmessage-length=0 -o main.o "..\\main.c" 
gcc "-LC:\\Users\\Julian Rodriguez\\Desktop\\PROGRAMACION  1\\TP3-2022\\eclipse_tp3_v5\\tp3_windows" -o pruebaTp3.exe Controller.o Jugador.o Seleccion.o ingresos.o main.o parser.o -lLinkedList 
11:16:17 **** Incremental Build of configuration Debug for project pruebaTp3 ****
Info: Internal Builder is used for build
gcc -O0 -g3 -Wall -c -fmessage-length=0 -o Jugador.o "..\\Jugador.c" 
..\Jugador.c: In function 'jug_convocar':
..\Jugador.c:507:13: warning: unused variable 'pSeleccion' [-Wunused-variable]
  Seleccion* pSeleccion;
             ^~~~~~~~~~
..\Jugador.c:506:6: warning: unused variable 'idPais' [-Wunused-variable]
  int idPais;
      ^~~~~~
gcc "-LC:\\Users\\Julian Rodriguez\\Desktop\\PROGRAMACION  1\\TP3-2022\\eclipse_tp3_v5\\tp3_windows" -o pruebaTp3.exe Controller.o Jugador.o Seleccion.o ingresos.o main.o parser.o -lLinkedList 
Info: Nothing to build for pruebaTp3
11:17:54 **** Incremental Build of configuration Debug for project pruebaTp3 ****
Info: Internal Builder is used for build
gcc -O0 -g3 -Wall -c -fmessage-length=0 -o Jugador.o "..\\Jugador.c" 
..\Jugador.c: In function 'jug_convocar':
..\Jugador.c:508:13: warning: unused variable 'pSeleccion' [-Wunused-variable]
  Seleccion* pSeleccion;
             ^~~~~~~~~~
..\Jugador.c:507:6: warning: unused variable 'idPais' [-Wunused-variable]
  int idPais;
      ^~~~~~
gcc "-LC:\\Users\\Julian Rodriguez\\Desktop\\PROGRAMACION  1\\TP3-2022\\eclipse_tp3_v5\\tp3_windows" -o pruebaTp3.exe Controller.o Jugador.o Seleccion.o ingresos.o main.o parser.o -lLinkedList 
Info: Nothing to build for pruebaTp3
11:18:35 **** Incremental Build of configuration Debug for project pruebaTp3 ****
Info: Internal Builder is used for build
gcc -O0 -g3 -Wall -c -fmessage-length=0 -o Jugador.o "..\\Jugador.c" 
..\Jugador.c: In function 'jug_convocar':
..\Jugador.c:508:13: warning: unused variable 'pSeleccion' [-Wunused-variable]
  Seleccion* pSeleccion;
             ^~~~~~~~~~
..\Jugador.c:507:6: warning: unused variable 'idPais' [-Wunused-variable]
  int idPais;
      ^~~~~~
gcc "-LC:\\Users\\Julian Rodriguez\\Desktop\\PROGRAMACION  1\\TP3-2022\\eclipse_tp3_v5\\tp3_windows" -o pruebaTp3.exe Controller.o Jugador.o Seleccion.o ingresos.o main.o parser.o -lLinkedList 
Info: Nothing to build for pruebaTp3
11:18:51 **** Incremental Build of configuration Debug for project pruebaTp3 ****
Info: Internal Builder is used for build
gcc -O0 -g3 -Wall -c -fmessage-length=0 -o Jugador.o "..\\Jugador.c" 
..\Jugador.c: In function 'jug_convocar':
..\Jugador.c:508:13: warning: unused variable 'pSeleccion' [-Wunused-variable]
  Seleccion* pSeleccion;
             ^~~~~~~~~~
..\Jugador.c:507:6: warning: unused variable 'idPais' [-Wunused-variable]
  int idPais;
      ^~~~~~
gcc "-LC:\\Users\\Julian Rodriguez\\Desktop\\PROGRAMACION  1\\TP3-2022\\eclipse_tp3_v5\\tp3_windows" -o pruebaTp3.exe Controller.o Jugador.o Seleccion.o ingresos.o main.o parser.o -lLinkedList 
Info: Nothing to build for pruebaTp3
11:19:09 **** Incremental Build of configuration Debug for project pruebaTp3 ****
Info: Internal Builder is used for build
gcc -O0 -g3 -Wall -c -fmessage-length=0 -o Jugador.o "..\\Jugador.c" 
..\Jugador.c: In function 'jug_convocar':
..\Jugador.c:508:13: warning: unused variable 'pSeleccion' [-Wunused-variable]
  Seleccion* pSeleccion;
             ^~~~~~~~~~
..\Jugador.c:507:6: warning: unused variable 'idPais' [-Wunused-variable]
  int idPais;
      ^~~~~~
gcc "-LC:\\Users\\Julian Rodriguez\\Desktop\\PROGRAMACION  1\\TP3-2022\\eclipse_tp3_v5\\tp3_windows" -o pruebaTp3.exe Controller.o Jugador.o Seleccion.o ingresos.o main.o parser.o -lLinkedList 
Info: Nothing to build for pruebaTp3
11:19:26 **** Incremental Build of configuration Debug for project pruebaTp3 ****
Info: Internal Builder is used for build
gcc -O0 -g3 -Wall -c -fmessage-length=0 -o Jugador.o "..\\Jugador.c" 
..\Jugador.c: In function 'jug_convocar':
..\Jugador.c:508:13: warning: unused variable 'pSeleccion' [-Wunused-variable]
  Seleccion* pSeleccion;
             ^~~~~~~~~~
..\Jugador.c:507:6: warning: unused variable 'idPais' [-Wunused-variable]
  int idPais;
      ^~~~~~
gcc "-LC:\\Users\\Julian Rodriguez\\Desktop\\PROGRAMACION  1\\TP3-2022\\eclipse_tp3_v5\\tp3_windows" -o pruebaTp3.exe Controller.o Jugador.o Seleccion.o ingresos.o main.o parser.o -lLinkedList 
Info: Nothing to build for pruebaTp3
11:19:45 **** Incremental Build of configuration Debug for project pruebaTp3 ****
Info: Internal Builder is used for build
gcc -O0 -g3 -Wall -c -fmessage-length=0 -o Jugador.o "..\\Jugador.c" 
..\Jugador.c: In function 'jug_convocar':
..\Jugador.c:508:13: warning: unused variable 'pSeleccion' [-Wunused-variable]
  Seleccion* pSeleccion;
             ^~~~~~~~~~
..\Jugador.c:507:6: warning: unused variable 'idPais' [-Wunused-variable]
  int idPais;
      ^~~~~~
gcc "-LC:\\Users\\Julian Rodriguez\\Desktop\\PROGRAMACION  1\\TP3-2022\\eclipse_tp3_v5\\tp3_windows" -o pruebaTp3.exe Controller.o Jugador.o Seleccion.o ingresos.o main.o parser.o -lLinkedList 
Info: Nothing to build for pruebaTp3
11:19:58 **** Incremental Build of configuration Debug for project pruebaTp3 ****
Info: Internal Builder is used for build
gcc -O0 -g3 -Wall -c -fmessage-length=0 -o Jugador.o "..\\Jugador.c" 
..\Jugador.c: In function 'jug_convocar':
..\Jugador.c:508:13: warning: unused variable 'pSeleccion' [-Wunused-variable]
  Seleccion* pSeleccion;
             ^~~~~~~~~~
..\Jugador.c:507:6: warning: unused variable 'idPais' [-Wunused-variable]
  int idPais;
      ^~~~~~
gcc "-LC:\\Users\\Julian Rodriguez\\Desktop\\PROGRAMACION  1\\TP3-2022\\eclipse_tp3_v5\\tp3_windows" -o pruebaTp3.exe Controller.o Jugador.o Seleccion.o ingresos.o main.o parser.o -lLinkedList 
Info: Nothing to build for pruebaTp3
11:20:40 **** Incremental Build of configuration Debug for project pruebaTp3 ****
Info: Internal Builder is used for build
gcc -O0 -g3 -Wall -c -fmessage-length=0 -o Jugador.o "..\\Jugador.c" 
..\Jugador.c: In function 'jug_convocar':
..\Jugador.c:509:13: warning: unused variable 'pSeleccion' [-Wunused-variable]
  Seleccion* pSeleccion;
             ^~~~~~~~~~
..\Jugador.c:508:6: warning: unused variable 'idPais' [-Wunused-variable]
  int idPais;
      ^~~~~~
gcc "-LC:\\Users\\Julian Rodriguez\\Desktop\\PROGRAMACION  1\\TP3-2022\\eclipse_tp3_v5\\tp3_windows" -o pruebaTp3.exe Controller.o Jugador.o Seleccion.o ingresos.o main.o parser.o -lLinkedList 
11:20:59 **** Incremental Build of configuration Debug for project pruebaTp3 ****
Info: Internal Builder is used for build
gcc -O0 -g3 -Wall -c -fmessage-length=0 -o Jugador.o "..\\Jugador.c" 
..\Jugador.c: In function 'jug_convocar':
..\Jugador.c:510:13: warning: unused variable 'pSeleccion' [-Wunused-variable]
  Seleccion* pSeleccion;
             ^~~~~~~~~~
..\Jugador.c:509:6: warning: unused variable 'idPais' [-Wunused-variable]
  int idPais;
      ^~~~~~
gcc "-LC:\\Users\\Julian Rodriguez\\Desktop\\PROGRAMACION  1\\TP3-2022\\eclipse_tp3_v5\\tp3_windows" -o pruebaTp3.exe Controller.o Jugador.o Seleccion.o ingresos.o main.o parser.o -lLinkedList 
Info: Nothing to build for pruebaTp3
11:21:11 **** Incremental Build of configuration Debug for project pruebaTp3 ****
Info: Internal Builder is used for build
gcc -O0 -g3 -Wall -c -fmessage-length=0 -o Jugador.o "..\\Jugador.c" 
..\Jugador.c: In function 'jug_convocar':
..\Jugador.c:511:13: warning: unused variable 'pSeleccion' [-Wunused-variable]
  Seleccion* pSeleccion;
             ^~~~~~~~~~
..\Jugador.c:510:6: warning: unused variable 'idPais' [-Wunused-variable]
  int idPais;
      ^~~~~~
gcc "-LC:\\Users\\Julian Rodriguez\\Desktop\\PROGRAMACION  1\\TP3-2022\\eclipse_tp3_v5\\tp3_windows" -o pruebaTp3.exe Controller.o Jugador.o Seleccion.o ingresos.o main.o parser.o -lLinkedList 
Info: Nothing to build for pruebaTp3
11:27:29 **** Incremental Build of configuration Debug for project pruebaTp3 ****
Info: Internal Builder is used for build
gcc -O0 -g3 -Wall -c -fmessage-length=0 -o Jugador.o "..\\Jugador.c" 
..\Jugador.c: In function 'jug_convocar':
..\Jugador.c:532:13: warning: unused variable 'pSeleccion' [-Wunused-variable]
  Seleccion* pSeleccion;
             ^~~~~~~~~~
..\Jugador.c:531:6: warning: unused variable 'idPais' [-Wunused-variable]
  int idPais;
      ^~~~~~
gcc "-LC:\\Users\\Julian Rodriguez\\Desktop\\PROGRAMACION  1\\TP3-2022\\eclipse_tp3_v5\\tp3_windows" -o pruebaTp3.exe Controller.o Jugador.o Seleccion.o ingresos.o main.o parser.o -lLinkedList 
Jugador.o: In function `jug_convocar':
C:\Users\Julian Rodriguez\Desktop\PROGRAMACION  1\TP3-2022\eclipse_tp3_v5\tp3_windows\Debug/../Jugador.c:540: undefined reference to `jug_ListarNoConvocados'
collect2.exe: error: ld returned 1 exit status
11:28:27 **** Incremental Build of configuration Debug for project pruebaTp3 ****
Info: Internal Builder is used for build
gcc -O0 -g3 -Wall -c -fmessage-length=0 -o parser.o "..\\parser.c" 
gcc -O0 -g3 -Wall -c -fmessage-length=0 -o Controller.o "..\\Controller.c" 
gcc -O0 -g3 -Wall -c -fmessage-length=0 -o main.o "..\\main.c" 
gcc -O0 -g3 -Wall -c -fmessage-length=0 -o Jugador.o "..\\Jugador.c" 
..\Jugador.c: In function 'jug_convocar':
..\Jugador.c:540:60: error: expected ';' before ')' token
    jug_Listar_Convocados_NoConvocados(pArrayListJugador, 2));
                                                            ^
..\Jugador.c:540:60: error: expected statement before ')' token
..\Jugador.c:532:13: warning: unused variable 'pSeleccion' [-Wunused-variable]
  Seleccion* pSeleccion;
             ^~~~~~~~~~
..\Jugador.c:531:6: warning: unused variable 'idPais' [-Wunused-variable]
  int idPais;
      ^~~~~~
11:28:28 **** Incremental Build of configuration Debug for project pruebaTp3 ****
Info: Internal Builder is used for build
gcc -O0 -g3 -Wall -c -fmessage-length=0 -o Jugador.o "..\\Jugador.c" 
..\Jugador.c: In function 'jug_convocar':
..\Jugador.c:540:60: error: expected ';' before ')' token
    jug_Listar_Convocados_NoConvocados(pArrayListJugador, 2));
                                                            ^
..\Jugador.c:540:60: error: expected statement before ')' token
..\Jugador.c:532:13: warning: unused variable 'pSeleccion' [-Wunused-variable]
  Seleccion* pSeleccion;
             ^~~~~~~~~~
..\Jugador.c:531:6: warning: unused variable 'idPais' [-Wunused-variable]
  int idPais;
      ^~~~~~
11:28:38 **** Incremental Build of configuration Debug for project pruebaTp3 ****
Info: Internal Builder is used for build
gcc -O0 -g3 -Wall -c -fmessage-length=0 -o Jugador.o "..\\Jugador.c" 
..\Jugador.c: In function 'jug_convocar':
..\Jugador.c:532:13: warning: unused variable 'pSeleccion' [-Wunused-variable]
  Seleccion* pSeleccion;
             ^~~~~~~~~~
..\Jugador.c:531:6: warning: unused variable 'idPais' [-Wunused-variable]
  int idPais;
      ^~~~~~
gcc "-LC:\\Users\\Julian Rodriguez\\Desktop\\PROGRAMACION  1\\TP3-2022\\eclipse_tp3_v5\\tp3_windows" -o pruebaTp3.exe Controller.o Jugador.o Seleccion.o ingresos.o main.o parser.o -lLinkedList 
Info: Nothing to build for pruebaTp3
11:29:01 **** Incremental Build of configuration Debug for project pruebaTp3 ****
Info: Internal Builder is used for build
gcc -O0 -g3 -Wall -c -fmessage-length=0 -o Jugador.o "..\\Jugador.c" 
..\Jugador.c: In function 'jug_convocar':
..\Jugador.c:532:13: warning: unused variable 'pSeleccion' [-Wunused-variable]
  Seleccion* pSeleccion;
             ^~~~~~~~~~
..\Jugador.c:531:6: warning: unused variable 'idPais' [-Wunused-variable]
  int idPais;
      ^~~~~~
gcc "-LC:\\Users\\Julian Rodriguez\\Desktop\\PROGRAMACION  1\\TP3-2022\\eclipse_tp3_v5\\tp3_windows" -o pruebaTp3.exe Controller.o Jugador.o Seleccion.o ingresos.o main.o parser.o -lLinkedList 
11:30:39 **** Incremental Build of configuration Debug for project pruebaTp3 ****
Info: Internal Builder is used for build
gcc -O0 -g3 -Wall -c -fmessage-length=0 -o Jugador.o "..\\Jugador.c" 
..\Jugador.c: In function 'jug_convocar':
..\Jugador.c:532:13: warning: unused variable 'pSeleccion' [-Wunused-variable]
  Seleccion* pSeleccion;
             ^~~~~~~~~~
..\Jugador.c:531:6: warning: unused variable 'idPais' [-Wunused-variable]
  int idPais;
      ^~~~~~
gcc "-LC:\\Users\\Julian Rodriguez\\Desktop\\PROGRAMACION  1\\TP3-2022\\eclipse_tp3_v5\\tp3_windows" -o pruebaTp3.exe Controller.o Jugador.o Seleccion.o ingresos.o main.o parser.o -lLinkedList 
Info: Nothing to build for pruebaTp3
Info: Nothing to build for pruebaTp3
11:36:31 **** Incremental Build of configuration Debug for project pruebaTp3 ****
Info: Internal Builder is used for build
gcc -O0 -g3 -Wall -c -fmessage-length=0 -o Jugador.o "..\\Jugador.c" 
..\Jugador.c: In function 'jug_convocar':
..\Jugador.c:545:12: error: incompatible types when assigning to type 'Jugador {aka struct <anonymous>}' from type 'void *'
    pJugador=ll_get(pArrayListJugador, indice);
            ^
..\Jugador.c:546:8: error: invalid type argument of unary '*' (have 'Jugador {aka struct <anonymous>}')
    if((*(pJugador)).idSeleccion==0)
        ^~~~~~~~~~~
..\Jugador.c:548:46: error: 'convocados' undeclared (first use in this function)
     selec_setConvocados(pArrayListSeleccion, convocados=*(convocados)+1);
                                              ^~~~~~~~~~
..\Jugador.c:548:46: note: each undeclared identifier is reported only once for each function it appears in
..\Jugador.c:548:25: warning: passing argument 1 of 'selec_setConvocados' from incompatible pointer type [-Wincompatible-pointer-types]
     selec_setConvocados(pArrayListSeleccion, convocados=*(convocados)+1);
                         ^~~~~~~~~~~~~~~~~~~
In file included from ..\Jugador.c:6:0:
..\Seleccion.h:28:5: note: expected 'Seleccion * {aka struct <anonymous> *}' but argument is of type 'LinkedList * {aka struct LinkedList *}'
 int selec_setConvocados(Seleccion* this,int convocados);
     ^~~~~~~~~~~~~~~~~~~
..\Jugador.c:531:6: warning: unused variable 'idPais' [-Wunused-variable]
  int idPais;
      ^~~~~~
11:37:05 **** Incremental Build of configuration Debug for project pruebaTp3 ****
Info: Internal Builder is used for build
gcc -O0 -g3 -Wall -c -fmessage-length=0 -o Jugador.o "..\\Jugador.c" 
..\Jugador.c: In function 'jug_convocar':
..\Jugador.c:545:12: error: incompatible types when assigning to type 'Jugador {aka struct <anonymous>}' from type 'void *'
    pJugador=ll_get(pArrayListJugador, indice);
            ^
..\Jugador.c:546:8: error: invalid type argument of unary '*' (have 'Jugador {aka struct <anonymous>}')
    if((*(pJugador)).idSeleccion==0)
        ^~~~~~~~~~~
..\Jugador.c:531:6: warning: unused variable 'idPais' [-Wunused-variable]
  int idPais;
      ^~~~~~
11:37:11 **** Incremental Build of configuration Debug for project pruebaTp3 ****
Info: Internal Builder is used for build
gcc -O0 -g3 -Wall -c -fmessage-length=0 -o Jugador.o "..\\Jugador.c" 
..\Jugador.c: In function 'jug_convocar':
..\Jugador.c:531:6: warning: unused variable 'idPais' [-Wunused-variable]
  int idPais;
      ^~~~~~
gcc "-LC:\\Users\\Julian Rodriguez\\Desktop\\PROGRAMACION  1\\TP3-2022\\eclipse_tp3_v5\\tp3_windows" -o pruebaTp3.exe Controller.o Jugador.o Seleccion.o ingresos.o main.o parser.o -lLinkedList 
11:37:15 **** Incremental Build of configuration Debug for project pruebaTp3 ****
Info: Internal Builder is used for build
gcc -O0 -g3 -Wall -c -fmessage-length=0 -o Jugador.o "..\\Jugador.c" 
..\Jugador.c: In function 'jug_convocar':
..\Jugador.c:548:46: error: 'convocados' undeclared (first use in this function)
     selec_setConvocados(pArrayListSeleccion, convocados=*(convocados)+1);
                                              ^~~~~~~~~~
..\Jugador.c:548:46: note: each undeclared identifier is reported only once for each function it appears in
..\Jugador.c:548:25: warning: passing argument 1 of 'selec_setConvocados' from incompatible pointer type [-Wincompatible-pointer-types]
     selec_setConvocados(pArrayListSeleccion, convocados=*(convocados)+1);
                         ^~~~~~~~~~~~~~~~~~~
In file included from ..\Jugador.c:6:0:
..\Seleccion.h:28:5: note: expected 'Seleccion * {aka struct <anonymous> *}' but argument is of type 'LinkedList * {aka struct LinkedList *}'
 int selec_setConvocados(Seleccion* this,int convocados);
     ^~~~~~~~~~~~~~~~~~~
..\Jugador.c:531:6: warning: unused variable 'idPais' [-Wunused-variable]
  int idPais;
      ^~~~~~
11:43:47 **** Incremental Build of configuration Debug for project pruebaTp3 ****
Info: Internal Builder is used for build
gcc -O0 -g3 -Wall -c -fmessage-length=0 -o Jugador.o "..\\Jugador.c" 
..\Jugador.c: In function 'jug_convocar':
..\Jugador.c:551:25: warning: passing argument 1 of 'selec_setConvocados' from incompatible pointer type [-Wincompatible-pointer-types]
     selec_setConvocados(pArrayListSeleccion, convocados);
                         ^~~~~~~~~~~~~~~~~~~
In file included from ..\Jugador.c:6:0:
..\Seleccion.h:28:5: note: expected 'Seleccion * {aka struct <anonymous> *}' but argument is of type 'LinkedList * {aka struct LinkedList *}'
 int selec_setConvocados(Seleccion* this,int convocados);
     ^~~~~~~~~~~~~~~~~~~
gcc "-LC:\\Users\\Julian Rodriguez\\Desktop\\PROGRAMACION  1\\TP3-2022\\eclipse_tp3_v5\\tp3_windows" -o pruebaTp3.exe Controller.o Jugador.o Seleccion.o ingresos.o main.o parser.o -lLinkedList 
11:44:17 **** Incremental Build of configuration Debug for project pruebaTp3 ****
Info: Internal Builder is used for build
gcc -O0 -g3 -Wall -c -fmessage-length=0 -o Jugador.o "..\\Jugador.c" 
gcc "-LC:\\Users\\Julian Rodriguez\\Desktop\\PROGRAMACION  1\\TP3-2022\\eclipse_tp3_v5\\tp3_windows" -o pruebaTp3.exe Controller.o Jugador.o Seleccion.o ingresos.o main.o parser.o -lLinkedList 
11:44:58 **** Incremental Build of configuration Debug for project pruebaTp3 ****
Info: Internal Builder is used for build
gcc -O0 -g3 -Wall -c -fmessage-length=0 -o Jugador.o "..\\Jugador.c" 
gcc "-LC:\\Users\\Julian Rodriguez\\Desktop\\PROGRAMACION  1\\TP3-2022\\eclipse_tp3_v5\\tp3_windows" -o pruebaTp3.exe Controller.o Jugador.o Seleccion.o ingresos.o main.o parser.o -lLinkedList 
11:46:02 **** Incremental Build of configuration Debug for project pruebaTp3 ****
Info: Internal Builder is used for build
gcc -O0 -g3 -Wall -c -fmessage-length=0 -o Jugador.o "..\\Jugador.c" 
gcc "-LC:\\Users\\Julian Rodriguez\\Desktop\\PROGRAMACION  1\\TP3-2022\\eclipse_tp3_v5\\tp3_windows" -o pruebaTp3.exe Controller.o Jugador.o Seleccion.o ingresos.o main.o parser.o -lLinkedList 
11:46:57 **** Incremental Build of configuration Debug for project pruebaTp3 ****
Info: Internal Builder is used for build
gcc -O0 -g3 -Wall -c -fmessage-length=0 -o Jugador.o "..\\Jugador.c" 
gcc "-LC:\\Users\\Julian Rodriguez\\Desktop\\PROGRAMACION  1\\TP3-2022\\eclipse_tp3_v5\\tp3_windows" -o pruebaTp3.exe Controller.o Jugador.o Seleccion.o ingresos.o main.o parser.o -lLinkedList 
11:50:45 **** Incremental Build of configuration Debug for project pruebaTp3 ****
Info: Internal Builder is used for build
gcc -O0 -g3 -Wall -c -fmessage-length=0 -o Jugador.o "..\\Jugador.c" 
gcc "-LC:\\Users\\Julian Rodriguez\\Desktop\\PROGRAMACION  1\\TP3-2022\\eclipse_tp3_v5\\tp3_windows" -o pruebaTp3.exe Controller.o Jugador.o Seleccion.o ingresos.o main.o parser.o -lLinkedList 
Info: Nothing to build for pruebaTp3
12:13:03 **** Incremental Build of configuration Debug for project pruebaTp3 ****
Info: Internal Builder is used for build
gcc -O0 -g3 -Wall -c -fmessage-length=0 -o Jugador.o "..\\Jugador.c" 
..\Jugador.c: In function 'selec_AsignarDescripcionPais':
..\Jugador.c:219:14: error: incompatible types when assigning to type 'Seleccion {aka struct <anonymous>}' from type 'void *'
    pSeleccion=ll_get(pArrayListSeleccion, i);
              ^
..\Jugador.c:220:8: error: invalid type argument of unary '*' (have 'Seleccion {aka struct <anonymous>}')
    if((*(pSeleccion)).id==(*(pJugador)).idSeleccion)
        ^~~~~~~~~~~~~
..\Jugador.c:223:22: error: invalid type argument of unary '*' (have 'Seleccion {aka struct <anonymous>}')
     descripcionPais=(*(pSeleccion)).pais;
                      ^~~~~~~~~~~~~
..\Jugador.c: In function 'jug_convocar':
..\Jugador.c:574:4: error: too few arguments to function 'jug_Listar_Convocados_NoConvocados'
    jug_Listar_Convocados_NoConvocados(pArrayListJugador, 2);
    ^~~~~~~~~~~~~~~~~~~~~~~~~~~~~~~~~~
..\Jugador.c:230:5: note: declared here
 int jug_Listar_Convocados_NoConvocados(LinkedList* pArrayListJugador, int referencia, LinkedList* pArrayListSeleccion)
     ^~~~~~~~~~~~~~~~~~~~~~~~~~~~~~~~~~
..\Jugador.c:590:4: error: expected ';' before '}' token
    }
    ^
..\Jugador.c: In function 'operara_Menu_Opcion5':
..\Jugador.c:655:7: error: too few arguments to function 'jug_Listar_Convocados_NoConvocados'
       jug_Listar_Convocados_NoConvocados(pArrayListJugador, 1);
       ^~~~~~~~~~~~~~~~~~~~~~~~~~~~~~~~~~
..\Jugador.c:230:5: note: declared here
 int jug_Listar_Convocados_NoConvocados(LinkedList* pArrayListJugador, int referencia, LinkedList* pArrayListSeleccion)
     ^~~~~~~~~~~~~~~~~~~~~~~~~~~~~~~~~~
12:13:07 **** Incremental Build of configuration Debug for project pruebaTp3 ****
Info: Internal Builder is used for build
gcc -O0 -g3 -Wall -c -fmessage-length=0 -o Jugador.o "..\\Jugador.c" 
..\Jugador.c: In function 'selec_AsignarDescripcionPais':
..\Jugador.c:219:14: error: incompatible types when assigning to type 'Seleccion {aka struct <anonymous>}' from type 'void *'
    pSeleccion=ll_get(pArrayListSeleccion, i);
              ^
..\Jugador.c:220:8: error: invalid type argument of unary '*' (have 'Seleccion {aka struct <anonymous>}')
    if((*(pSeleccion)).id==(*(pJugador)).idSeleccion)
        ^~~~~~~~~~~~~
..\Jugador.c:223:22: error: invalid type argument of unary '*' (have 'Seleccion {aka struct <anonymous>}')
     descripcionPais=(*(pSeleccion)).pais;
                      ^~~~~~~~~~~~~
..\Jugador.c: In function 'jug_convocar':
..\Jugador.c:574:4: error: too few arguments to function 'jug_Listar_Convocados_NoConvocados'
    jug_Listar_Convocados_NoConvocados(pArrayListJugador, 2);
    ^~~~~~~~~~~~~~~~~~~~~~~~~~~~~~~~~~
..\Jugador.c:230:5: note: declared here
 int jug_Listar_Convocados_NoConvocados(LinkedList* pArrayListJugador, int referencia, LinkedList* pArrayListSeleccion)
     ^~~~~~~~~~~~~~~~~~~~~~~~~~~~~~~~~~
..\Jugador.c:590:4: error: expected ';' before '}' token
    }
    ^
..\Jugador.c: In function 'operara_Menu_Opcion5':
..\Jugador.c:655:7: error: too few arguments to function 'jug_Listar_Convocados_NoConvocados'
       jug_Listar_Convocados_NoConvocados(pArrayListJugador, 1);
       ^~~~~~~~~~~~~~~~~~~~~~~~~~~~~~~~~~
..\Jugador.c:230:5: note: declared here
 int jug_Listar_Convocados_NoConvocados(LinkedList* pArrayListJugador, int referencia, LinkedList* pArrayListSeleccion)
     ^~~~~~~~~~~~~~~~~~~~~~~~~~~~~~~~~~
12:13:23 **** Incremental Build of configuration Debug for project pruebaTp3 ****
Info: Internal Builder is used for build
gcc -O0 -g3 -Wall -c -fmessage-length=0 -o Jugador.o "..\\Jugador.c" 
..\Jugador.c: In function 'jug_convocar':
..\Jugador.c:574:4: error: too few arguments to function 'jug_Listar_Convocados_NoConvocados'
    jug_Listar_Convocados_NoConvocados(pArrayListJugador, 2);
    ^~~~~~~~~~~~~~~~~~~~~~~~~~~~~~~~~~
..\Jugador.c:230:5: note: declared here
 int jug_Listar_Convocados_NoConvocados(LinkedList* pArrayListJugador, int referencia, LinkedList* pArrayListSeleccion)
     ^~~~~~~~~~~~~~~~~~~~~~~~~~~~~~~~~~
..\Jugador.c:590:4: error: expected ';' before '}' token
    }
    ^
..\Jugador.c: In function 'operara_Menu_Opcion5':
..\Jugador.c:655:7: error: too few arguments to function 'jug_Listar_Convocados_NoConvocados'
       jug_Listar_Convocados_NoConvocados(pArrayListJugador, 1);
       ^~~~~~~~~~~~~~~~~~~~~~~~~~~~~~~~~~
..\Jugador.c:230:5: note: declared here
 int jug_Listar_Convocados_NoConvocados(LinkedList* pArrayListJugador, int referencia, LinkedList* pArrayListSeleccion)
     ^~~~~~~~~~~~~~~~~~~~~~~~~~~~~~~~~~
12:13:41 **** Incremental Build of configuration Debug for project pruebaTp3 ****
Info: Internal Builder is used for build
gcc -O0 -g3 -Wall -c -fmessage-length=0 -o Jugador.o "..\\Jugador.c" 
..\Jugador.c: In function 'jug_convocar':
..\Jugador.c:574:4: error: too few arguments to function 'jug_Listar_Convocados_NoConvocados'
    jug_Listar_Convocados_NoConvocados(pArrayListJugador, 2);
    ^~~~~~~~~~~~~~~~~~~~~~~~~~~~~~~~~~
..\Jugador.c:230:5: note: declared here
 int jug_Listar_Convocados_NoConvocados(LinkedList* pArrayListJugador, int referencia, LinkedList* pArrayListSeleccion)
     ^~~~~~~~~~~~~~~~~~~~~~~~~~~~~~~~~~
..\Jugador.c:590:4: error: expected ';' before '}' token
    }
    ^
12:13:49 **** Incremental Build of configuration Debug for project pruebaTp3 ****
Info: Internal Builder is used for build
gcc -O0 -g3 -Wall -c -fmessage-length=0 -o Jugador.o "..\\Jugador.c" 
..\Jugador.c: In function 'jug_convocar':
..\Jugador.c:574:4: error: too few arguments to function 'jug_Listar_Convocados_NoConvocados'
    jug_Listar_Convocados_NoConvocados(pArrayListJugador, 2);
    ^~~~~~~~~~~~~~~~~~~~~~~~~~~~~~~~~~
..\Jugador.c:230:5: note: declared here
 int jug_Listar_Convocados_NoConvocados(LinkedList* pArrayListJugador, int referencia, LinkedList* pArrayListSeleccion)
     ^~~~~~~~~~~~~~~~~~~~~~~~~~~~~~~~~~
12:14:17 **** Incremental Build of configuration Debug for project pruebaTp3 ****
Info: Internal Builder is used for build
gcc -O0 -g3 -Wall -c -fmessage-length=0 -o Jugador.o "..\\Jugador.c" 
gcc -O0 -g3 -Wall -c -fmessage-length=0 -o main.o "..\\main.c" 
gcc "-LC:\\Users\\Julian Rodriguez\\Desktop\\PROGRAMACION  1\\TP3-2022\\eclipse_tp3_v5\\tp3_windows" -o pruebaTp3.exe Controller.o Jugador.o Seleccion.o ingresos.o main.o parser.o -lLinkedList 
Info: Nothing to build for pruebaTp3
12:14:39 **** Incremental Build of configuration Debug for project pruebaTp3 ****
Info: Internal Builder is used for build
gcc -O0 -g3 -Wall -c -fmessage-length=0 -o Jugador.o "..\\Jugador.c" 
..\Jugador.c: In function 'operara_Menu_Opcion5':
..\Jugador.c:664:7: error: too few arguments to function 'jug_Listar_Convocados_NoConvocados'
       jug_Listar_Convocados_NoConvocados(pArrayListJugador, 1);
       ^~~~~~~~~~~~~~~~~~~~~~~~~~~~~~~~~~
..\Jugador.c:230:5: note: declared here
 int jug_Listar_Convocados_NoConvocados(LinkedList* pArrayListJugador, int referencia, LinkedList* pArrayListSeleccion)
     ^~~~~~~~~~~~~~~~~~~~~~~~~~~~~~~~~~
12:15:17 **** Incremental Build of configuration Debug for project pruebaTp3 ****
Info: Internal Builder is used for build
gcc -O0 -g3 -Wall -c -fmessage-length=0 -o Jugador.o "..\\Jugador.c" 
gcc "-LC:\\Users\\Julian Rodriguez\\Desktop\\PROGRAMACION  1\\TP3-2022\\eclipse_tp3_v5\\tp3_windows" -o pruebaTp3.exe Controller.o Jugador.o Seleccion.o ingresos.o main.o parser.o -lLinkedList 
Info: Nothing to build for pruebaTp3
12:22:14 **** Incremental Build of configuration Debug for project pruebaTp3 ****
Info: Internal Builder is used for build
gcc -O0 -g3 -Wall -c -fmessage-length=0 -o Jugador.o "..\\Jugador.c" 
..\Jugador.c: In function 'jug_Listar_Convocados':
..\Jugador.c:264:13: warning: unused variable 'pSeleccion' [-Wunused-variable]
  Seleccion* pSeleccion;
             ^~~~~~~~~~
..\Jugador.c: In function 'operara_Menu_Opcion5':
..\Jugador.c:690:7: warning: implicit declaration of function 'jug_Listar_Convocados_NoConvocados' [-Wimplicit-function-declaration]
       jug_Listar_Convocados_NoConvocados(pArrayListJugador, 1, pArrayListSeleccion);
       ^~~~~~~~~~~~~~~~~~~~~~~~~~~~~~~~~~
gcc "-LC:\\Users\\Julian Rodriguez\\Desktop\\PROGRAMACION  1\\TP3-2022\\eclipse_tp3_v5\\tp3_windows" -o pruebaTp3.exe Controller.o Jugador.o Seleccion.o ingresos.o main.o parser.o -lLinkedList 
Jugador.o: In function `operara_Menu_Opcion5':
C:\Users\Julian Rodriguez\Desktop\PROGRAMACION  1\TP3-2022\eclipse_tp3_v5\tp3_windows\Debug/../Jugador.c:690: undefined reference to `jug_Listar_Convocados_NoConvocados'
collect2.exe: error: ld returned 1 exit status
12:22:40 **** Incremental Build of configuration Debug for project pruebaTp3 ****
Info: Internal Builder is used for build
gcc -O0 -g3 -Wall -c -fmessage-length=0 -o Jugador.o "..\\Jugador.c" 
..\Jugador.c: In function 'jug_Listar_Convocados':
..\Jugador.c:264:13: warning: unused variable 'pSeleccion' [-Wunused-variable]
  Seleccion* pSeleccion;
             ^~~~~~~~~~
gcc "-LC:\\Users\\Julian Rodriguez\\Desktop\\PROGRAMACION  1\\TP3-2022\\eclipse_tp3_v5\\tp3_windows" -o pruebaTp3.exe Controller.o Jugador.o Seleccion.o ingresos.o main.o parser.o -lLinkedList 
Info: Nothing to build for pruebaTp3
12:24:57 **** Incremental Build of configuration Debug for project pruebaTp3 ****
Info: Internal Builder is used for build
gcc -O0 -g3 -Wall -c -fmessage-length=0 -o Jugador.o "..\\Jugador.c" 
..\Jugador.c: In function 'jug_Listar_Convocados':
..\Jugador.c:264:13: warning: unused variable 'pSeleccion' [-Wunused-variable]
  Seleccion* pSeleccion;
             ^~~~~~~~~~
gcc "-LC:\\Users\\Julian Rodriguez\\Desktop\\PROGRAMACION  1\\TP3-2022\\eclipse_tp3_v5\\tp3_windows" -o pruebaTp3.exe Controller.o Jugador.o Seleccion.o ingresos.o main.o parser.o -lLinkedList 
Info: Nothing to build for pruebaTp3
12:26:34 **** Incremental Build of configuration Debug for project pruebaTp3 ****
Info: Internal Builder is used for build
gcc -O0 -g3 -Wall -c -fmessage-length=0 -o Jugador.o "..\\Jugador.c" 
..\Jugador.c: In function 'jug_Listar_Convocados':
..\Jugador.c:264:13: warning: unused variable 'pSeleccion' [-Wunused-variable]
  Seleccion* pSeleccion;
             ^~~~~~~~~~
gcc "-LC:\\Users\\Julian Rodriguez\\Desktop\\PROGRAMACION  1\\TP3-2022\\eclipse_tp3_v5\\tp3_windows" -o pruebaTp3.exe Controller.o Jugador.o Seleccion.o ingresos.o main.o parser.o -lLinkedList 
Info: Nothing to build for pruebaTp3
12:28:46 **** Incremental Build of configuration Debug for project pruebaTp3 ****
Info: Internal Builder is used for build
gcc -O0 -g3 -Wall -c -fmessage-length=0 -o Jugador.o "..\\Jugador.c" 
..\Jugador.c: In function 'jug_Listar_Convocados':
..\Jugador.c:264:13: warning: unused variable 'pSeleccion' [-Wunused-variable]
  Seleccion* pSeleccion;
             ^~~~~~~~~~
gcc "-LC:\\Users\\Julian Rodriguez\\Desktop\\PROGRAMACION  1\\TP3-2022\\eclipse_tp3_v5\\tp3_windows" -o pruebaTp3.exe Controller.o Jugador.o Seleccion.o ingresos.o main.o parser.o -lLinkedList 
Info: Nothing to build for pruebaTp3
12:29:58 **** Incremental Build of configuration Debug for project pruebaTp3 ****
Info: Internal Builder is used for build
gcc -O0 -g3 -Wall -c -fmessage-length=0 -o Jugador.o "..\\Jugador.c" 
..\Jugador.c: In function 'jug_Listar_Convocados':
..\Jugador.c:264:13: warning: unused variable 'pSeleccion' [-Wunused-variable]
  Seleccion* pSeleccion;
             ^~~~~~~~~~
gcc "-LC:\\Users\\Julian Rodriguez\\Desktop\\PROGRAMACION  1\\TP3-2022\\eclipse_tp3_v5\\tp3_windows" -o pruebaTp3.exe Controller.o Jugador.o Seleccion.o ingresos.o main.o parser.o -lLinkedList 
Info: Nothing to build for pruebaTp3
12:31:00 **** Incremental Build of configuration Debug for project pruebaTp3 ****
Info: Internal Builder is used for build
gcc -O0 -g3 -Wall -c -fmessage-length=0 -o Jugador.o "..\\Jugador.c" 
..\Jugador.c: In function 'selec_AsignarDescripcionPais':
..\Jugador.c:224:8: error: assignment to expression with array type
     aux=(*(pSeleccion)).pais;
        ^
..\Jugador.c: In function 'jug_Listar_Convocados':
..\Jugador.c:266:13: warning: unused variable 'pSeleccion' [-Wunused-variable]
  Seleccion* pSeleccion;
             ^~~~~~~~~~
12:31:57 **** Incremental Build of configuration Debug for project pruebaTp3 ****
Info: Internal Builder is used for build
gcc -O0 -g3 -Wall -c -fmessage-length=0 -o Jugador.o "..\\Jugador.c" 
..\Jugador.c: In function 'jug_Listar_Convocados':
..\Jugador.c:265:13: warning: unused variable 'pSeleccion' [-Wunused-variable]
  Seleccion* pSeleccion;
             ^~~~~~~~~~
gcc "-LC:\\Users\\Julian Rodriguez\\Desktop\\PROGRAMACION  1\\TP3-2022\\eclipse_tp3_v5\\tp3_windows" -o pruebaTp3.exe Controller.o Jugador.o Seleccion.o ingresos.o main.o parser.o -lLinkedList 
Info: Nothing to build for pruebaTp3
12:41:23 **** Incremental Build of configuration Debug for project pruebaTp3 ****
Info: Internal Builder is used for build
gcc -O0 -g3 -Wall -c -fmessage-length=0 -o Jugador.o "..\\Jugador.c" 
..\Jugador.c: In function 'jug_Listar_Convocados':
..\Jugador.c:263:13: warning: unused variable 'pSeleccion' [-Wunused-variable]
  Seleccion* pSeleccion;
             ^~~~~~~~~~
..\Jugador.c:287:6: warning: 'id' may be used uninitialized in this function [-Wmaybe-uninitialized]
      printf("|  %*d|%*s| %*d|%*s|%*s|    %*d|%*s\n",
      ^~~~~~~~~~~~~~~~~~~~~~~~~~~~~~~~~~~~~~~~~~~~~~~
        -4,id,-40,(*(pJugador)).nombreCompleto,-3,(*(pJugador)).edad,-25,(*(pJugador)).posicion,
        ~~~~~~~~~~~~~~~~~~~~~~~~~~~~~~~~~~~~~~~~~~~~~~~~~~~~~~~~~~~~~~~~~~~~~~~~~~~~~~~~~~~~~~~~
        -18,(*(pJugador)).nacionalidad,-5,(*(pJugador)).idSeleccion,-15,descripcionPais);
        ~~~~~~~~~~~~~~~~~~~~~~~~~~~~~~~~~~~~~~~~~~~~~~~~~~~~~~~~~~~~~~~~~~~~~~~~~~~~~~~~
gcc "-LC:\\Users\\Julian Rodriguez\\Desktop\\PROGRAMACION  1\\TP3-2022\\eclipse_tp3_v5\\tp3_windows" -o pruebaTp3.exe Controller.o Jugador.o Seleccion.o ingresos.o main.o parser.o -lLinkedList 
12:41:59 **** Incremental Build of configuration Debug for project pruebaTp3 ****
Info: Internal Builder is used for build
gcc -O0 -g3 -Wall -c -fmessage-length=0 -o Jugador.o "..\\Jugador.c" 
..\Jugador.c: In function 'jug_Listar_Convocados':
..\Jugador.c:287:6: warning: 'id' may be used uninitialized in this function [-Wmaybe-uninitialized]
      printf("|  %*d|%*s| %*d|%*s|%*s|    %*d|%*s\n",
      ^~~~~~~~~~~~~~~~~~~~~~~~~~~~~~~~~~~~~~~~~~~~~~~
        -4,id,-40,(*(pJugador)).nombreCompleto,-3,(*(pJugador)).edad,-25,(*(pJugador)).posicion,
        ~~~~~~~~~~~~~~~~~~~~~~~~~~~~~~~~~~~~~~~~~~~~~~~~~~~~~~~~~~~~~~~~~~~~~~~~~~~~~~~~~~~~~~~~
        -18,(*(pJugador)).nacionalidad,-5,(*(pJugador)).idSeleccion,-15,descripcionPais);
        ~~~~~~~~~~~~~~~~~~~~~~~~~~~~~~~~~~~~~~~~~~~~~~~~~~~~~~~~~~~~~~~~~~~~~~~~~~~~~~~~
gcc "-LC:\\Users\\Julian Rodriguez\\Desktop\\PROGRAMACION  1\\TP3-2022\\eclipse_tp3_v5\\tp3_windows" -o pruebaTp3.exe Controller.o Jugador.o Seleccion.o ingresos.o main.o parser.o -lLinkedList 
12:42:38 **** Incremental Build of configuration Debug for project pruebaTp3 ****
Info: Internal Builder is used for build
gcc -O0 -g3 -Wall -c -fmessage-length=0 -o Jugador.o "..\\Jugador.c" 
..\Jugador.c: In function 'jug_Listar_Convocados':
..\Jugador.c:269:6: warning: unused variable 'id' [-Wunused-variable]
  int id;
      ^~
gcc "-LC:\\Users\\Julian Rodriguez\\Desktop\\PROGRAMACION  1\\TP3-2022\\eclipse_tp3_v5\\tp3_windows" -o pruebaTp3.exe Controller.o Jugador.o Seleccion.o ingresos.o main.o parser.o -lLinkedList 
12:42:48 **** Incremental Build of configuration Debug for project pruebaTp3 ****
Info: Internal Builder is used for build
gcc -O0 -g3 -Wall -c -fmessage-length=0 -o Jugador.o "..\\Jugador.c" 
gcc "-LC:\\Users\\Julian Rodriguez\\Desktop\\PROGRAMACION  1\\TP3-2022\\eclipse_tp3_v5\\tp3_windows" -o pruebaTp3.exe Controller.o Jugador.o Seleccion.o ingresos.o main.o parser.o -lLinkedList 
Info: Nothing to build for pruebaTp3
12:44:37 **** Incremental Build of configuration Debug for project pruebaTp3 ****
Info: Internal Builder is used for build
gcc -O0 -g3 -Wall -c -fmessage-length=0 -o Jugador.o "..\\Jugador.c" 
gcc "-LC:\\Users\\Julian Rodriguez\\Desktop\\PROGRAMACION  1\\TP3-2022\\eclipse_tp3_v5\\tp3_windows" -o pruebaTp3.exe Controller.o Jugador.o Seleccion.o ingresos.o main.o parser.o -lLinkedList 
12:44:49 **** Incremental Build of configuration Debug for project pruebaTp3 ****
Info: Internal Builder is used for build
gcc -O0 -g3 -Wall -c -fmessage-length=0 -o Jugador.o "..\\Jugador.c" 
gcc "-LC:\\Users\\Julian Rodriguez\\Desktop\\PROGRAMACION  1\\TP3-2022\\eclipse_tp3_v5\\tp3_windows" -o pruebaTp3.exe Controller.o Jugador.o Seleccion.o ingresos.o main.o parser.o -lLinkedList 
12:46:08 **** Incremental Build of configuration Debug for project pruebaTp3 ****
Info: Internal Builder is used for build
gcc -O0 -g3 -Wall -c -fmessage-length=0 -o Jugador.o "..\\Jugador.c" 
gcc "-LC:\\Users\\Julian Rodriguez\\Desktop\\PROGRAMACION  1\\TP3-2022\\eclipse_tp3_v5\\tp3_windows" -o pruebaTp3.exe Controller.o Jugador.o Seleccion.o ingresos.o main.o parser.o -lLinkedList 
Info: Nothing to build for pruebaTp3
12:52:23 **** Incremental Build of configuration Debug for project pruebaTp3 ****
Info: Internal Builder is used for build
gcc -O0 -g3 -Wall -c -fmessage-length=0 -o Jugador.o "..\\Jugador.c" 
..\Jugador.c: In function 'jug_Listar_Convocados':
..\Jugador.c:293:21: warning: format '%d' expects a matching 'int' argument [-Wformat=]
   printf("CANTIDAD %d");
                     ^
..\Jugador.c:265:7: warning: unused variable 'descripcionPais' [-Wunused-variable]
  char descripcionPais[30];
       ^~~~~~~~~~~~~~~
gcc "-LC:\\Users\\Julian Rodriguez\\Desktop\\PROGRAMACION  1\\TP3-2022\\eclipse_tp3_v5\\tp3_windows" -o pruebaTp3.exe Controller.o Jugador.o Seleccion.o ingresos.o main.o parser.o -lLinkedList 
Info: Nothing to build for pruebaTp3
12:53:05 **** Incremental Build of configuration Debug for project pruebaTp3 ****
Info: Internal Builder is used for build
gcc -O0 -g3 -Wall -c -fmessage-length=0 -o Jugador.o "..\\Jugador.c" 
..\Jugador.c: In function 'jug_Listar_Convocados':
..\Jugador.c:293:21: warning: format '%d' expects a matching 'int' argument [-Wformat=]
   printf("CANTIDAD %d");
                     ^
..\Jugador.c:265:7: warning: unused variable 'descripcionPais' [-Wunused-variable]
  char descripcionPais[30];
       ^~~~~~~~~~~~~~~
gcc "-LC:\\Users\\Julian Rodriguez\\Desktop\\PROGRAMACION  1\\TP3-2022\\eclipse_tp3_v5\\tp3_windows" -o pruebaTp3.exe Controller.o Jugador.o Seleccion.o ingresos.o main.o parser.o -lLinkedList 
12:53:32 **** Incremental Build of configuration Debug for project pruebaTp3 ****
Info: Internal Builder is used for build
gcc -O0 -g3 -Wall -c -fmessage-length=0 -o Jugador.o "..\\Jugador.c" 
..\Jugador.c: In function 'jug_Listar_Convocados':
..\Jugador.c:265:7: warning: unused variable 'descripcionPais' [-Wunused-variable]
  char descripcionPais[30];
       ^~~~~~~~~~~~~~~
gcc "-LC:\\Users\\Julian Rodriguez\\Desktop\\PROGRAMACION  1\\TP3-2022\\eclipse_tp3_v5\\tp3_windows" -o pruebaTp3.exe Controller.o Jugador.o Seleccion.o ingresos.o main.o parser.o -lLinkedList 
Info: Nothing to build for pruebaTp3
Info: Nothing to build for pruebaTp3
12:54:27 **** Incremental Build of configuration Debug for project pruebaTp3 ****
Info: Internal Builder is used for build
gcc -O0 -g3 -Wall -c -fmessage-length=0 -o Jugador.o "..\\Jugador.c" 
..\Jugador.c: In function 'jug_Listar_Convocados':
..\Jugador.c:265:7: warning: unused variable 'descripcionPais' [-Wunused-variable]
  char descripcionPais[30];
       ^~~~~~~~~~~~~~~
gcc "-LC:\\Users\\Julian Rodriguez\\Desktop\\PROGRAMACION  1\\TP3-2022\\eclipse_tp3_v5\\tp3_windows" -o pruebaTp3.exe Controller.o Jugador.o Seleccion.o ingresos.o main.o parser.o -lLinkedList 
Info: Nothing to build for pruebaTp3
Info: Nothing to build for pruebaTp3
Info: Nothing to build for pruebaTp3
12:56:04 **** Incremental Build of configuration Debug for project pruebaTp3 ****
Info: Internal Builder is used for build
gcc -O0 -g3 -Wall -c -fmessage-length=0 -o Jugador.o "..\\Jugador.c" 
..\Jugador.c: In function 'jug_Listar_Convocados':
..\Jugador.c:265:7: warning: unused variable 'descripcionPais' [-Wunused-variable]
  char descripcionPais[30];
       ^~~~~~~~~~~~~~~
gcc "-LC:\\Users\\Julian Rodriguez\\Desktop\\PROGRAMACION  1\\TP3-2022\\eclipse_tp3_v5\\tp3_windows" -o pruebaTp3.exe Controller.o Jugador.o Seleccion.o ingresos.o main.o parser.o -lLinkedList 
Info: Nothing to build for pruebaTp3
Info: Nothing to build for pruebaTp3
12:56:45 **** Incremental Build of configuration Debug for project pruebaTp3 ****
Info: Internal Builder is used for build
gcc -O0 -g3 -Wall -c -fmessage-length=0 -o Jugador.o "..\\Jugador.c" 
..\Jugador.c: In function 'jug_Listar_Convocados':
..\Jugador.c:265:7: warning: unused variable 'descripcionPais' [-Wunused-variable]
  char descripcionPais[30];
       ^~~~~~~~~~~~~~~
gcc "-LC:\\Users\\Julian Rodriguez\\Desktop\\PROGRAMACION  1\\TP3-2022\\eclipse_tp3_v5\\tp3_windows" -o pruebaTp3.exe Controller.o Jugador.o Seleccion.o ingresos.o main.o parser.o -lLinkedList 
Info: Nothing to build for pruebaTp3
12:57:29 **** Incremental Build of configuration Debug for project pruebaTp3 ****
Info: Internal Builder is used for build
gcc -O0 -g3 -Wall -c -fmessage-length=0 -o Jugador.o "..\\Jugador.c" 
..\Jugador.c: In function 'jug_Listar_Convocados':
..\Jugador.c:265:7: warning: unused variable 'descripcionPais' [-Wunused-variable]
  char descripcionPais[30];
       ^~~~~~~~~~~~~~~
gcc "-LC:\\Users\\Julian Rodriguez\\Desktop\\PROGRAMACION  1\\TP3-2022\\eclipse_tp3_v5\\tp3_windows" -o pruebaTp3.exe Controller.o Jugador.o Seleccion.o ingresos.o main.o parser.o -lLinkedList 
12:57:57 **** Incremental Build of configuration Debug for project pruebaTp3 ****
Info: Internal Builder is used for build
gcc -O0 -g3 -Wall -c -fmessage-length=0 -o Jugador.o "..\\Jugador.c" 
..\Jugador.c: In function 'jug_Listar_Convocados':
..\Jugador.c:265:7: warning: unused variable 'descripcionPais' [-Wunused-variable]
  char descripcionPais[30];
       ^~~~~~~~~~~~~~~
gcc "-LC:\\Users\\Julian Rodriguez\\Desktop\\PROGRAMACION  1\\TP3-2022\\eclipse_tp3_v5\\tp3_windows" -o pruebaTp3.exe Controller.o Jugador.o Seleccion.o ingresos.o main.o parser.o -lLinkedList 
Info: Nothing to build for pruebaTp3
12:58:21 **** Incremental Build of configuration Debug for project pruebaTp3 ****
Info: Internal Builder is used for build
gcc -O0 -g3 -Wall -c -fmessage-length=0 -o Jugador.o "..\\Jugador.c" 
gcc "-LC:\\Users\\Julian Rodriguez\\Desktop\\PROGRAMACION  1\\TP3-2022\\eclipse_tp3_v5\\tp3_windows" -o pruebaTp3.exe Controller.o Jugador.o Seleccion.o ingresos.o main.o parser.o -lLinkedList 
Info: Nothing to build for pruebaTp3
12:59:10 **** Incremental Build of configuration Debug for project pruebaTp3 ****
Info: Internal Builder is used for build
gcc -O0 -g3 -Wall -c -fmessage-length=0 -o Jugador.o "..\\Jugador.c" 
..\Jugador.c: In function 'jug_Listar_Convocados':
..\Jugador.c:287:14: error: expected expression before ';' token
      retorno=;
              ^
12:59:17 **** Incremental Build of configuration Debug for project pruebaTp3 ****
Info: Internal Builder is used for build
gcc -O0 -g3 -Wall -c -fmessage-length=0 -o Jugador.o "..\\Jugador.c" 
gcc "-LC:\\Users\\Julian Rodriguez\\Desktop\\PROGRAMACION  1\\TP3-2022\\eclipse_tp3_v5\\tp3_windows" -o pruebaTp3.exe Controller.o Jugador.o Seleccion.o ingresos.o main.o parser.o -lLinkedList 
Info: Nothing to build for pruebaTp3
13:00:16 **** Incremental Build of configuration Debug for project pruebaTp3 ****
Info: Internal Builder is used for build
gcc -O0 -g3 -Wall -c -fmessage-length=0 -o Jugador.o "..\\Jugador.c" 
gcc "-LC:\\Users\\Julian Rodriguez\\Desktop\\PROGRAMACION  1\\TP3-2022\\eclipse_tp3_v5\\tp3_windows" -o pruebaTp3.exe Controller.o Jugador.o Seleccion.o ingresos.o main.o parser.o -lLinkedList 
Info: Nothing to build for pruebaTp3
13:01:21 **** Incremental Build of configuration Debug for project pruebaTp3 ****
Info: Internal Builder is used for build
gcc -O0 -g3 -Wall -c -fmessage-length=0 -o Jugador.o "..\\Jugador.c" 
gcc "-LC:\\Users\\Julian Rodriguez\\Desktop\\PROGRAMACION  1\\TP3-2022\\eclipse_tp3_v5\\tp3_windows" -o pruebaTp3.exe Controller.o Jugador.o Seleccion.o ingresos.o main.o parser.o -lLinkedList 
13:02:31 **** Incremental Build of configuration Debug for project pruebaTp3 ****
Info: Internal Builder is used for build
gcc -O0 -g3 -Wall -c -fmessage-length=0 -o Jugador.o "..\\Jugador.c" 
gcc "-LC:\\Users\\Julian Rodriguez\\Desktop\\PROGRAMACION  1\\TP3-2022\\eclipse_tp3_v5\\tp3_windows" -o pruebaTp3.exe Controller.o Jugador.o Seleccion.o ingresos.o main.o parser.o -lLinkedList 
Info: Nothing to build for pruebaTp3
13:04:22 **** Incremental Build of configuration Debug for project pruebaTp3 ****
Info: Internal Builder is used for build
gcc -O0 -g3 -Wall -c -fmessage-length=0 -o Jugador.o "..\\Jugador.c" 
gcc "-LC:\\Users\\Julian Rodriguez\\Desktop\\PROGRAMACION  1\\TP3-2022\\eclipse_tp3_v5\\tp3_windows" -o pruebaTp3.exe Controller.o Jugador.o Seleccion.o ingresos.o main.o parser.o -lLinkedList 
13:05:14 **** Incremental Build of configuration Debug for project pruebaTp3 ****
Info: Internal Builder is used for build
gcc -O0 -g3 -Wall -c -fmessage-length=0 -o Jugador.o "..\\Jugador.c" 
gcc "-LC:\\Users\\Julian Rodriguez\\Desktop\\PROGRAMACION  1\\TP3-2022\\eclipse_tp3_v5\\tp3_windows" -o pruebaTp3.exe Controller.o Jugador.o Seleccion.o ingresos.o main.o parser.o -lLinkedList 
Info: Nothing to build for pruebaTp3
13:23:30 **** Incremental Build of configuration Debug for project pruebaTp3 ****
Info: Internal Builder is used for build
gcc -O0 -g3 -Wall -c -fmessage-length=0 -o Jugador.o "..\\Jugador.c" 
gcc "-LC:\\Users\\Julian Rodriguez\\Desktop\\PROGRAMACION  1\\TP3-2022\\eclipse_tp3_v5\\tp3_windows" -o pruebaTp3.exe Controller.o Jugador.o Seleccion.o ingresos.o main.o parser.o -lLinkedList 
13:23:46 **** Incremental Build of configuration Debug for project pruebaTp3 ****
Info: Internal Builder is used for build
gcc -O0 -g3 -Wall -c -fmessage-length=0 -o Jugador.o "..\\Jugador.c" 
gcc "-LC:\\Users\\Julian Rodriguez\\Desktop\\PROGRAMACION  1\\TP3-2022\\eclipse_tp3_v5\\tp3_windows" -o pruebaTp3.exe Controller.o Jugador.o Seleccion.o ingresos.o main.o parser.o -lLinkedList 
13:23:56 **** Incremental Build of configuration Debug for project pruebaTp3 ****
Info: Internal Builder is used for build
gcc -O0 -g3 -Wall -c -fmessage-length=0 -o Jugador.o "..\\Jugador.c" 
gcc "-LC:\\Users\\Julian Rodriguez\\Desktop\\PROGRAMACION  1\\TP3-2022\\eclipse_tp3_v5\\tp3_windows" -o pruebaTp3.exe Controller.o Jugador.o Seleccion.o ingresos.o main.o parser.o -lLinkedList 
13:24:05 **** Incremental Build of configuration Debug for project pruebaTp3 ****
Info: Internal Builder is used for build
gcc -O0 -g3 -Wall -c -fmessage-length=0 -o Jugador.o "..\\Jugador.c" 
gcc "-LC:\\Users\\Julian Rodriguez\\Desktop\\PROGRAMACION  1\\TP3-2022\\eclipse_tp3_v5\\tp3_windows" -o pruebaTp3.exe Controller.o Jugador.o Seleccion.o ingresos.o main.o parser.o -lLinkedList 
13:24:42 **** Incremental Build of configuration Debug for project pruebaTp3 ****
Info: Internal Builder is used for build
gcc -O0 -g3 -Wall -c -fmessage-length=0 -o Jugador.o "..\\Jugador.c" 
gcc "-LC:\\Users\\Julian Rodriguez\\Desktop\\PROGRAMACION  1\\TP3-2022\\eclipse_tp3_v5\\tp3_windows" -o pruebaTp3.exe Controller.o Jugador.o Seleccion.o ingresos.o main.o parser.o -lLinkedList 
Info: Nothing to build for pruebaTp3
Info: Nothing to build for pruebaTp3
13:25:16 **** Incremental Build of configuration Debug for project pruebaTp3 ****
Info: Internal Builder is used for build
gcc -O0 -g3 -Wall -c -fmessage-length=0 -o Jugador.o "..\\Jugador.c" 
gcc "-LC:\\Users\\Julian Rodriguez\\Desktop\\PROGRAMACION  1\\TP3-2022\\eclipse_tp3_v5\\tp3_windows" -o pruebaTp3.exe Controller.o Jugador.o Seleccion.o ingresos.o main.o parser.o -lLinkedList 
13:25:26 **** Incremental Build of configuration Debug for project pruebaTp3 ****
Info: Internal Builder is used for build
gcc -O0 -g3 -Wall -c -fmessage-length=0 -o Jugador.o "..\\Jugador.c" 
gcc "-LC:\\Users\\Julian Rodriguez\\Desktop\\PROGRAMACION  1\\TP3-2022\\eclipse_tp3_v5\\tp3_windows" -o pruebaTp3.exe Controller.o Jugador.o Seleccion.o ingresos.o main.o parser.o -lLinkedList 
13:25:43 **** Incremental Build of configuration Debug for project pruebaTp3 ****
Info: Internal Builder is used for build
gcc -O0 -g3 -Wall -c -fmessage-length=0 -o Jugador.o "..\\Jugador.c" 
gcc "-LC:\\Users\\Julian Rodriguez\\Desktop\\PROGRAMACION  1\\TP3-2022\\eclipse_tp3_v5\\tp3_windows" -o pruebaTp3.exe Controller.o Jugador.o Seleccion.o ingresos.o main.o parser.o -lLinkedList 
Info: Nothing to build for pruebaTp3
13:26:28 **** Incremental Build of configuration Debug for project pruebaTp3 ****
Info: Internal Builder is used for build
gcc -O0 -g3 -Wall -c -fmessage-length=0 -o Jugador.o "..\\Jugador.c" 
gcc "-LC:\\Users\\Julian Rodriguez\\Desktop\\PROGRAMACION  1\\TP3-2022\\eclipse_tp3_v5\\tp3_windows" -o pruebaTp3.exe Controller.o Jugador.o Seleccion.o ingresos.o main.o parser.o -lLinkedList 
18:03:49 **** Incremental Build of configuration Debug for project pruebaTp3 ****
Info: Internal Builder is used for build
gcc -O0 -g3 -Wall -c -fmessage-length=0 -o Jugador.o "..\\Jugador.c" 
gcc -O0 -g3 -Wall -c -fmessage-length=0 -o main.o "..\\main.c" 
gcc "-LC:\\Users\\Julian Rodriguez\\Desktop\\PROGRAMACION  1\\TP3-2022\\eclipse_tp3_v5\\tp3_windows" -o pruebaTp3.exe Controller.o Jugador.o Seleccion.o ingresos.o main.o parser.o -lLinkedList 
Info: Nothing to build for pruebaTp3
Info: Nothing to build for pruebaTp3
18:05:03 **** Incremental Build of configuration Debug for project pruebaTp3 ****
Info: Internal Builder is used for build
gcc -O0 -g3 -Wall -c -fmessage-length=0 -o Jugador.o "..\\Jugador.c" 
gcc "-LC:\\Users\\Julian Rodriguez\\Desktop\\PROGRAMACION  1\\TP3-2022\\eclipse_tp3_v5\\tp3_windows" -o pruebaTp3.exe Controller.o Jugador.o Seleccion.o ingresos.o main.o parser.o -lLinkedList 
Info: Nothing to build for pruebaTp3
18:05:57 **** Incremental Build of configuration Debug for project pruebaTp3 ****
Info: Internal Builder is used for build
gcc -O0 -g3 -Wall -c -fmessage-length=0 -o Jugador.o "..\\Jugador.c" 
gcc "-LC:\\Users\\Julian Rodriguez\\Desktop\\PROGRAMACION  1\\TP3-2022\\eclipse_tp3_v5\\tp3_windows" -o pruebaTp3.exe Controller.o Jugador.o Seleccion.o ingresos.o main.o parser.o -lLinkedList 
18:11:24 **** Incremental Build of configuration Debug for project pruebaTp3 ****
Info: Internal Builder is used for build
gcc -O0 -g3 -Wall -c -fmessage-length=0 -o Seleccion.o "..\\Seleccion.c" 
..\Seleccion.c: In function 'selec_buscarPorId':
..\Seleccion.c:7:1: error: expected '=', ',', ';', 'asm' or '__attribute__' before '{' token
 {
 ^
..\Seleccion.c:13:1: error: expected '=', ',', ';', 'asm' or '__attribute__' before '{' token
 {
 ^
..\Seleccion.c:19:1: error: expected '=', ',', ';', 'asm' or '__attribute__' before '{' token
 {
 ^
..\Seleccion.c:33:1: error: expected '=', ',', ';', 'asm' or '__attribute__' before '{' token
 {
 ^
..\Seleccion.c:44:1: error: expected '=', ',', ';', 'asm' or '__attribute__' before '{' token
 {
 ^
..\Seleccion.c:56:1: error: expected '=', ',', ';', 'asm' or '__attribute__' before '{' token
 {
 ^
..\Seleccion.c:67:1: error: expected '=', ',', ';', 'asm' or '__attribute__' before '{' token
 {
 ^
..\Seleccion.c:77:1: error: expected '=', ',', ';', 'asm' or '__attribute__' before '{' token
 {
 ^
..\Seleccion.c:87:1: error: expected '=', ',', ';', 'asm' or '__attribute__' before '{' token
 {
 ^
..\Seleccion.c:111:1: error: expected '=', ',', ';', 'asm' or '__attribute__' before '{' token
 {
 ^
..\Seleccion.c:134:1: error: expected '=', ',', ';', 'asm' or '__attribute__' before '{' token
 {
 ^
In file included from ..\Seleccion.c:4:0:
..\seleccion.h:34:5: error: old-style parameter declarations in prototyped function definition
 int selec_buscarPorId(LinkedList* pArrayListSeleccion, int idBuscado, int *indice)
     ^~~~~~~~~~~~~~~~~
..\Seleccion.c:157:1: error: expected '{' at end of input
 }
 ^
..\Seleccion.c:157:1: warning: control reaches end of non-void function [-Wreturn-type]
 }
 ^
18:11:37 **** Incremental Build of configuration Debug for project pruebaTp3 ****
Info: Internal Builder is used for build
gcc -O0 -g3 -Wall -c -fmessage-length=0 -o parser.o "..\\parser.c" 
gcc -O0 -g3 -Wall -c -fmessage-length=0 -o Jugador.o "..\\Jugador.c" 
..\Jugador.c: In function 'jug_convocar':
..\Jugador.c:548:6: warning: implicit declaration of function 'selec_Solicitar_Id' [-Wimplicit-function-declaration]
   if(selec_Solicitar_Id(pArrayListSeleccion, &indiceSeleccion)==0)
      ^~~~~~~~~~~~~~~~~~
gcc -O0 -g3 -Wall -c -fmessage-length=0 -o Controller.o "..\\Controller.c" 
gcc -O0 -g3 -Wall -c -fmessage-length=0 -o Seleccion.o "..\\Seleccion.c" 
..\Seleccion.c: In function 'selec_Solicitar_Id':
..\Seleccion.c:141:3: warning: implicit declaration of function 'ingresarIntConRango' [-Wimplicit-function-declaration]
   ingresarIntConRango(&idPais, "Ingrese pais para el que desea convocar jugadores.\n", "ERROR, Ingerse ID valido,\n", 1, 32);
   ^~~~~~~~~~~~~~~~~~~
gcc -O0 -g3 -Wall -c -fmessage-length=0 -o main.o "..\\main.c" 
gcc "-LC:\\Users\\Julian Rodriguez\\Desktop\\PROGRAMACION  1\\TP3-2022\\eclipse_tp3_v5\\tp3_windows" -o pruebaTp3.exe Controller.o Jugador.o Seleccion.o ingresos.o main.o parser.o -lLinkedList 
18:11:58 **** Incremental Build of configuration Debug for project pruebaTp3 ****
Info: Internal Builder is used for build
gcc -O0 -g3 -Wall -c -fmessage-length=0 -o Seleccion.o "..\\Seleccion.c" 
gcc "-LC:\\Users\\Julian Rodriguez\\Desktop\\PROGRAMACION  1\\TP3-2022\\eclipse_tp3_v5\\tp3_windows" -o pruebaTp3.exe Controller.o Jugador.o Seleccion.o ingresos.o main.o parser.o -lLinkedList 
18:13:20 **** Incremental Build of configuration Debug for project pruebaTp3 ****
Info: Internal Builder is used for build
gcc -O0 -g3 -Wall -c -fmessage-length=0 -o Jugador.o "..\\Jugador.c" 
..\Jugador.c: In function 'jug_convocar':
..\Jugador.c:521:6: warning: implicit declaration of function 'selec_Solicitar_Id' [-Wimplicit-function-declaration]
   if(selec_Solicitar_Id(pArrayListSeleccion, &indiceSeleccion)==0)
      ^~~~~~~~~~~~~~~~~~
gcc -O0 -g3 -Wall -c -fmessage-length=0 -o parser.o "..\\parser.c" 
gcc -O0 -g3 -Wall -c -fmessage-length=0 -o Seleccion.o "..\\Seleccion.c" 
..\Seleccion.c: In function 'selec_AsignarDescripcionPais':
..\Seleccion.c:114:2: error: unknown type name 'Jugador'
  Jugador* pJugador;
  ^~~~~~~
..\Seleccion.c:129:40: error: request for member 'idSeleccion' in something not a structure or union
    if((*(pSeleccion)).id==(*(pJugador)).idSeleccion)
                                        ^
18:13:50 **** Incremental Build of configuration Debug for project pruebaTp3 ****
Info: Internal Builder is used for build
gcc -O0 -g3 -Wall -c -fmessage-length=0 -o Seleccion.o "..\\Seleccion.c" 
gcc -O0 -g3 -Wall -c -fmessage-length=0 -o Controller.o "..\\Controller.c" 
gcc "-LC:\\Users\\Julian Rodriguez\\Desktop\\PROGRAMACION  1\\TP3-2022\\eclipse_tp3_v5\\tp3_windows" -o pruebaTp3.exe Controller.o Jugador.o Seleccion.o ingresos.o main.o parser.o -lLinkedList 
18:16:17 **** Incremental Build of configuration Debug for project pruebaTp3 ****
Info: Internal Builder is used for build
gcc -O0 -g3 -Wall -c -fmessage-length=0 -o main.o "..\\main.c" 
gcc -O0 -g3 -Wall -c -fmessage-length=0 -o Controller.o "..\\Controller.c" 
gcc -O0 -g3 -Wall -c -fmessage-length=0 -o Jugador.o "..\\Jugador.c" 
..\Jugador.c: In function 'jug_convocar':
..\Jugador.c:521:6: warning: implicit declaration of function 'selec_Solicitar_Id' [-Wimplicit-function-declaration]
   if(selec_Solicitar_Id(pArrayListSeleccion, &indiceSeleccion)==0)
      ^~~~~~~~~~~~~~~~~~
gcc -O0 -g3 -Wall -c -fmessage-length=0 -o Seleccion.o "..\\Seleccion.c" 
gcc -O0 -g3 -Wall -c -fmessage-length=0 -o parser.o "..\\parser.c" 
gcc "-LC:\\Users\\Julian Rodriguez\\Desktop\\PROGRAMACION  1\\TP3-2022\\eclipse_tp3_v5\\tp3_windows" -o pruebaTp3.exe Controller.o Jugador.o Seleccion.o ingresos.o main.o parser.o -lLinkedList 
18:17:06 **** Incremental Build of configuration Debug for project pruebaTp3 ****
Info: Internal Builder is used for build
gcc -O0 -g3 -Wall -c -fmessage-length=0 -o Jugador.o "..\\Jugador.c" 
gcc -O0 -g3 -Wall -c -fmessage-length=0 -o Controller.o "..\\Controller.c" 
gcc -O0 -g3 -Wall -c -fmessage-length=0 -o parser.o "..\\parser.c" 
gcc -O0 -g3 -Wall -c -fmessage-length=0 -o Seleccion.o "..\\Seleccion.c" 
gcc -O0 -g3 -Wall -c -fmessage-length=0 -o main.o "..\\main.c" 
gcc "-LC:\\Users\\Julian Rodriguez\\Desktop\\PROGRAMACION  1\\TP3-2022\\eclipse_tp3_v5\\tp3_windows" -o pruebaTp3.exe Controller.o Jugador.o Seleccion.o ingresos.o main.o parser.o -lLinkedList 
18:47:19 **** Incremental Build of configuration Debug for project pruebaTp3 ****
Info: Internal Builder is used for build
gcc -O0 -g3 -Wall -c -fmessage-length=0 -o Jugador.o "..\\Jugador.c" 
..\Jugador.c: In function 'jug_Quitar_Convocado':
..\Jugador.c:563:39: warning: passing argument 2 of 'jug_Solicitar_Id' makes pointer from integer without a cast [-Wint-conversion]
   jug_Solicitar_Id(pArrayListJugador, indice, "Ingre id")
                                       ^~~~~~
..\Jugador.c:303:5: note: expected 'int *' but argument is of type 'int'
 int jug_Solicitar_Id(LinkedList* pArrayListJugador, int * indice ,char * mensaje)
     ^~~~~~~~~~~~~~~~
..\Jugador.c:565:3: error: expected ';' before 'jug_Listar_Convocados'
   jug_Listar_Convocados(pArrayListJugador, pArrayListSeleccion);
   ^~~~~~~~~~~~~~~~~~~~~
..\Jugador.c:554:6: warning: unused variable 'indiceSeleccion' [-Wunused-variable]
  int indiceSeleccion;
      ^~~~~~~~~~~~~~~
18:47:59 **** Incremental Build of configuration Debug for project pruebaTp3 ****
Info: Internal Builder is used for build
gcc -O0 -g3 -Wall -c -fmessage-length=0 -o Jugador.o "..\\Jugador.c" 
..\Jugador.c: In function 'jug_Quitar_Convocado':
..\Jugador.c:554:6: warning: unused variable 'indiceSeleccion' [-Wunused-variable]
  int indiceSeleccion;
      ^~~~~~~~~~~~~~~
gcc "-LC:\\Users\\Julian Rodriguez\\Desktop\\PROGRAMACION  1\\TP3-2022\\eclipse_tp3_v5\\tp3_windows" -o pruebaTp3.exe Controller.o Jugador.o Seleccion.o ingresos.o main.o parser.o -lLinkedList 
19:53:28 **** Incremental Build of configuration Debug for project pruebaTp3 ****
Info: Internal Builder is used for build
gcc -O0 -g3 -Wall -c -fmessage-length=0 -o Jugador.o "..\\Jugador.c" 
..\Jugador.c: In function 'jug_Quitar_Convocado':
..\Jugador.c:570:11: warning: zero-length ms_printf format string [-Wformat-zero-length]
    printf("");
           ^~
gcc "-LC:\\Users\\Julian Rodriguez\\Desktop\\PROGRAMACION  1\\TP3-2022\\eclipse_tp3_v5\\tp3_windows" -o pruebaTp3.exe Controller.o Jugador.o Seleccion.o ingresos.o main.o parser.o -lLinkedList 
00:15:39 **** Incremental Build of configuration Debug for project pruebaTp3 ****
Info: Internal Builder is used for build
gcc -O0 -g3 -Wall -c -fmessage-length=0 -o Jugador.o "..\\Jugador.c" 
..\Jugador.c: In function 'jug_Quitar_Convocado':
..\Jugador.c:570:70: warning: passing argument 3 of 'selec_buscarPorId' makes pointer from integer without a cast [-Wint-conversion]
    selec_buscarPorId(pArrayListSeleccion, (*(pJugador)).idSeleccion, indiceSeleccion);
                                                                      ^~~~~~~~~~~~~~~
In file included from ..\Jugador.c:6:0:
..\Seleccion.h:34:5: note: expected 'int *' but argument is of type 'int'
 int selec_buscarPorId(LinkedList* pArrayListSeleccion, int idBuscado, int *indice);
     ^~~~~~~~~~~~~~~~~
..\Jugador.c:570:4: warning: 'indiceSeleccion' may be used uninitialized in this function [-Wmaybe-uninitialized]
    selec_buscarPorId(pArrayListSeleccion, (*(pJugador)).idSeleccion, indiceSeleccion);
    ^~~~~~~~~~~~~~~~~~~~~~~~~~~~~~~~~~~~~~~~~~~~~~~~~~~~~~~~~~~~~~~~~~~~~~~~~~~~~~~~~~
gcc "-LC:\\Users\\Julian Rodriguez\\Desktop\\PROGRAMACION  1\\TP3-2022\\eclipse_tp3_v5\\tp3_windows" -o pruebaTp3.exe Controller.o Jugador.o Seleccion.o ingresos.o main.o parser.o -lLinkedList 
00:15:59 **** Incremental Build of configuration Debug for project pruebaTp3 ****
Info: Internal Builder is used for build
gcc -O0 -g3 -Wall -c -fmessage-length=0 -o Jugador.o "..\\Jugador.c" 
gcc "-LC:\\Users\\Julian Rodriguez\\Desktop\\PROGRAMACION  1\\TP3-2022\\eclipse_tp3_v5\\tp3_windows" -o pruebaTp3.exe Controller.o Jugador.o Seleccion.o ingresos.o main.o parser.o -lLinkedList 
00:28:24 **** Incremental Build of configuration Debug for project pruebaTp3 ****
Info: Internal Builder is used for build
gcc -O0 -g3 -Wall -c -fmessage-length=0 -o Seleccion.o "..\\Seleccion.c" 
gcc -O0 -g3 -Wall -c -fmessage-length=0 -o Jugador.o "..\\Jugador.c" 
..\Jugador.c: In function 'operara_Menu_Opcion6':
..\Jugador.c:517:23: warning: passing argument 1 of 'ingresarIntConRango' makes pointer from integer without a cast [-Wint-conversion]
   ingresarIntConRango(opcion, "Ingrese opcion segun desee operar.\n", "ERROR, Elija opcion valida", 1, 2);
                       ^~~~~~
In file included from ..\Jugador.c:9:0:
..\ingresos.h:41:5: note: expected 'int *' but argument is of type 'int'
 int ingresarIntConRango(int* resultado, char* mensaje, char* mensajeError, int minimo, int maximo);
     ^~~~~~~~~~~~~~~~~~~
..\Jugador.c:527:15: error: incompatible types when assigning to type 'Seleccion {aka struct <anonymous>}' from type 'void *'
     pSeleccion=ll_get(pArrayListSeleccion, i);
               ^
..\Jugador.c:528:9: error: invalid type argument of unary '*' (have 'Seleccion {aka struct <anonymous>}')
     if((*(pSeleccion)).convocados!=0)
         ^~~~~~~~~~~~~
..\Jugador.c:530:6: warning: implicit declaration of function 'jug_Quitar_Convocado' [-Wimplicit-function-declaration]
      jug_Quitar_Convocado(pArrayListJugador, pArrayListSeleccion);
      ^~~~~~~~~~~~~~~~~~~~
..\Jugador.c: At top level:
..\Jugador.c:549:82: error: expected declaration specifiers or '...' before '*' token
 int jug_convocar(LinkedList* pArrayListJugador, LinkedList* pArrayListSeleccion, *contadorConvocados)
                                                                                  ^
00:28:37 **** Incremental Build of configuration Debug for project pruebaTp3 ****
Info: Internal Builder is used for build
gcc -O0 -g3 -Wall -c -fmessage-length=0 -o Jugador.o "..\\Jugador.c" 
..\Jugador.c: In function 'operara_Menu_Opcion6':
..\Jugador.c:527:15: error: incompatible types when assigning to type 'Seleccion {aka struct <anonymous>}' from type 'void *'
     pSeleccion=ll_get(pArrayListSeleccion, i);
               ^
..\Jugador.c:528:9: error: invalid type argument of unary '*' (have 'Seleccion {aka struct <anonymous>}')
     if((*(pSeleccion)).convocados!=0)
         ^~~~~~~~~~~~~
..\Jugador.c:530:6: warning: implicit declaration of function 'jug_Quitar_Convocado' [-Wimplicit-function-declaration]
      jug_Quitar_Convocado(pArrayListJugador, pArrayListSeleccion);
      ^~~~~~~~~~~~~~~~~~~~
..\Jugador.c: At top level:
..\Jugador.c:549:82: error: expected declaration specifiers or '...' before '*' token
 int jug_convocar(LinkedList* pArrayListJugador, LinkedList* pArrayListSeleccion, *contadorConvocados)
                                                                                  ^
00:28:45 **** Incremental Build of configuration Debug for project pruebaTp3 ****
Info: Internal Builder is used for build
gcc -O0 -g3 -Wall -c -fmessage-length=0 -o main.o "..\\main.c" 
..\main.c: In function 'main':
..\main.c:54:14: warning: implicit declaration of function 'jug_Quitar_Convocado' [-Wimplicit-function-declaration]
              jug_Quitar_Convocado(listaJugadores, listaConfederaciones);
              ^~~~~~~~~~~~~~~~~~~~
gcc -O0 -g3 -Wall -c -fmessage-length=0 -o Jugador.o "..\\Jugador.c" 
..\Jugador.c: In function 'operara_Menu_Opcion6':
..\Jugador.c:530:6: warning: implicit declaration of function 'jug_Quitar_Convocado' [-Wimplicit-function-declaration]
      jug_Quitar_Convocado(pArrayListJugador, pArrayListSeleccion);
      ^~~~~~~~~~~~~~~~~~~~
..\Jugador.c: At top level:
..\Jugador.c:549:82: error: expected declaration specifiers or '...' before '*' token
 int jug_convocar(LinkedList* pArrayListJugador, LinkedList* pArrayListSeleccion, *contadorConvocados)
                                                                                  ^
00:29:03 **** Incremental Build of configuration Debug for project pruebaTp3 ****
Info: Internal Builder is used for build
gcc -O0 -g3 -Wall -c -fmessage-length=0 -o Jugador.o "..\\Jugador.c" 
..\Jugador.c:508:82: error: expected declaration specifiers or '...' before '*' token
 int jug_convocar(LinkedList* pArrayListJugador, LinkedList* pArrayListSeleccion, *contadorConvocados)
                                                                                  ^
00:29:17 **** Incremental Build of configuration Debug for project pruebaTp3 ****
Info: Internal Builder is used for build
gcc -O0 -g3 -Wall -c -fmessage-length=0 -o Jugador.o "..\\Jugador.c" 
gcc "-LC:\\Users\\Julian Rodriguez\\Desktop\\PROGRAMACION  1\\TP3-2022\\eclipse_tp3_v5\\tp3_windows" -o pruebaTp3.exe Controller.o Jugador.o Seleccion.o ingresos.o main.o parser.o -lLinkedList 
00:29:35 **** Incremental Build of configuration Debug for project pruebaTp3 ****
Info: Internal Builder is used for build
gcc -O0 -g3 -Wall -c -fmessage-length=0 -o main.o "..\\main.c" 
..\main.c: In function 'main':
..\main.c:52:14: warning: implicit declaration of function 'operara_Menu_Opcion6' [-Wimplicit-function-declaration]
              operara_Menu_Opcion6(listaJugadores, listaConfederaciones);
              ^~~~~~~~~~~~~~~~~~~~
gcc "-LC:\\Users\\Julian Rodriguez\\Desktop\\PROGRAMACION  1\\TP3-2022\\eclipse_tp3_v5\\tp3_windows" -o pruebaTp3.exe Controller.o Jugador.o Seleccion.o ingresos.o main.o parser.o -lLinkedList 
00:29:48 **** Incremental Build of configuration Debug for project pruebaTp3 ****
Info: Internal Builder is used for build
gcc -O0 -g3 -Wall -c -fmessage-length=0 -o Seleccion.o "..\\Seleccion.c" 
gcc -O0 -g3 -Wall -c -fmessage-length=0 -o parser.o "..\\parser.c" 
gcc -O0 -g3 -Wall -c -fmessage-length=0 -o Jugador.o "..\\Jugador.c" 
gcc -O0 -g3 -Wall -c -fmessage-length=0 -o main.o "..\\main.c" 
gcc -O0 -g3 -Wall -c -fmessage-length=0 -o Controller.o "..\\Controller.c" 
gcc "-LC:\\Users\\Julian Rodriguez\\Desktop\\PROGRAMACION  1\\TP3-2022\\eclipse_tp3_v5\\tp3_windows" -o pruebaTp3.exe Controller.o Jugador.o Seleccion.o ingresos.o main.o parser.o -lLinkedList 
Info: Nothing to build for pruebaTp3
00:31:58 **** Incremental Build of configuration Debug for project pruebaTp3 ****
Info: Internal Builder is used for build
gcc -O0 -g3 -Wall -c -fmessage-length=0 -o Jugador.o "..\\Jugador.c" 
gcc "-LC:\\Users\\Julian Rodriguez\\Desktop\\PROGRAMACION  1\\TP3-2022\\eclipse_tp3_v5\\tp3_windows" -o pruebaTp3.exe Controller.o Jugador.o Seleccion.o ingresos.o main.o parser.o -lLinkedList 
Info: Nothing to build for pruebaTp3
00:32:14 **** Incremental Build of configuration Debug for project pruebaTp3 ****
Info: Internal Builder is used for build
gcc -O0 -g3 -Wall -c -fmessage-length=0 -o Jugador.o "..\\Jugador.c" 
gcc "-LC:\\Users\\Julian Rodriguez\\Desktop\\PROGRAMACION  1\\TP3-2022\\eclipse_tp3_v5\\tp3_windows" -o pruebaTp3.exe Controller.o Jugador.o Seleccion.o ingresos.o main.o parser.o -lLinkedList 
Info: Nothing to build for pruebaTp3
00:32:35 **** Incremental Build of configuration Debug for project pruebaTp3 ****
Info: Internal Builder is used for build
gcc -O0 -g3 -Wall -c -fmessage-length=0 -o Jugador.o "..\\Jugador.c" 
gcc "-LC:\\Users\\Julian Rodriguez\\Desktop\\PROGRAMACION  1\\TP3-2022\\eclipse_tp3_v5\\tp3_windows" -o pruebaTp3.exe Controller.o Jugador.o Seleccion.o ingresos.o main.o parser.o -lLinkedList 
Info: Nothing to build for pruebaTp3
00:32:46 **** Incremental Build of configuration Debug for project pruebaTp3 ****
Info: Internal Builder is used for build
gcc -O0 -g3 -Wall -c -fmessage-length=0 -o Jugador.o "..\\Jugador.c" 
gcc "-LC:\\Users\\Julian Rodriguez\\Desktop\\PROGRAMACION  1\\TP3-2022\\eclipse_tp3_v5\\tp3_windows" -o pruebaTp3.exe Controller.o Jugador.o Seleccion.o ingresos.o main.o parser.o -lLinkedList 
Info: Nothing to build for pruebaTp3
00:33:01 **** Incremental Build of configuration Debug for project pruebaTp3 ****
Info: Internal Builder is used for build
gcc -O0 -g3 -Wall -c -fmessage-length=0 -o Jugador.o "..\\Jugador.c" 
gcc "-LC:\\Users\\Julian Rodriguez\\Desktop\\PROGRAMACION  1\\TP3-2022\\eclipse_tp3_v5\\tp3_windows" -o pruebaTp3.exe Controller.o Jugador.o Seleccion.o ingresos.o main.o parser.o -lLinkedList 
Info: Nothing to build for pruebaTp3
00:33:25 **** Incremental Build of configuration Debug for project pruebaTp3 ****
Info: Internal Builder is used for build
gcc -O0 -g3 -Wall -c -fmessage-length=0 -o Jugador.o "..\\Jugador.c" 
gcc "-LC:\\Users\\Julian Rodriguez\\Desktop\\PROGRAMACION  1\\TP3-2022\\eclipse_tp3_v5\\tp3_windows" -o pruebaTp3.exe Controller.o Jugador.o Seleccion.o ingresos.o main.o parser.o -lLinkedList 
Info: Nothing to build for pruebaTp3
00:33:36 **** Incremental Build of configuration Debug for project pruebaTp3 ****
Info: Internal Builder is used for build
gcc -O0 -g3 -Wall -c -fmessage-length=0 -o Jugador.o "..\\Jugador.c" 
gcc "-LC:\\Users\\Julian Rodriguez\\Desktop\\PROGRAMACION  1\\TP3-2022\\eclipse_tp3_v5\\tp3_windows" -o pruebaTp3.exe Controller.o Jugador.o Seleccion.o ingresos.o main.o parser.o -lLinkedList 
Info: Nothing to build for pruebaTp3
00:33:44 **** Incremental Build of configuration Debug for project pruebaTp3 ****
Info: Internal Builder is used for build
gcc -O0 -g3 -Wall -c -fmessage-length=0 -o Jugador.o "..\\Jugador.c" 
gcc "-LC:\\Users\\Julian Rodriguez\\Desktop\\PROGRAMACION  1\\TP3-2022\\eclipse_tp3_v5\\tp3_windows" -o pruebaTp3.exe Controller.o Jugador.o Seleccion.o ingresos.o main.o parser.o -lLinkedList 
Info: Nothing to build for pruebaTp3
00:57:06 **** Incremental Build of configuration Debug for project pruebaTp3 ****
Info: Internal Builder is used for build
gcc -O0 -g3 -Wall -c -fmessage-length=0 -o Jugador.o "..\\Jugador.c" 
gcc "-LC:\\Users\\Julian Rodriguez\\Desktop\\PROGRAMACION  1\\TP3-2022\\eclipse_tp3_v5\\tp3_windows" -o pruebaTp3.exe Controller.o Jugador.o Seleccion.o ingresos.o main.o parser.o -lLinkedList 
01:04:22 **** Incremental Build of configuration Debug for project pruebaTp3 ****
Info: Internal Builder is used for build
gcc -O0 -g3 -Wall -c -fmessage-length=0 -o main.o "..\\main.c" 
gcc -O0 -g3 -Wall -c -fmessage-length=0 -o Jugador.o "..\\Jugador.c" 
gcc "-LC:\\Users\\Julian Rodriguez\\Desktop\\PROGRAMACION  1\\TP3-2022\\eclipse_tp3_v5\\tp3_windows" -o pruebaTp3.exe Controller.o Jugador.o Seleccion.o ingresos.o main.o parser.o -lLinkedList 
Info: Nothing to build for pruebaTp3
01:04:40 **** Incremental Build of configuration Debug for project pruebaTp3 ****
Info: Internal Builder is used for build
gcc -O0 -g3 -Wall -c -fmessage-length=0 -o main.o "..\\main.c" 
gcc "-LC:\\Users\\Julian Rodriguez\\Desktop\\PROGRAMACION  1\\TP3-2022\\eclipse_tp3_v5\\tp3_windows" -o pruebaTp3.exe Controller.o Jugador.o Seleccion.o ingresos.o main.o parser.o -lLinkedList 
Info: Nothing to build for pruebaTp3
01:05:13 **** Incremental Build of configuration Debug for project pruebaTp3 ****
Info: Internal Builder is used for build
gcc -O0 -g3 -Wall -c -fmessage-length=0 -o main.o "..\\main.c" 
gcc "-LC:\\Users\\Julian Rodriguez\\Desktop\\PROGRAMACION  1\\TP3-2022\\eclipse_tp3_v5\\tp3_windows" -o pruebaTp3.exe Controller.o Jugador.o Seleccion.o ingresos.o main.o parser.o -lLinkedList 
Info: Nothing to build for pruebaTp3
Info: Nothing to build for pruebaTp3
01:05:34 **** Incremental Build of configuration Debug for project pruebaTp3 ****
Info: Internal Builder is used for build
gcc -O0 -g3 -Wall -c -fmessage-length=0 -o main.o "..\\main.c" 
..\main.c: In function 'main':
..\main.c:56:14: warning: implicit declaration of function 'operara_Menu_Opcion7' [-Wimplicit-function-declaration]
              operara_Menu_Opcion7(listaJugadores, listaConfederaciones);
              ^~~~~~~~~~~~~~~~~~~~
gcc "-LC:\\Users\\Julian Rodriguez\\Desktop\\PROGRAMACION  1\\TP3-2022\\eclipse_tp3_v5\\tp3_windows" -o pruebaTp3.exe Controller.o Jugador.o Seleccion.o ingresos.o main.o parser.o -lLinkedList 
01:05:42 **** Incremental Build of configuration Debug for project pruebaTp3 ****
Info: Internal Builder is used for build
gcc -O0 -g3 -Wall -c -fmessage-length=0 -o main.o "..\\main.c" 
In file included from ..\main.c:5:0:
..\Jugador.h:63:1: warning: data definition has no type or storage class
 operara_Menu_Opcion7(listaJugadores, listaConfederaciones);
 ^~~~~~~~~~~~~~~~~~~~
..\Jugador.h:63:1: warning: type defaults to 'int' in declaration of 'operara_Menu_Opcion7' [-Wimplicit-int]
..\Jugador.h:63:1: warning: parameter names (without types) in function declaration
gcc -O0 -g3 -Wall -c -fmessage-length=0 -o Controller.o "..\\Controller.c" 
In file included from ..\Controller.c:4:0:
..\Jugador.h:63:1: warning: data definition has no type or storage class
 operara_Menu_Opcion7(listaJugadores, listaConfederaciones);
 ^~~~~~~~~~~~~~~~~~~~
..\Jugador.h:63:1: warning: type defaults to 'int' in declaration of 'operara_Menu_Opcion7' [-Wimplicit-int]
..\Jugador.h:63:1: warning: parameter names (without types) in function declaration
gcc -O0 -g3 -Wall -c -fmessage-length=0 -o Jugador.o "..\\Jugador.c" 
In file included from ..\Jugador.c:5:0:
..\Jugador.h:63:1: warning: data definition has no type or storage class
 operara_Menu_Opcion7(listaJugadores, listaConfederaciones);
 ^~~~~~~~~~~~~~~~~~~~
..\Jugador.h:63:1: warning: type defaults to 'int' in declaration of 'operara_Menu_Opcion7' [-Wimplicit-int]
..\Jugador.h:63:1: warning: parameter names (without types) in function declaration
gcc -O0 -g3 -Wall -c -fmessage-length=0 -o Seleccion.o "..\\Seleccion.c" 
In file included from ..\Seleccion.c:6:0:
..\Jugador.h:63:1: warning: data definition has no type or storage class
 operara_Menu_Opcion7(listaJugadores, listaConfederaciones);
 ^~~~~~~~~~~~~~~~~~~~
..\Jugador.h:63:1: warning: type defaults to 'int' in declaration of 'operara_Menu_Opcion7' [-Wimplicit-int]
..\Jugador.h:63:1: warning: parameter names (without types) in function declaration
gcc -O0 -g3 -Wall -c -fmessage-length=0 -o parser.o "..\\parser.c" 
In file included from ..\parser.c:4:0:
..\Jugador.h:63:1: warning: data definition has no type or storage class
 operara_Menu_Opcion7(listaJugadores, listaConfederaciones);
 ^~~~~~~~~~~~~~~~~~~~
..\Jugador.h:63:1: warning: type defaults to 'int' in declaration of 'operara_Menu_Opcion7' [-Wimplicit-int]
..\Jugador.h:63:1: warning: parameter names (without types) in function declaration
gcc "-LC:\\Users\\Julian Rodriguez\\Desktop\\PROGRAMACION  1\\TP3-2022\\eclipse_tp3_v5\\tp3_windows" -o pruebaTp3.exe Controller.o Jugador.o Seleccion.o ingresos.o main.o parser.o -lLinkedList 
01:05:51 **** Incremental Build of configuration Debug for project pruebaTp3 ****
Info: Internal Builder is used for build
gcc -O0 -g3 -Wall -c -fmessage-length=0 -o Seleccion.o "..\\Seleccion.c" 
In file included from ..\Seleccion.c:6:0:
..\Jugador.h:63:1: warning: parameter names (without types) in function declaration
 int operara_Menu_Opcion7(listaJugadores, listaConfederaciones);
 ^~~
gcc -O0 -g3 -Wall -c -fmessage-length=0 -o Controller.o "..\\Controller.c" 
In file included from ..\Controller.c:4:0:
..\Jugador.h:63:1: warning: parameter names (without types) in function declaration
 int operara_Menu_Opcion7(listaJugadores, listaConfederaciones);
 ^~~
gcc -O0 -g3 -Wall -c -fmessage-length=0 -o Jugador.o "..\\Jugador.c" 
In file included from ..\Jugador.c:5:0:
..\Jugador.h:63:1: warning: parameter names (without types) in function declaration
 int operara_Menu_Opcion7(listaJugadores, listaConfederaciones);
 ^~~
gcc -O0 -g3 -Wall -c -fmessage-length=0 -o parser.o "..\\parser.c" 
In file included from ..\parser.c:4:0:
..\Jugador.h:63:1: warning: parameter names (without types) in function declaration
 int operara_Menu_Opcion7(listaJugadores, listaConfederaciones);
 ^~~
gcc -O0 -g3 -Wall -c -fmessage-length=0 -o main.o "..\\main.c" 
In file included from ..\main.c:5:0:
..\Jugador.h:63:1: warning: parameter names (without types) in function declaration
 int operara_Menu_Opcion7(listaJugadores, listaConfederaciones);
 ^~~
gcc "-LC:\\Users\\Julian Rodriguez\\Desktop\\PROGRAMACION  1\\TP3-2022\\eclipse_tp3_v5\\tp3_windows" -o pruebaTp3.exe Controller.o Jugador.o Seleccion.o ingresos.o main.o parser.o -lLinkedList 
01:06:05 **** Incremental Build of configuration Debug for project pruebaTp3 ****
Info: Internal Builder is used for build
gcc -O0 -g3 -Wall -c -fmessage-length=0 -o Controller.o "..\\Controller.c" 
gcc -O0 -g3 -Wall -c -fmessage-length=0 -o Jugador.o "..\\Jugador.c" 
gcc -O0 -g3 -Wall -c -fmessage-length=0 -o main.o "..\\main.c" 
..\main.c: In function 'main':
..\main.c:56:14: warning: implicit declaration of function 'operara_Menu_Opcion7' [-Wimplicit-function-declaration]
              operara_Menu_Opcion7(listaJugadores, listaConfederaciones);
              ^~~~~~~~~~~~~~~~~~~~
gcc -O0 -g3 -Wall -c -fmessage-length=0 -o parser.o "..\\parser.c" 
gcc -O0 -g3 -Wall -c -fmessage-length=0 -o Seleccion.o "..\\Seleccion.c" 
gcc "-LC:\\Users\\Julian Rodriguez\\Desktop\\PROGRAMACION  1\\TP3-2022\\eclipse_tp3_v5\\tp3_windows" -o pruebaTp3.exe Controller.o Jugador.o Seleccion.o ingresos.o main.o parser.o -lLinkedList 
01:06:33 **** Incremental Build of configuration Debug for project pruebaTp3 ****
Info: Internal Builder is used for build
gcc -O0 -g3 -Wall -c -fmessage-length=0 -o Jugador.o "..\\Jugador.c" 
gcc -O0 -g3 -Wall -c -fmessage-length=0 -o parser.o "..\\parser.c" 
gcc -O0 -g3 -Wall -c -fmessage-length=0 -o Controller.o "..\\Controller.c" 
gcc -O0 -g3 -Wall -c -fmessage-length=0 -o main.o "..\\main.c" 
gcc -O0 -g3 -Wall -c -fmessage-length=0 -o Seleccion.o "..\\Seleccion.c" 
gcc "-LC:\\Users\\Julian Rodriguez\\Desktop\\PROGRAMACION  1\\TP3-2022\\eclipse_tp3_v5\\tp3_windows" -o pruebaTp3.exe Controller.o Jugador.o Seleccion.o ingresos.o main.o parser.o -lLinkedList 
Info: Nothing to build for pruebaTp3
01:07:53 **** Incremental Build of configuration Debug for project pruebaTp3 ****
Info: Internal Builder is used for build
gcc -O0 -g3 -Wall -c -fmessage-length=0 -o Jugador.o "..\\Jugador.c" 
gcc -O0 -g3 -Wall -c -fmessage-length=0 -o Controller.o "..\\Controller.c" 
gcc -O0 -g3 -Wall -c -fmessage-length=0 -o Seleccion.o "..\\Seleccion.c" 
gcc -O0 -g3 -Wall -c -fmessage-length=0 -o parser.o "..\\parser.c" 
gcc -O0 -g3 -Wall -c -fmessage-length=0 -o main.o "..\\main.c" 
gcc "-LC:\\Users\\Julian Rodriguez\\Desktop\\PROGRAMACION  1\\TP3-2022\\eclipse_tp3_v5\\tp3_windows" -o pruebaTp3.exe Controller.o Jugador.o Seleccion.o ingresos.o main.o parser.o -lLinkedList 
Jugador.o: In function `operara_Menu_Opcion7':
C:\Users\Julian Rodriguez\Desktop\PROGRAMACION  1\TP3-2022\eclipse_tp3_v5\tp3_windows\Debug/../Jugador.c:681: undefined reference to `jug_OrdenarPorNacionalidad'
collect2.exe: error: ld returned 1 exit status
01:08:13 **** Incremental Build of configuration Debug for project pruebaTp3 ****
Info: Internal Builder is used for build
gcc -O0 -g3 -Wall -c -fmessage-length=0 -o Jugador.o "..\\Jugador.c" 
gcc "-LC:\\Users\\Julian Rodriguez\\Desktop\\PROGRAMACION  1\\TP3-2022\\eclipse_tp3_v5\\tp3_windows" -o pruebaTp3.exe Controller.o Jugador.o Seleccion.o ingresos.o main.o parser.o -lLinkedList 
Info: Nothing to build for pruebaTp3
01:09:11 **** Incremental Build of configuration Debug for project pruebaTp3 ****
Info: Internal Builder is used for build
gcc -O0 -g3 -Wall -c -fmessage-length=0 -o Jugador.o "..\\Jugador.c" 
gcc "-LC:\\Users\\Julian Rodriguez\\Desktop\\PROGRAMACION  1\\TP3-2022\\eclipse_tp3_v5\\tp3_windows" -o pruebaTp3.exe Controller.o Jugador.o Seleccion.o ingresos.o main.o parser.o -lLinkedList 
Info: Nothing to build for pruebaTp3
01:10:04 **** Incremental Build of configuration Debug for project pruebaTp3 ****
Info: Internal Builder is used for build
gcc -O0 -g3 -Wall -c -fmessage-length=0 -o Jugador.o "..\\Jugador.c" 
gcc "-LC:\\Users\\Julian Rodriguez\\Desktop\\PROGRAMACION  1\\TP3-2022\\eclipse_tp3_v5\\tp3_windows" -o pruebaTp3.exe Controller.o Jugador.o Seleccion.o ingresos.o main.o parser.o -lLinkedList 
01:16:53 **** Incremental Build of configuration Debug for project pruebaTp3 ****
Info: Internal Builder is used for build
gcc -O0 -g3 -Wall -c -fmessage-length=0 -o Jugador.o "..\\Jugador.c" 
..\Jugador.c: In function 'operara_Menu_Opcion7':
..\Jugador.c:681:20: warning: field width specifier '*' expects argument of type 'int', but argument 4 has type 'char *' [-Wformat=]
   printf("|%*s|\n|%*s|\n|%*s|\n|%*s|\n|%*s|\n",-40,"            LISTAR"-40,"POR NACIONALIDAD",-40,"POR SELECCIONES POR CONFEDERACIN.",
                    ^
..\Jugador.c:681:21: warning: format '%s' expects argument of type 'char *', but argument 5 has type 'int' [-Wformat=]
   printf("|%*s|\n|%*s|\n|%*s|\n|%*s|\n|%*s|\n",-40,"            LISTAR"-40,"POR NACIONALIDAD",-40,"POR SELECCIONES POR CONFEDERACIN.",
                     ^
..\Jugador.c:681:27: warning: field width specifier '*' expects argument of type 'int', but argument 6 has type 'char *' [-Wformat=]
   printf("|%*s|\n|%*s|\n|%*s|\n|%*s|\n|%*s|\n",-40,"            LISTAR"-40,"POR NACIONALIDAD",-40,"POR SELECCIONES POR CONFEDERACIN.",
                           ^
..\Jugador.c:681:28: warning: format '%s' expects argument of type 'char *', but argument 7 has type 'int' [-Wformat=]
   printf("|%*s|\n|%*s|\n|%*s|\n|%*s|\n|%*s|\n",-40,"            LISTAR"-40,"POR NACIONALIDAD",-40,"POR SELECCIONES POR CONFEDERACIN.",
                            ^
..\Jugador.c:681:34: warning: field width specifier '*' expects argument of type 'int', but argument 8 has type 'char *' [-Wformat=]
   printf("|%*s|\n|%*s|\n|%*s|\n|%*s|\n|%*s|\n",-40,"            LISTAR"-40,"POR NACIONALIDAD",-40,"POR SELECCIONES POR CONFEDERACIN.",
                                  ^
..\Jugador.c:681:35: warning: format '%s' expects argument of type 'char *', but argument 9 has type 'int' [-Wformat=]
   printf("|%*s|\n|%*s|\n|%*s|\n|%*s|\n|%*s|\n",-40,"            LISTAR"-40,"POR NACIONALIDAD",-40,"POR SELECCIONES POR CONFEDERACIN.",
                                   ^
..\Jugador.c:681:41: warning: field width specifier '*' expects argument of type 'int', but argument 10 has type 'char *' [-Wformat=]
   printf("|%*s|\n|%*s|\n|%*s|\n|%*s|\n|%*s|\n",-40,"            LISTAR"-40,"POR NACIONALIDAD",-40,"POR SELECCIONES POR CONFEDERACIN.",
                                         ^
..\Jugador.c:681:42: warning: format '%s' expects a matching 'char *' argument [-Wformat=]
   printf("|%*s|\n|%*s|\n|%*s|\n|%*s|\n|%*s|\n",-40,"            LISTAR"-40,"POR NACIONALIDAD",-40,"POR SELECCIONES POR CONFEDERACIN.",
                                          ^
gcc "-LC:\\Users\\Julian Rodriguez\\Desktop\\PROGRAMACION  1\\TP3-2022\\eclipse_tp3_v5\\tp3_windows" -o pruebaTp3.exe Controller.o Jugador.o Seleccion.o ingresos.o main.o parser.o -lLinkedList 
01:17:10 **** Incremental Build of configuration Debug for project pruebaTp3 ****
Info: Internal Builder is used for build
gcc -O0 -g3 -Wall -c -fmessage-length=0 -o Jugador.o "..\\Jugador.c" 
gcc "-LC:\\Users\\Julian Rodriguez\\Desktop\\PROGRAMACION  1\\TP3-2022\\eclipse_tp3_v5\\tp3_windows" -o pruebaTp3.exe Controller.o Jugador.o Seleccion.o ingresos.o main.o parser.o -lLinkedList 
Info: Nothing to build for pruebaTp3
01:17:29 **** Incremental Build of configuration Debug for project pruebaTp3 ****
Info: Internal Builder is used for build
gcc -O0 -g3 -Wall -c -fmessage-length=0 -o Jugador.o "..\\Jugador.c" 
gcc "-LC:\\Users\\Julian Rodriguez\\Desktop\\PROGRAMACION  1\\TP3-2022\\eclipse_tp3_v5\\tp3_windows" -o pruebaTp3.exe Controller.o Jugador.o Seleccion.o ingresos.o main.o parser.o -lLinkedList 
01:17:53 **** Incremental Build of configuration Debug for project pruebaTp3 ****
Info: Internal Builder is used for build
gcc -O0 -g3 -Wall -c -fmessage-length=0 -o Jugador.o "..\\Jugador.c" 
gcc "-LC:\\Users\\Julian Rodriguez\\Desktop\\PROGRAMACION  1\\TP3-2022\\eclipse_tp3_v5\\tp3_windows" -o pruebaTp3.exe Controller.o Jugador.o Seleccion.o ingresos.o main.o parser.o -lLinkedList 
Info: Nothing to build for pruebaTp3
01:19:10 **** Incremental Build of configuration Debug for project pruebaTp3 ****
Info: Internal Builder is used for build
gcc -O0 -g3 -Wall -c -fmessage-length=0 -o Jugador.o "..\\Jugador.c" 
gcc "-LC:\\Users\\Julian Rodriguez\\Desktop\\PROGRAMACION  1\\TP3-2022\\eclipse_tp3_v5\\tp3_windows" -o pruebaTp3.exe Controller.o Jugador.o Seleccion.o ingresos.o main.o parser.o -lLinkedList 
Info: Nothing to build for pruebaTp3
01:22:00 **** Incremental Build of configuration Debug for project pruebaTp3 ****
Info: Internal Builder is used for build
gcc -O0 -g3 -Wall -c -fmessage-length=0 -o Jugador.o "..\\Jugador.c" 
gcc "-LC:\\Users\\Julian Rodriguez\\Desktop\\PROGRAMACION  1\\TP3-2022\\eclipse_tp3_v5\\tp3_windows" -o pruebaTp3.exe Controller.o Jugador.o Seleccion.o ingresos.o main.o parser.o -lLinkedList 
01:23:01 **** Incremental Build of configuration Debug for project pruebaTp3 ****
Info: Internal Builder is used for build
gcc -O0 -g3 -Wall -c -fmessage-length=0 -o Jugador.o "..\\Jugador.c" 
gcc "-LC:\\Users\\Julian Rodriguez\\Desktop\\PROGRAMACION  1\\TP3-2022\\eclipse_tp3_v5\\tp3_windows" -o pruebaTp3.exe Controller.o Jugador.o Seleccion.o ingresos.o main.o parser.o -lLinkedList 
Info: Nothing to build for pruebaTp3
01:24:28 **** Incremental Build of configuration Debug for project pruebaTp3 ****
Info: Internal Builder is used for build
gcc -O0 -g3 -Wall -c -fmessage-length=0 -o Jugador.o "..\\Jugador.c" 
gcc "-LC:\\Users\\Julian Rodriguez\\Desktop\\PROGRAMACION  1\\TP3-2022\\eclipse_tp3_v5\\tp3_windows" -o pruebaTp3.exe Controller.o Jugador.o Seleccion.o ingresos.o main.o parser.o -lLinkedList 
Info: Nothing to build for pruebaTp3
01:31:03 **** Incremental Build of configuration Debug for project pruebaTp3 ****
Info: Internal Builder is used for build
gcc -O0 -g3 -Wall -c -fmessage-length=0 -o Jugador.o "..\\Jugador.c" 
gcc -O0 -g3 -Wall -c -fmessage-length=0 -o main.o "..\\main.c" 
gcc -O0 -g3 -Wall -c -fmessage-length=0 -o Controller.o "..\\Controller.c" 
gcc "-LC:\\Users\\Julian Rodriguez\\Desktop\\PROGRAMACION  1\\TP3-2022\\eclipse_tp3_v5\\tp3_windows" -o pruebaTp3.exe Controller.o Jugador.o Seleccion.o ingresos.o main.o parser.o -lLinkedList 
01:31:30 **** Incremental Build of configuration Debug for project pruebaTp3 ****
Info: Internal Builder is used for build
gcc -O0 -g3 -Wall -c -fmessage-length=0 -o Controller.o "..\\Controller.c" 
gcc "-LC:\\Users\\Julian Rodriguez\\Desktop\\PROGRAMACION  1\\TP3-2022\\eclipse_tp3_v5\\tp3_windows" -o pruebaTp3.exe Controller.o Jugador.o Seleccion.o ingresos.o main.o parser.o -lLinkedList 
01:36:48 **** Incremental Build of configuration Debug for project pruebaTp3 ****
Info: Internal Builder is used for build
gcc -O0 -g3 -Wall -c -fmessage-length=0 -o Seleccion.o "..\\Seleccion.c" 
gcc -O0 -g3 -Wall -c -fmessage-length=0 -o Jugador.o "..\\Jugador.c" 
..\Jugador.c: In function 'jug_OrdenarPorEdad':
..\Jugador.c:318:25: warning: passing argument 2 of 'jug_getEdad' makes pointer from integer without a cast [-Wint-conversion]
  jug_getEdad(unJugador, edadUno);
                         ^~~~~~~
..\Jugador.c:142:5: note: expected 'int *' but argument is of type 'int'
 int jug_getEdad(Jugador* this,int* edad)
     ^~~~~~~~~~~
..\Jugador.c:319:27: warning: passing argument 2 of 'jug_getEdad' makes pointer from integer without a cast [-Wint-conversion]
  jug_getEdad(otroJugador, edadDos);
                           ^~~~~~~
..\Jugador.c:142:5: note: expected 'int *' but argument is of type 'int'
 int jug_getEdad(Jugador* this,int* edad)
     ^~~~~~~~~~~
..\Jugador.c:318:2: warning: 'edadUno' is used uninitialized in this function [-Wuninitialized]
  jug_getEdad(unJugador, edadUno);
  ^~~~~~~~~~~~~~~~~~~~~~~~~~~~~~~
..\Jugador.c:319:2: warning: 'edadDos' is used uninitialized in this function [-Wuninitialized]
  jug_getEdad(otroJugador, edadDos);
  ^~~~~~~~~~~~~~~~~~~~~~~~~~~~~~~~~
gcc -O0 -g3 -Wall -c -fmessage-length=0 -o main.o "..\\main.c" 
gcc -O0 -g3 -Wall -c -fmessage-length=0 -o parser.o "..\\parser.c" 
gcc -O0 -g3 -Wall -c -fmessage-length=0 -o Controller.o "..\\Controller.c" 
gcc "-LC:\\Users\\Julian Rodriguez\\Desktop\\PROGRAMACION  1\\TP3-2022\\eclipse_tp3_v5\\tp3_windows" -o pruebaTp3.exe Controller.o Jugador.o Seleccion.o ingresos.o main.o parser.o -lLinkedList 
01:37:20 **** Incremental Build of configuration Debug for project pruebaTp3 ****
Info: Internal Builder is used for build
gcc -O0 -g3 -Wall -c -fmessage-length=0 -o Jugador.o "..\\Jugador.c" 
gcc "-LC:\\Users\\Julian Rodriguez\\Desktop\\PROGRAMACION  1\\TP3-2022\\eclipse_tp3_v5\\tp3_windows" -o pruebaTp3.exe Controller.o Jugador.o Seleccion.o ingresos.o main.o parser.o -lLinkedList 
Info: Nothing to build for pruebaTp3
01:38:48 **** Incremental Build of configuration Debug for project pruebaTp3 ****
Info: Internal Builder is used for build
gcc -O0 -g3 -Wall -c -fmessage-length=0 -o Controller.o "..\\Controller.c" 
..\Controller.c: In function 'controller_ordenarJugadores':
..\Controller.c:278:6: error: 'pArrayListSeleccion' undeclared (first use in this function)
   if(pArrayListSeleccion!=NULL)
      ^~~~~~~~~~~~~~~~~~~
..\Controller.c:278:6: note: each undeclared identifier is reported only once for each function it appears in
..\Controller.c: In function 'controller_ordenarSelecciones':
..\Controller.c:420:1: warning: control reaches end of non-void function [-Wreturn-type]
 }
 ^
01:38:56 **** Incremental Build of configuration Debug for project pruebaTp3 ****
Info: Internal Builder is used for build
gcc -O0 -g3 -Wall -c -fmessage-length=0 -o Controller.o "..\\Controller.c" 
..\Controller.c: In function 'controller_ordenarJugadores':
..\Controller.c:290:13: error: 'pArrayListSeleccion' undeclared (first use in this function)
     ll_sort(pArrayListSeleccion, jug_OrdenarPorNacionalidad, orden);
             ^~~~~~~~~~~~~~~~~~~
..\Controller.c:290:13: note: each undeclared identifier is reported only once for each function it appears in
..\Controller.c: In function 'controller_ordenarSelecciones':
..\Controller.c:420:1: warning: control reaches end of non-void function [-Wreturn-type]
 }
 ^
01:39:05 **** Incremental Build of configuration Debug for project pruebaTp3 ****
Info: Internal Builder is used for build
gcc -O0 -g3 -Wall -c -fmessage-length=0 -o Controller.o "..\\Controller.c" 
..\Controller.c: In function 'controller_ordenarSelecciones':
..\Controller.c:420:1: warning: control reaches end of non-void function [-Wreturn-type]
 }
 ^
gcc "-LC:\\Users\\Julian Rodriguez\\Desktop\\PROGRAMACION  1\\TP3-2022\\eclipse_tp3_v5\\tp3_windows" -o pruebaTp3.exe Controller.o Jugador.o Seleccion.o ingresos.o main.o parser.o -lLinkedList 
01:39:20 **** Incremental Build of configuration Debug for project pruebaTp3 ****
Info: Internal Builder is used for build
gcc -O0 -g3 -Wall -c -fmessage-length=0 -o Controller.o "..\\Controller.c" 
..\Controller.c: In function 'controller_ordenarSelecciones':
..\Controller.c:419:2: warning: 'return' with no value, in function returning non-void
  return;
  ^~~~~~
..\Controller.c:417:5: note: declared here
 int controller_ordenarSelecciones(LinkedList* pArrayListSeleccion)
     ^~~~~~~~~~~~~~~~~~~~~~~~~~~~~
gcc "-LC:\\Users\\Julian Rodriguez\\Desktop\\PROGRAMACION  1\\TP3-2022\\eclipse_tp3_v5\\tp3_windows" -o pruebaTp3.exe Controller.o Jugador.o Seleccion.o ingresos.o main.o parser.o -lLinkedList 
01:39:25 **** Incremental Build of configuration Debug for project pruebaTp3 ****
Info: Internal Builder is used for build
gcc -O0 -g3 -Wall -c -fmessage-length=0 -o Controller.o "..\\Controller.c" 
gcc "-LC:\\Users\\Julian Rodriguez\\Desktop\\PROGRAMACION  1\\TP3-2022\\eclipse_tp3_v5\\tp3_windows" -o pruebaTp3.exe Controller.o Jugador.o Seleccion.o ingresos.o main.o parser.o -lLinkedList 
Info: Nothing to build for pruebaTp3
01:40:02 **** Incremental Build of configuration Debug for project pruebaTp3 ****
Info: Internal Builder is used for build
gcc -O0 -g3 -Wall -c -fmessage-length=0 -o Controller.o "..\\Controller.c" 
gcc "-LC:\\Users\\Julian Rodriguez\\Desktop\\PROGRAMACION  1\\TP3-2022\\eclipse_tp3_v5\\tp3_windows" -o pruebaTp3.exe Controller.o Jugador.o Seleccion.o ingresos.o main.o parser.o -lLinkedList 
Info: Nothing to build for pruebaTp3
01:42:05 **** Incremental Build of configuration Debug for project pruebaTp3 ****
Info: Internal Builder is used for build
gcc -O0 -g3 -Wall -c -fmessage-length=0 -o Controller.o "..\\Controller.c" 
gcc "-LC:\\Users\\Julian Rodriguez\\Desktop\\PROGRAMACION  1\\TP3-2022\\eclipse_tp3_v5\\tp3_windows" -o pruebaTp3.exe Controller.o Jugador.o Seleccion.o ingresos.o main.o parser.o -lLinkedList 
Info: Nothing to build for pruebaTp3
01:43:34 **** Incremental Build of configuration Debug for project pruebaTp3 ****
Info: Internal Builder is used for build
gcc -O0 -g3 -Wall -c -fmessage-length=0 -o Controller.o "..\\Controller.c" 
gcc "-LC:\\Users\\Julian Rodriguez\\Desktop\\PROGRAMACION  1\\TP3-2022\\eclipse_tp3_v5\\tp3_windows" -o pruebaTp3.exe Controller.o Jugador.o Seleccion.o ingresos.o main.o parser.o -lLinkedList 
Info: Nothing to build for pruebaTp3
01:56:00 **** Incremental Build of configuration Debug for project pruebaTp3 ****
Info: Internal Builder is used for build
gcc -O0 -g3 -Wall -c -fmessage-length=0 -o Controller.o "..\\Controller.c" 
..\Controller.c: In function 'controller_ordenarSelecciones':
..\Controller.c:417:32: error: 'selec_OrdenarPorConfederacion' undeclared (first use in this function)
   ll_sort(pArrayListSeleccion, selec_OrdenarPorConfederacion, 1);
                                ^~~~~~~~~~~~~~~~~~~~~~~~~~~~~
..\Controller.c:417:32: note: each undeclared identifier is reported only once for each function it appears in
01:57:51 **** Incremental Build of configuration Debug for project pruebaTp3 ****
Info: Internal Builder is used for build
gcc -O0 -g3 -Wall -c -fmessage-length=0 -o Seleccion.o "..\\Seleccion.c" 
..\Seleccion.c: In function 'selec_OrdenarPorConfederacion':
..\Seleccion.c:194:25: warning: passing argument 1 of 'selec_getConfederacion' from incompatible pointer type [-Wincompatible-pointer-types]
  selec_getConfederacion(confederacionUno, confederacionUno);
                         ^~~~~~~~~~~~~~~~
..\Seleccion.c:56:5: note: expected 'Seleccion * {aka struct <anonymous> *}' but argument is of type 'char *'
 int selec_getConfederacion(Seleccion* this,char* confederacion)
     ^~~~~~~~~~~~~~~~~~~~~~
gcc -O0 -g3 -Wall -c -fmessage-length=0 -o Controller.o "..\\Controller.c" 
gcc -O0 -g3 -Wall -c -fmessage-length=0 -o Jugador.o "..\\Jugador.c" 
gcc -O0 -g3 -Wall -c -fmessage-length=0 -o parser.o "..\\parser.c" 
gcc -O0 -g3 -Wall -c -fmessage-length=0 -o main.o "..\\main.c" 
gcc "-LC:\\Users\\Julian Rodriguez\\Desktop\\PROGRAMACION  1\\TP3-2022\\eclipse_tp3_v5\\tp3_windows" -o pruebaTp3.exe Controller.o Jugador.o Seleccion.o ingresos.o main.o parser.o -lLinkedList 
01:58:05 **** Incremental Build of configuration Debug for project pruebaTp3 ****
Info: Internal Builder is used for build
gcc -O0 -g3 -Wall -c -fmessage-length=0 -o Seleccion.o "..\\Seleccion.c" 
gcc "-LC:\\Users\\Julian Rodriguez\\Desktop\\PROGRAMACION  1\\TP3-2022\\eclipse_tp3_v5\\tp3_windows" -o pruebaTp3.exe Controller.o Jugador.o Seleccion.o ingresos.o main.o parser.o -lLinkedList 
Info: Nothing to build for pruebaTp3
02:00:29 **** Incremental Build of configuration Debug for project pruebaTp3 ****
Info: Internal Builder is used for build
gcc -O0 -g3 -Wall -c -fmessage-length=0 -o Controller.o "..\\Controller.c" 
gcc "-LC:\\Users\\Julian Rodriguez\\Desktop\\PROGRAMACION  1\\TP3-2022\\eclipse_tp3_v5\\tp3_windows" -o pruebaTp3.exe Controller.o Jugador.o Seleccion.o ingresos.o main.o parser.o -lLinkedList 
Info: Nothing to build for pruebaTp3
02:01:23 **** Incremental Build of configuration Debug for project pruebaTp3 ****
Info: Internal Builder is used for build
gcc -O0 -g3 -Wall -c -fmessage-length=0 -o Controller.o "..\\Controller.c" 
..\Controller.c: In function 'controller_ordenarSelecciones':
..\Controller.c:415:6: warning: unused variable 'tam' [-Wunused-variable]
  int tam;
      ^~~
gcc "-LC:\\Users\\Julian Rodriguez\\Desktop\\PROGRAMACION  1\\TP3-2022\\eclipse_tp3_v5\\tp3_windows" -o pruebaTp3.exe Controller.o Jugador.o Seleccion.o ingresos.o main.o parser.o -lLinkedList 
02:01:30 **** Incremental Build of configuration Debug for project pruebaTp3 ****
Info: Internal Builder is used for build
gcc -O0 -g3 -Wall -c -fmessage-length=0 -o Controller.o "..\\Controller.c" 
gcc "-LC:\\Users\\Julian Rodriguez\\Desktop\\PROGRAMACION  1\\TP3-2022\\eclipse_tp3_v5\\tp3_windows" -o pruebaTp3.exe Controller.o Jugador.o Seleccion.o ingresos.o main.o parser.o -lLinkedList 
Info: Nothing to build for pruebaTp3
02:01:41 **** Incremental Build of configuration Debug for project pruebaTp3 ****
Info: Internal Builder is used for build
gcc -O0 -g3 -Wall -c -fmessage-length=0 -o Controller.o "..\\Controller.c" 
gcc "-LC:\\Users\\Julian Rodriguez\\Desktop\\PROGRAMACION  1\\TP3-2022\\eclipse_tp3_v5\\tp3_windows" -o pruebaTp3.exe Controller.o Jugador.o Seleccion.o ingresos.o main.o parser.o -lLinkedList 
Info: Nothing to build for pruebaTp3
Info: Nothing to build for pruebaTp3
02:19:05 **** Incremental Build of configuration Debug for project pruebaTp3 ****
Info: Internal Builder is used for build
gcc -O0 -g3 -Wall -c -fmessage-length=0 -o Controller.o "..\\Controller.c" 
..\Controller.c: In function 'selec_IngresarConfederacion':
..\Controller.c:350:16: warning: comparison with string literal results in unspecified behavior [-Waddress]
    if(opcionAux!="AFC" && opcionAux!="CAF" && opcionAux!="CONCACAF" && opcionAux!="CONMEBOL" && opcionAux!="UEFA")
                ^~
..\Controller.c:350:36: warning: comparison with string literal results in unspecified behavior [-Waddress]
    if(opcionAux!="AFC" && opcionAux!="CAF" && opcionAux!="CONCACAF" && opcionAux!="CONMEBOL" && opcionAux!="UEFA")
                                    ^~
..\Controller.c:350:56: warning: comparison with string literal results in unspecified behavior [-Waddress]
    if(opcionAux!="AFC" && opcionAux!="CAF" && opcionAux!="CONCACAF" && opcionAux!="CONMEBOL" && opcionAux!="UEFA")
                                                        ^~
..\Controller.c:350:81: warning: comparison with string literal results in unspecified behavior [-Waddress]
    if(opcionAux!="AFC" && opcionAux!="CAF" && opcionAux!="CONCACAF" && opcionAux!="CONMEBOL" && opcionAux!="UEFA")
                                                                                 ^~
..\Controller.c:350:106: warning: comparison with string literal results in unspecified behavior [-Waddress]
    if(opcionAux!="AFC" && opcionAux!="CAF" && opcionAux!="CONCACAF" && opcionAux!="CONMEBOL" && opcionAux!="UEFA")
                                                                                                          ^~
gcc -O0 -g3 -Wall -c -fmessage-length=0 -o parser.o "..\\parser.c" 
gcc -O0 -g3 -Wall -c -fmessage-length=0 -o Seleccion.o "..\\Seleccion.c" 
gcc -O0 -g3 -Wall -c -fmessage-length=0 -o Jugador.o "..\\Jugador.c" 
gcc "-LC:\\Users\\Julian Rodriguez\\Desktop\\PROGRAMACION  1\\TP3-2022\\eclipse_tp3_v5\\tp3_windows" -o pruebaTp3.exe Controller.o Jugador.o Seleccion.o ingresos.o main.o parser.o -lLinkedList 
02:21:41 **** Incremental Build of configuration Debug for project pruebaTp3 ****
Info: Internal Builder is used for build
gcc -O0 -g3 -Wall -c -fmessage-length=0 -o Controller.o "..\\Controller.c" 
..\Controller.c: In function 'selec_IngresarConfederacion':
..\Controller.c:351:7: warning: implicit declaration of function 'strcmp' [-Wimplicit-function-declaration]
    if(strcmp(opcionAux,"AFC")==0 || strcmp(opcionAux,"CAF")==0 || strcmp(opcionAux,"CONCACAF")==0 || strcmp(opcionAux,"CONMEBOL")==0 || strcmp(opcionAux,"UEFA")==0)
       ^~~~~~
gcc "-LC:\\Users\\Julian Rodriguez\\Desktop\\PROGRAMACION  1\\TP3-2022\\eclipse_tp3_v5\\tp3_windows" -o pruebaTp3.exe Controller.o Jugador.o Seleccion.o ingresos.o main.o parser.o -lLinkedList 
02:22:03 **** Incremental Build of configuration Debug for project pruebaTp3 ****
Info: Internal Builder is used for build
gcc -O0 -g3 -Wall -c -fmessage-length=0 -o Controller.o "..\\Controller.c" 
gcc "-LC:\\Users\\Julian Rodriguez\\Desktop\\PROGRAMACION  1\\TP3-2022\\eclipse_tp3_v5\\tp3_windows" -o pruebaTp3.exe Controller.o Jugador.o Seleccion.o ingresos.o main.o parser.o -lLinkedList 
02:22:47 **** Incremental Build of configuration Debug for project pruebaTp3 ****
Info: Internal Builder is used for build
gcc -O0 -g3 -Wall -c -fmessage-length=0 -o Controller.o "..\\Controller.c" 
gcc "-LC:\\Users\\Julian Rodriguez\\Desktop\\PROGRAMACION  1\\TP3-2022\\eclipse_tp3_v5\\tp3_windows" -o pruebaTp3.exe Controller.o Jugador.o Seleccion.o ingresos.o main.o parser.o -lLinkedList 
02:23:59 **** Incremental Build of configuration Debug for project pruebaTp3 ****
Info: Internal Builder is used for build
gcc -O0 -g3 -Wall -c -fmessage-length=0 -o Controller.o "..\\Controller.c" 
gcc -O0 -g3 -Wall -c -fmessage-length=0 -o Jugador.o "..\\Jugador.c" 
gcc -O0 -g3 -Wall -c -fmessage-length=0 -o main.o "..\\main.c" 
gcc -O0 -g3 -Wall -c -fmessage-length=0 -o Seleccion.o "..\\Seleccion.c" 
gcc -O0 -g3 -Wall -c -fmessage-length=0 -o parser.o "..\\parser.c" 
gcc "-LC:\\Users\\Julian Rodriguez\\Desktop\\PROGRAMACION  1\\TP3-2022\\eclipse_tp3_v5\\tp3_windows" -o pruebaTp3.exe Controller.o Jugador.o Seleccion.o ingresos.o main.o parser.o -lLinkedList 
02:25:19 **** Incremental Build of configuration Debug for project pruebaTp3 ****
Info: Internal Builder is used for build
gcc -O0 -g3 -Wall -c -fmessage-length=0 -o main.o "..\\main.c" 
..\main.c: In function 'main':
..\main.c:60:14: warning: implicit declaration of function 'selec_IngresarConfederacion' [-Wimplicit-function-declaration]
              selec_IngresarConfederacion(pArrayListJugador, &opcion)
              ^~~~~~~~~~~~~~~~~~~~~~~~~~~
..\main.c:60:42: error: 'pArrayListJugador' undeclared (first use in this function)
              selec_IngresarConfederacion(pArrayListJugador, &opcion)
                                          ^~~~~~~~~~~~~~~~~
..\main.c:60:42: note: each undeclared identifier is reported only once for each function it appears in
..\main.c:60:62: error: 'opcion' undeclared (first use in this function)
              selec_IngresarConfederacion(pArrayListJugador, &opcion)
                                                              ^~~~~~
..\main.c:62:13: error: expected ';' before 'break'
             break;
             ^~~~~
02:26:41 **** Incremental Build of configuration Debug for project pruebaTp3 ****
Info: Internal Builder is used for build
gcc -O0 -g3 -Wall -c -fmessage-length=0 -o main.o "..\\main.c" 
..\main.c: In function 'main':
..\main.c:61:14: warning: implicit declaration of function 'selec_IngresarConfederacion' [-Wimplicit-function-declaration]
              selec_IngresarConfederacion(probando);
              ^~~~~~~~~~~~~~~~~~~~~~~~~~~
gcc -O0 -g3 -Wall -c -fmessage-length=0 -o Controller.o "..\\Controller.c" 
gcc -O0 -g3 -Wall -c -fmessage-length=0 -o parser.o "..\\parser.c" 
gcc -O0 -g3 -Wall -c -fmessage-length=0 -o Seleccion.o "..\\Seleccion.c" 
gcc -O0 -g3 -Wall -c -fmessage-length=0 -o Jugador.o "..\\Jugador.c" 
gcc "-LC:\\Users\\Julian Rodriguez\\Desktop\\PROGRAMACION  1\\TP3-2022\\eclipse_tp3_v5\\tp3_windows" -o pruebaTp3.exe Controller.o Jugador.o Seleccion.o ingresos.o main.o parser.o -lLinkedList 
02:27:02 **** Incremental Build of configuration Debug for project pruebaTp3 ****
Info: Internal Builder is used for build
gcc -O0 -g3 -Wall -c -fmessage-length=0 -o main.o "..\\main.c" 
gcc "-LC:\\Users\\Julian Rodriguez\\Desktop\\PROGRAMACION  1\\TP3-2022\\eclipse_tp3_v5\\tp3_windows" -o pruebaTp3.exe Controller.o Jugador.o Seleccion.o ingresos.o main.o parser.o -lLinkedList 
Info: Nothing to build for pruebaTp3
02:27:14 **** Incremental Build of configuration Debug for project pruebaTp3 ****
Info: Internal Builder is used for build
gcc -O0 -g3 -Wall -c -fmessage-length=0 -o main.o "..\\main.c" 
gcc "-LC:\\Users\\Julian Rodriguez\\Desktop\\PROGRAMACION  1\\TP3-2022\\eclipse_tp3_v5\\tp3_windows" -o pruebaTp3.exe Controller.o Jugador.o Seleccion.o ingresos.o main.o parser.o -lLinkedList 
02:27:54 **** Incremental Build of configuration Debug for project pruebaTp3 ****
Info: Internal Builder is used for build
gcc -O0 -g3 -Wall -c -fmessage-length=0 -o Seleccion.o "..\\Seleccion.c" 
gcc "-LC:\\Users\\Julian Rodriguez\\Desktop\\PROGRAMACION  1\\TP3-2022\\eclipse_tp3_v5\\tp3_windows" -o pruebaTp3.exe Controller.o Jugador.o Seleccion.o ingresos.o main.o parser.o -lLinkedList 
Info: Nothing to build for pruebaTp3
Info: Nothing to build for pruebaTp3
02:28:29 **** Incremental Build of configuration Debug for project pruebaTp3 ****
Info: Internal Builder is used for build
gcc -O0 -g3 -Wall -c -fmessage-length=0 -o main.o "..\\main.c" 
gcc "-LC:\\Users\\Julian Rodriguez\\Desktop\\PROGRAMACION  1\\TP3-2022\\eclipse_tp3_v5\\tp3_windows" -o pruebaTp3.exe Controller.o Jugador.o Seleccion.o ingresos.o main.o parser.o -lLinkedList 
c:/mingw/bin/../lib/gcc/mingw32/6.3.0/../../../../mingw32/bin/ld.exe: cannot open output file pruebaTp3.exe: Permission denied
collect2.exe: error: ld returned 1 exit status
02:28:32 **** Incremental Build of configuration Debug for project pruebaTp3 ****
Info: Internal Builder is used for build
gcc "-LC:\\Users\\Julian Rodriguez\\Desktop\\PROGRAMACION  1\\TP3-2022\\eclipse_tp3_v5\\tp3_windows" -o pruebaTp3.exe Controller.o Jugador.o Seleccion.o ingresos.o main.o parser.o -lLinkedList 
