17:04:15 **** Rebuild of configuration Debug for project pruebaTp3 ****
Info: Internal Builder is used for build
gcc -O0 -g3 -Wall -c -fmessage-length=0 -o main.o "..\\main.c" 
gcc -O0 -g3 -Wall -c -fmessage-length=0 -o parser.o "..\\parser.c" 
gcc -O0 -g3 -Wall -c -fmessage-length=0 -o Jugador.o "..\\Jugador.c" 
gcc -O0 -g3 -Wall -c -fmessage-length=0 -o Controller.o "..\\Controller.c" 
gcc -O0 -g3 -Wall -c -fmessage-length=0 -o Seleccion.o "..\\Seleccion.c" 
gcc "-LC:\\Users\\Julian Rodriguez\\Desktop\\PROGRAMACION  1\\TP3-2022\\eclipse_tp3_v5\\tp3_windows" -o pruebaTp3.exe Controller.o Jugador.o Seleccion.o main.o parser.o -lLinkedList 
Info: Nothing to build for pruebaTp3
01:16:41 **** Incremental Build of configuration Debug for project pruebaTp3 ****
Info: Internal Builder is used for build
gcc -O0 -g3 -Wall -c -fmessage-length=0 -o Jugador.o "..\\Jugador.c" 
..\Jugador.c: In function 'jug_getId':
..\Jugador.c:22:6: error: redefinition of 'retorno'
  int retorno=-1;
      ^~~~~~~
..\Jugador.c:21:6: note: previous definition of 'retorno' was here
  int retorno=-1;
      ^~~~~~~
..\Jugador.c: In function 'jug_getNombreCompleto':
..\Jugador.c:46:25: warning: passing argument 2 of 'strcpy' makes pointer from integer without a cast [-Wint-conversion]
   strcpy(nombreCompleto,*this->nombreCompleto);
                         ^
In file included from ..\Jugador.c:6:0:
c:\mingw\include\string.h:79:40: note: expected 'const char *' but argument is of type 'char'
 _CRTIMP __cdecl __MINGW_NOTHROW  char *strcpy (char *, const char *);
                                        ^~~~~~
01:17:17 **** Incremental Build of configuration Debug for project pruebaTp3 ****
Info: Internal Builder is used for build
gcc -O0 -g3 -Wall -c -fmessage-length=0 -o Jugador.o "..\\Jugador.c" 
..\Jugador.c: In function 'jug_getNombreCompleto':
..\Jugador.c:45:10: warning: passing argument 1 of 'strcpy' makes pointer from integer without a cast [-Wint-conversion]
   strcpy(*nombreCompleto,*this->nombreCompleto);
          ^
In file included from ..\Jugador.c:6:0:
c:\mingw\include\string.h:79:40: note: expected 'char *' but argument is of type 'char'
 _CRTIMP __cdecl __MINGW_NOTHROW  char *strcpy (char *, const char *);
                                        ^~~~~~
..\Jugador.c:45:26: warning: passing argument 2 of 'strcpy' makes pointer from integer without a cast [-Wint-conversion]
   strcpy(*nombreCompleto,*this->nombreCompleto);
                          ^
In file included from ..\Jugador.c:6:0:
c:\mingw\include\string.h:79:40: note: expected 'const char *' but argument is of type 'char'
 _CRTIMP __cdecl __MINGW_NOTHROW  char *strcpy (char *, const char *);
                                        ^~~~~~
gcc "-LC:\\Users\\Julian Rodriguez\\Desktop\\PROGRAMACION  1\\TP3-2022\\eclipse_tp3_v5\\tp3_windows" -o pruebaTp3.exe Controller.o Jugador.o Seleccion.o main.o parser.o -lLinkedList 
c:/mingw/bin/../lib/gcc/mingw32/6.3.0/../../../../mingw32/bin/ld.exe: cannot open output file pruebaTp3.exe: Permission denied
collect2.exe: error: ld returned 1 exit status
01:17:22 **** Incremental Build of configuration Debug for project pruebaTp3 ****
Info: Internal Builder is used for build
gcc -O0 -g3 -Wall -c -fmessage-length=0 -o Jugador.o "..\\Jugador.c" 
..\Jugador.c: In function 'jug_getNombreCompleto':
..\Jugador.c:45:10: warning: passing argument 1 of 'strcpy' makes pointer from integer without a cast [-Wint-conversion]
   strcpy(*nombreCompleto,this->nombreCompleto);
          ^
In file included from ..\Jugador.c:6:0:
c:\mingw\include\string.h:79:40: note: expected 'char *' but argument is of type 'char'
 _CRTIMP __cdecl __MINGW_NOTHROW  char *strcpy (char *, const char *);
                                        ^~~~~~
gcc "-LC:\\Users\\Julian Rodriguez\\Desktop\\PROGRAMACION  1\\TP3-2022\\eclipse_tp3_v5\\tp3_windows" -o pruebaTp3.exe Controller.o Jugador.o Seleccion.o main.o parser.o -lLinkedList 
c:/mingw/bin/../lib/gcc/mingw32/6.3.0/../../../../mingw32/bin/ld.exe: cannot open output file pruebaTp3.exe: Permission denied
collect2.exe: error: ld returned 1 exit status
01:17:31 **** Incremental Build of configuration Debug for project pruebaTp3 ****
Info: Internal Builder is used for build
gcc -O0 -g3 -Wall -c -fmessage-length=0 -o Jugador.o "..\\Jugador.c" 
gcc "-LC:\\Users\\Julian Rodriguez\\Desktop\\PROGRAMACION  1\\TP3-2022\\eclipse_tp3_v5\\tp3_windows" -o pruebaTp3.exe Controller.o Jugador.o Seleccion.o main.o parser.o -lLinkedList 
c:/mingw/bin/../lib/gcc/mingw32/6.3.0/../../../../mingw32/bin/ld.exe: cannot open output file pruebaTp3.exe: Permission denied
collect2.exe: error: ld returned 1 exit status
01:17:35 **** Incremental Build of configuration Debug for project pruebaTp3 ****
Info: Internal Builder is used for build
gcc "-LC:\\Users\\Julian Rodriguez\\Desktop\\PROGRAMACION  1\\TP3-2022\\eclipse_tp3_v5\\tp3_windows" -o pruebaTp3.exe Controller.o Jugador.o Seleccion.o main.o parser.o -lLinkedList 
01:17:41 **** Incremental Build of configuration Debug for project pruebaTp3 ****
Info: Internal Builder is used for build
gcc -O0 -g3 -Wall -c -fmessage-length=0 -o Jugador.o "..\\Jugador.c" 
gcc "-LC:\\Users\\Julian Rodriguez\\Desktop\\PROGRAMACION  1\\TP3-2022\\eclipse_tp3_v5\\tp3_windows" -o pruebaTp3.exe Controller.o Jugador.o Seleccion.o main.o parser.o -lLinkedList 
01:37:13 **** Incremental Build of configuration Debug for project pruebaTp3 ****
Info: Internal Builder is used for build
gcc -O0 -g3 -Wall -c -fmessage-length=0 -o Jugador.o "..\\Jugador.c" 
..\Jugador.c: In function 'jug_getNacionalidad':
..\Jugador.c:87:10: warning: passing argument 1 of 'strcpy' makes pointer from integer without a cast [-Wint-conversion]
   strcpy(*nacionalidad,this->nombreCompleto);
          ^
In file included from ..\Jugador.c:6:0:
c:\mingw\include\string.h:79:40: note: expected 'char *' but argument is of type 'char'
 _CRTIMP __cdecl __MINGW_NOTHROW  char *strcpy (char *, const char *);
                                        ^~~~~~
gcc -O0 -g3 -Wall -c -fmessage-length=0 -o main.o "..\\main.c" 
gcc -O0 -g3 -Wall -c -fmessage-length=0 -o Controller.o "..\\Controller.c" 
gcc -O0 -g3 -Wall -c -fmessage-length=0 -o parser.o "..\\parser.c" 
gcc "-LC:\\Users\\Julian Rodriguez\\Desktop\\PROGRAMACION  1\\TP3-2022\\eclipse_tp3_v5\\tp3_windows" -o pruebaTp3.exe Controller.o Jugador.o Seleccion.o main.o parser.o -lLinkedList 
01:37:25 **** Incremental Build of configuration Debug for project pruebaTp3 ****
Info: Internal Builder is used for build
gcc -O0 -g3 -Wall -c -fmessage-length=0 -o Jugador.o "..\\Jugador.c" 
gcc "-LC:\\Users\\Julian Rodriguez\\Desktop\\PROGRAMACION  1\\TP3-2022\\eclipse_tp3_v5\\tp3_windows" -o pruebaTp3.exe Controller.o Jugador.o Seleccion.o main.o parser.o -lLinkedList 
01:39:53 **** Incremental Build of configuration Debug for project pruebaTp3 ****
Info: Internal Builder is used for build
gcc -O0 -g3 -Wall -c -fmessage-length=0 -o Jugador.o "..\\Jugador.c" 
gcc "-LC:\\Users\\Julian Rodriguez\\Desktop\\PROGRAMACION  1\\TP3-2022\\eclipse_tp3_v5\\tp3_windows" -o pruebaTp3.exe Controller.o Jugador.o Seleccion.o main.o parser.o -lLinkedList 
01:43:54 **** Incremental Build of configuration Debug for project pruebaTp3 ****
Info: Internal Builder is used for build
gcc -O0 -g3 -Wall -c -fmessage-length=0 -o Seleccion.o "..\\Seleccion.c" 
..\Seleccion.c:4:17: error: unknown type name 'Seleccion'
 int selec_getId(Seleccion* this,int* id)
                 ^~~~~~~~~
..\Seleccion.c:14:19: error: unknown type name 'Seleccion'
 int selec_getPais(Seleccion* this,char* pais)
                   ^~~~~~~~~
..\Seleccion.c:25:28: error: unknown type name 'Seleccion'
 int selec_getConfederacion(Seleccion* this,char* confederacion)
                            ^~~~~~~~~
..\Seleccion.c:34:25: error: unknown type name 'Seleccion'
 int selec_setConvocados(Seleccion* this,int convocados)
                         ^~~~~~~~~
..\Seleccion.c:40:25: error: unknown type name 'Seleccion'
 int selec_getConvocados(Seleccion* this,int* convocados)
                         ^~~~~~~~~
01:44:26 **** Incremental Build of configuration Debug for project pruebaTp3 ****
Info: Internal Builder is used for build
gcc -O0 -g3 -Wall -c -fmessage-length=0 -o Seleccion.o "..\\Seleccion.c" 
gcc "-LC:\\Users\\Julian Rodriguez\\Desktop\\PROGRAMACION  1\\TP3-2022\\eclipse_tp3_v5\\tp3_windows" -o pruebaTp3.exe Controller.o Jugador.o Seleccion.o main.o parser.o -lLinkedList 
01:46:24 **** Incremental Build of configuration Debug for project pruebaTp3 ****
Info: Internal Builder is used for build
gcc -O0 -g3 -Wall -c -fmessage-length=0 -o Seleccion.o "..\\Seleccion.c" 
gcc "-LC:\\Users\\Julian Rodriguez\\Desktop\\PROGRAMACION  1\\TP3-2022\\eclipse_tp3_v5\\tp3_windows" -o pruebaTp3.exe Controller.o Jugador.o Seleccion.o main.o parser.o -lLinkedList 
02:00:29 **** Incremental Build of configuration Debug for project pruebaTp3 ****
Info: Internal Builder is used for build
gcc -O0 -g3 -Wall -c -fmessage-length=0 -o Seleccion.o "..\\Seleccion.c" 
..\Seleccion.c: In function 'selec_new':
..\Seleccion.c:8:13: warning: variable 'pSeleccion' set but not used [-Wunused-but-set-variable]
  Seleccion* pSeleccion;
             ^~~~~~~~~~
..\Seleccion.c:11:1: warning: control reaches end of non-void function [-Wreturn-type]
 }
 ^
gcc -O0 -g3 -Wall -c -fmessage-length=0 -o parser.o "..\\parser.c" 
gcc -O0 -g3 -Wall -c -fmessage-length=0 -o Controller.o "..\\Controller.c" 
gcc "-LC:\\Users\\Julian Rodriguez\\Desktop\\PROGRAMACION  1\\TP3-2022\\eclipse_tp3_v5\\tp3_windows" -o pruebaTp3.exe Controller.o Jugador.o Seleccion.o main.o parser.o -lLinkedList 
02:00:54 **** Incremental Build of configuration Debug for project pruebaTp3 ****
Info: Internal Builder is used for build
gcc -O0 -g3 -Wall -c -fmessage-length=0 -o Seleccion.o "..\\Seleccion.c" 
..\Seleccion.c: In function 'selec_new':
..\Seleccion.c:9:27: error: too many arguments to function 'malloc'
  pSeleccion = (Seleccion*)malloc(1,sizeof(Seleccion)*1);
                           ^~~~~~
In file included from ..\Seleccion.c:2:0:
c:\mingw\include\stdlib.h:485:40: note: declared here
 _CRTIMP __cdecl __MINGW_NOTHROW  void *malloc (size_t) __MINGW_ATTRIB_MALLOC;
                                        ^~~~~~
..\Seleccion.c:8:13: warning: variable 'pSeleccion' set but not used [-Wunused-but-set-variable]
  Seleccion* pSeleccion;
             ^~~~~~~~~~
..\Seleccion.c:11:1: warning: control reaches end of non-void function [-Wreturn-type]
 }
 ^
02:00:58 **** Incremental Build of configuration Debug for project pruebaTp3 ****
Info: Internal Builder is used for build
gcc -O0 -g3 -Wall -c -fmessage-length=0 -o Seleccion.o "..\\Seleccion.c" 
..\Seleccion.c: In function 'selec_new':
..\Seleccion.c:8:13: warning: variable 'pSeleccion' set but not used [-Wunused-but-set-variable]
  Seleccion* pSeleccion;
             ^~~~~~~~~~
..\Seleccion.c:11:1: warning: control reaches end of non-void function [-Wreturn-type]
 }
 ^
gcc "-LC:\\Users\\Julian Rodriguez\\Desktop\\PROGRAMACION  1\\TP3-2022\\eclipse_tp3_v5\\tp3_windows" -o pruebaTp3.exe Controller.o Jugador.o Seleccion.o main.o parser.o -lLinkedList 
02:01:04 **** Incremental Build of configuration Debug for project pruebaTp3 ****
Info: Internal Builder is used for build
gcc -O0 -g3 -Wall -c -fmessage-length=0 -o Seleccion.o "..\\Seleccion.c" 
..\Seleccion.c: In function 'selec_new':
..\Seleccion.c:8:13: warning: variable 'pSeleccion' set but not used [-Wunused-but-set-variable]
  Seleccion* pSeleccion;
             ^~~~~~~~~~
..\Seleccion.c:11:1: warning: control reaches end of non-void function [-Wreturn-type]
 }
 ^
gcc "-LC:\\Users\\Julian Rodriguez\\Desktop\\PROGRAMACION  1\\TP3-2022\\eclipse_tp3_v5\\tp3_windows" -o pruebaTp3.exe Controller.o Jugador.o Seleccion.o main.o parser.o -lLinkedList 
02:01:17 **** Incremental Build of configuration Debug for project pruebaTp3 ****
Info: Internal Builder is used for build
gcc -O0 -g3 -Wall -c -fmessage-length=0 -o Seleccion.o "..\\Seleccion.c" 
gcc "-LC:\\Users\\Julian Rodriguez\\Desktop\\PROGRAMACION  1\\TP3-2022\\eclipse_tp3_v5\\tp3_windows" -o pruebaTp3.exe Controller.o Jugador.o Seleccion.o main.o parser.o -lLinkedList 
02:07:12 **** Incremental Build of configuration Debug for project pruebaTp3 ****
Info: Internal Builder is used for build
gcc -O0 -g3 -Wall -c -fmessage-length=0 -o Seleccion.o "..\\Seleccion.c" 
..\Seleccion.c: In function 'selec_newParametros':
..\Seleccion.c:18:25: warning: assignment makes integer from pointer without a cast [-Wint-conversion]
   pSeleccion->convocados=convocadosStr;
                         ^
..\Seleccion.c:19:17: warning: assignment makes integer from pointer without a cast [-Wint-conversion]
   pSeleccion->id=idStr;
                 ^
gcc "-LC:\\Users\\Julian Rodriguez\\Desktop\\PROGRAMACION  1\\TP3-2022\\eclipse_tp3_v5\\tp3_windows" -o pruebaTp3.exe Controller.o Jugador.o Seleccion.o main.o parser.o -lLinkedList 
02:07:21 **** Incremental Build of configuration Debug for project pruebaTp3 ****
Info: Internal Builder is used for build
gcc -O0 -g3 -Wall -c -fmessage-length=0 -o Seleccion.o "..\\Seleccion.c" 
gcc "-LC:\\Users\\Julian Rodriguez\\Desktop\\PROGRAMACION  1\\TP3-2022\\eclipse_tp3_v5\\tp3_windows" -o pruebaTp3.exe Controller.o Jugador.o Seleccion.o main.o parser.o -lLinkedList 
02:11:16 **** Incremental Build of configuration Debug for project pruebaTp3 ****
Info: Internal Builder is used for build
gcc -O0 -g3 -Wall -c -fmessage-length=0 -o Jugador.o "..\\Jugador.c" 
gcc "-LC:\\Users\\Julian Rodriguez\\Desktop\\PROGRAMACION  1\\TP3-2022\\eclipse_tp3_v5\\tp3_windows" -o pruebaTp3.exe Controller.o Jugador.o Seleccion.o main.o parser.o -lLinkedList 
02:26:40 **** Incremental Build of configuration Debug for project pruebaTp3 ****
Info: Internal Builder is used for build
gcc -O0 -g3 -Wall -c -fmessage-length=0 -o main.o "..\\main.c" 
..\main.c: In function 'main':
..\main.c:13:11: warning: unused variable 'miArchivo' [-Wunused-variable]
     FILE* miArchivo;
           ^~~~~~~~~
gcc -O0 -g3 -Wall -c -fmessage-length=0 -o parser.o "..\\parser.c" 
..\parser.c: In function 'parser_JugadorFromText':
..\parser.c:23:21: warning: format '%[^,' expects argument of type 'char *', but argument 3 has type 'char (*)[50]' [-Wformat=]
    fscanf(pFile,"%[^,],",(id+1));
                     ^
gcc "-LC:\\Users\\Julian Rodriguez\\Desktop\\PROGRAMACION  1\\TP3-2022\\eclipse_tp3_v5\\tp3_windows" -o pruebaTp3.exe Controller.o Jugador.o Seleccion.o main.o parser.o -lLinkedList 
02:26:53 **** Incremental Build of configuration Debug for project pruebaTp3 ****
Info: Internal Builder is used for build
gcc -O0 -g3 -Wall -c -fmessage-length=0 -o parser.o "..\\parser.c" 
gcc "-LC:\\Users\\Julian Rodriguez\\Desktop\\PROGRAMACION  1\\TP3-2022\\eclipse_tp3_v5\\tp3_windows" -o pruebaTp3.exe Controller.o Jugador.o Seleccion.o main.o parser.o -lLinkedList 
02:28:27 **** Incremental Build of configuration Debug for project pruebaTp3 ****
Info: Internal Builder is used for build
gcc -O0 -g3 -Wall -c -fmessage-length=0 -o parser.o "..\\parser.c" 
..\parser.c: In function 'parser_JugadorFromText':
..\parser.c:23:17: error: called object is not a function or function pointer
    fscanf(pFile,"%[^,],%[^,],%[^,],%[^,],%[^,],%[^\n]\n"(*(id+0)),  (*(id+1)),(*(id+2)),(*(id+3)),(*(id+4)),(*(id+5))  );
                 ^~~~~~~~~~~~~~~~~~~~~~~~~~~~~~~~~~~~~~~~
02:29:12 **** Incremental Build of configuration Debug for project pruebaTp3 ****
Info: Internal Builder is used for build
gcc -O0 -g3 -Wall -c -fmessage-length=0 -o parser.o "..\\parser.c" 
..\parser.c: In function 'parser_JugadorFromText':
..\parser.c:23:17: error: called object is not a function or function pointer
    fscanf(pFile,"%[^,],"(*(id+0)));
                 ^~~~~~~~
02:30:00 **** Incremental Build of configuration Debug for project pruebaTp3 ****
Info: Internal Builder is used for build
gcc -O0 -g3 -Wall -c -fmessage-length=0 -o parser.o "..\\parser.c" 
..\parser.c: In function 'parser_JugadorFromText':
..\parser.c:23:17: error: called object is not a function or function pointer
    fscanf(pFile,"%[^,],"(*(texto+0)));
                 ^~~~~~~~
02:30:34 **** Incremental Build of configuration Debug for project pruebaTp3 ****
Info: Internal Builder is used for build
gcc -O0 -g3 -Wall -c -fmessage-length=0 -o parser.o "..\\parser.c" 
gcc "-LC:\\Users\\Julian Rodriguez\\Desktop\\PROGRAMACION  1\\TP3-2022\\eclipse_tp3_v5\\tp3_windows" -o pruebaTp3.exe Controller.o Jugador.o Seleccion.o main.o parser.o -lLinkedList 
02:30:41 **** Incremental Build of configuration Debug for project pruebaTp3 ****
Info: Internal Builder is used for build
gcc -O0 -g3 -Wall -c -fmessage-length=0 -o parser.o "..\\parser.c" 
..\parser.c: In function 'parser_JugadorFromText':
..\parser.c:24:61: error: 'id' undeclared (first use in this function)
    fscanf(pFile,"%[^,],%[^,],%[^,],%[^,],%[^,],%[^\n]\n",(*(id+0)),  (*(id+1)),(*(id+2)),(*(id+3)),(*(id+4)),(*(id+5)) );
                                                             ^~
..\parser.c:24:61: note: each undeclared identifier is reported only once for each function it appears in
02:31:16 **** Incremental Build of configuration Debug for project pruebaTp3 ****
Info: Internal Builder is used for build
gcc -O0 -g3 -Wall -c -fmessage-length=0 -o parser.o "..\\parser.c" 
gcc "-LC:\\Users\\Julian Rodriguez\\Desktop\\PROGRAMACION  1\\TP3-2022\\eclipse_tp3_v5\\tp3_windows" -o pruebaTp3.exe Controller.o Jugador.o Seleccion.o main.o parser.o -lLinkedList 
02:32:06 **** Incremental Build of configuration Debug for project pruebaTp3 ****
Info: Internal Builder is used for build
gcc -O0 -g3 -Wall -c -fmessage-length=0 -o parser.o "..\\parser.c" 
gcc "-LC:\\Users\\Julian Rodriguez\\Desktop\\PROGRAMACION  1\\TP3-2022\\eclipse_tp3_v5\\tp3_windows" -o pruebaTp3.exe Controller.o Jugador.o Seleccion.o main.o parser.o -lLinkedList 
02:32:31 **** Incremental Build of configuration Debug for project pruebaTp3 ****
Info: Internal Builder is used for build
gcc -O0 -g3 -Wall -c -fmessage-length=0 -o main.o "..\\main.c" 
..\main.c: In function 'main':
..\main.c:14:6: warning: implicit declaration of function 'parser_JugadorFromText' [-Wimplicit-function-declaration]
      parser_JugadorFromText(miArchivo , listaJugadores);
      ^~~~~~~~~~~~~~~~~~~~~~
..\main.c:14:6: warning: 'miArchivo' is used uninitialized in this function [-Wuninitialized]
      parser_JugadorFromText(miArchivo , listaJugadores);
      ^~~~~~~~~~~~~~~~~~~~~~~~~~~~~~~~~~~~~~~~~~~~~~~~~~
gcc "-LC:\\Users\\Julian Rodriguez\\Desktop\\PROGRAMACION  1\\TP3-2022\\eclipse_tp3_v5\\tp3_windows" -o pruebaTp3.exe Controller.o Jugador.o Seleccion.o main.o parser.o -lLinkedList 
02:32:47 **** Incremental Build of configuration Debug for project pruebaTp3 ****
Info: Internal Builder is used for build
gcc -O0 -g3 -Wall -c -fmessage-length=0 -o main.o "..\\main.c" 
..\main.c: In function 'main':
..\main.c:16:6: warning: 'miArchivo' is used uninitialized in this function [-Wuninitialized]
      parser_JugadorFromText(miArchivo , listaJugadores);
      ^~~~~~~~~~~~~~~~~~~~~~~~~~~~~~~~~~~~~~~~~~~~~~~~~~
gcc "-LC:\\Users\\Julian Rodriguez\\Desktop\\PROGRAMACION  1\\TP3-2022\\eclipse_tp3_v5\\tp3_windows" -o pruebaTp3.exe Controller.o Jugador.o Seleccion.o main.o parser.o -lLinkedList 
02:32:58 **** Incremental Build of configuration Debug for project pruebaTp3 ****
Info: Internal Builder is used for build
gcc -O0 -g3 -Wall -c -fmessage-length=0 -o main.o "..\\main.c" 
..\main.c: In function 'main':
..\main.c:16:5: warning: 'miArchivo' is used uninitialized in this function [-Wuninitialized]
     parser_JugadorFromText(miArchivo , listaJugadores);
     ^~~~~~~~~~~~~~~~~~~~~~~~~~~~~~~~~~~~~~~~~~~~~~~~~~
gcc "-LC:\\Users\\Julian Rodriguez\\Desktop\\PROGRAMACION  1\\TP3-2022\\eclipse_tp3_v5\\tp3_windows" -o pruebaTp3.exe Controller.o Jugador.o Seleccion.o main.o parser.o -lLinkedList 
Info: Nothing to build for pruebaTp3
02:33:31 **** Incremental Build of configuration Debug for project pruebaTp3 ****
Info: Internal Builder is used for build
gcc -O0 -g3 -Wall -c -fmessage-length=0 -o parser.o "..\\parser.c" 
gcc "-LC:\\Users\\Julian Rodriguez\\Desktop\\PROGRAMACION  1\\TP3-2022\\eclipse_tp3_v5\\tp3_windows" -o pruebaTp3.exe Controller.o Jugador.o Seleccion.o main.o parser.o -lLinkedList 
Info: Nothing to build for pruebaTp3
02:34:24 **** Incremental Build of configuration Debug for project pruebaTp3 ****
Info: Internal Builder is used for build
gcc -O0 -g3 -Wall -c -fmessage-length=0 -o parser.o "..\\parser.c" 
gcc "-LC:\\Users\\Julian Rodriguez\\Desktop\\PROGRAMACION  1\\TP3-2022\\eclipse_tp3_v5\\tp3_windows" -o pruebaTp3.exe Controller.o Jugador.o Seleccion.o main.o parser.o -lLinkedList 
Info: Nothing to build for pruebaTp3
02:34:35 **** Incremental Build of configuration Debug for project pruebaTp3 ****
Info: Internal Builder is used for build
gcc -O0 -g3 -Wall -c -fmessage-length=0 -o parser.o "..\\parser.c" 
gcc "-LC:\\Users\\Julian Rodriguez\\Desktop\\PROGRAMACION  1\\TP3-2022\\eclipse_tp3_v5\\tp3_windows" -o pruebaTp3.exe Controller.o Jugador.o Seleccion.o main.o parser.o -lLinkedList 
Info: Nothing to build for pruebaTp3
02:35:07 **** Incremental Build of configuration Debug for project pruebaTp3 ****
Info: Internal Builder is used for build
gcc -O0 -g3 -Wall -c -fmessage-length=0 -o parser.o "..\\parser.c" 
gcc "-LC:\\Users\\Julian Rodriguez\\Desktop\\PROGRAMACION  1\\TP3-2022\\eclipse_tp3_v5\\tp3_windows" -o pruebaTp3.exe Controller.o Jugador.o Seleccion.o main.o parser.o -lLinkedList 
c:/mingw/bin/../lib/gcc/mingw32/6.3.0/../../../../mingw32/bin/ld.exe: cannot open output file pruebaTp3.exe: Permission denied
collect2.exe: error: ld returned 1 exit status
02:35:07 **** Incremental Build of configuration Debug for project pruebaTp3 ****
Info: Internal Builder is used for build
gcc "-LC:\\Users\\Julian Rodriguez\\Desktop\\PROGRAMACION  1\\TP3-2022\\eclipse_tp3_v5\\tp3_windows" -o pruebaTp3.exe Controller.o Jugador.o Seleccion.o main.o parser.o -lLinkedList 
Info: Nothing to build for pruebaTp3
02:35:27 **** Incremental Build of configuration Debug for project pruebaTp3 ****
Info: Internal Builder is used for build
gcc -O0 -g3 -Wall -c -fmessage-length=0 -o parser.o "..\\parser.c" 
gcc "-LC:\\Users\\Julian Rodriguez\\Desktop\\PROGRAMACION  1\\TP3-2022\\eclipse_tp3_v5\\tp3_windows" -o pruebaTp3.exe Controller.o Jugador.o Seleccion.o main.o parser.o -lLinkedList 
02:35:38 **** Incremental Build of configuration Debug for project pruebaTp3 ****
Info: Internal Builder is used for build
gcc -O0 -g3 -Wall -c -fmessage-length=0 -o parser.o "..\\parser.c" 
gcc "-LC:\\Users\\Julian Rodriguez\\Desktop\\PROGRAMACION  1\\TP3-2022\\eclipse_tp3_v5\\tp3_windows" -o pruebaTp3.exe Controller.o Jugador.o Seleccion.o main.o parser.o -lLinkedList 
c:/mingw/bin/../lib/gcc/mingw32/6.3.0/../../../../mingw32/bin/ld.exe: cannot open output file pruebaTp3.exe: Permission denied
collect2.exe: error: ld returned 1 exit status
02:35:39 **** Incremental Build of configuration Debug for project pruebaTp3 ****
Info: Internal Builder is used for build
gcc "-LC:\\Users\\Julian Rodriguez\\Desktop\\PROGRAMACION  1\\TP3-2022\\eclipse_tp3_v5\\tp3_windows" -o pruebaTp3.exe Controller.o Jugador.o Seleccion.o main.o parser.o -lLinkedList 
Info: Nothing to build for pruebaTp3
Info: Nothing to build for pruebaTp3
02:50:40 **** Incremental Build of configuration Debug for project pruebaTp3 ****
Info: Internal Builder is used for build
gcc -O0 -g3 -Wall -c -fmessage-length=0 -o parser.o "..\\parser.c" 
gcc "-LC:\\Users\\Julian Rodriguez\\Desktop\\PROGRAMACION  1\\TP3-2022\\eclipse_tp3_v5\\tp3_windows" -o pruebaTp3.exe Controller.o Jugador.o Seleccion.o main.o parser.o -lLinkedList 
02:52:45 **** Incremental Build of configuration Debug for project pruebaTp3 ****
Info: Internal Builder is used for build
gcc -O0 -g3 -Wall -c -fmessage-length=0 -o Controller.o "..\\Controller.c" 
gcc "-LC:\\Users\\Julian Rodriguez\\Desktop\\PROGRAMACION  1\\TP3-2022\\eclipse_tp3_v5\\tp3_windows" -o pruebaTp3.exe Controller.o Jugador.o Seleccion.o main.o parser.o -lLinkedList 
03:00:55 **** Incremental Build of configuration Debug for project pruebaTp3 ****
Info: Internal Builder is used for build
gcc -O0 -g3 -Wall -c -fmessage-length=0 -o Jugador.o "..\\Jugador.c" 
..\Jugador.c: In function 'jug_newParametros':
..\Jugador.c:21:25: warning: passing argument 2 of 'jug_setId' makes integer from pointer without a cast [-Wint-conversion]
   if(jug_setId(pJugador,idStr)==0 &&
                         ^~~~~
In file included from ..\Jugador.c:5:0:
..\Jugador.h:23:5: note: expected 'int' but argument is of type 'char *'
 int jug_setId(Jugador* this,int id);
     ^~~~~~~~~
..\Jugador.c:25:25: warning: passing argument 2 of 'jug_setEdad' makes integer from pointer without a cast [-Wint-conversion]
   jug_setEdad(pJugador, edadStr)==0 &&
                         ^~~~~~~
In file included from ..\Jugador.c:5:0:
..\Jugador.h:35:5: note: expected 'int' but argument is of type 'char *'
 int jug_setEdad(Jugador* this,int edad);
     ^~~~~~~~~~~
gcc "-LC:\\Users\\Julian Rodriguez\\Desktop\\PROGRAMACION  1\\TP3-2022\\eclipse_tp3_v5\\tp3_windows" -o pruebaTp3.exe Controller.o Jugador.o Seleccion.o main.o parser.o -lLinkedList 
03:01:53 **** Incremental Build of configuration Debug for project pruebaTp3 ****
Info: Internal Builder is used for build
gcc -O0 -g3 -Wall -c -fmessage-length=0 -o Jugador.o "..\\Jugador.c" 
..\Jugador.c: In function 'jug_newParametros':
..\Jugador.c:25:25: warning: passing argument 2 of 'jug_setEdad' makes integer from pointer without a cast [-Wint-conversion]
   jug_setEdad(pJugador, edadStr)==0 &&
                         ^~~~~~~
In file included from ..\Jugador.c:5:0:
..\Jugador.h:35:5: note: expected 'int' but argument is of type 'char *'
 int jug_setEdad(Jugador* this,int edad);
     ^~~~~~~~~~~
gcc "-LC:\\Users\\Julian Rodriguez\\Desktop\\PROGRAMACION  1\\TP3-2022\\eclipse_tp3_v5\\tp3_windows" -o pruebaTp3.exe Controller.o Jugador.o Seleccion.o main.o parser.o -lLinkedList 
03:02:05 **** Incremental Build of configuration Debug for project pruebaTp3 ****
Info: Internal Builder is used for build
gcc -O0 -g3 -Wall -c -fmessage-length=0 -o Jugador.o "..\\Jugador.c" 
gcc "-LC:\\Users\\Julian Rodriguez\\Desktop\\PROGRAMACION  1\\TP3-2022\\eclipse_tp3_v5\\tp3_windows" -o pruebaTp3.exe Controller.o Jugador.o Seleccion.o main.o parser.o -lLinkedList 
03:16:07 **** Incremental Build of configuration Debug for project pruebaTp3 ****
Info: Internal Builder is used for build
gcc -O0 -g3 -Wall -c -fmessage-length=0 -o Jugador.o "..\\Jugador.c" 
gcc "-LC:\\Users\\Julian Rodriguez\\Desktop\\PROGRAMACION  1\\TP3-2022\\eclipse_tp3_v5\\tp3_windows" -o pruebaTp3.exe Controller.o Jugador.o Seleccion.o main.o parser.o -lLinkedList 
03:29:14 **** Incremental Build of configuration Debug for project pruebaTp3 ****
Info: Internal Builder is used for build
gcc -O0 -g3 -Wall -c -fmessage-length=0 -o Jugador.o "..\\Jugador.c" 
gcc "-LC:\\Users\\Julian Rodriguez\\Desktop\\PROGRAMACION  1\\TP3-2022\\eclipse_tp3_v5\\tp3_windows" -o pruebaTp3.exe Controller.o Jugador.o Seleccion.o main.o parser.o -lLinkedList 
03:30:13 **** Incremental Build of configuration Debug for project pruebaTp3 ****
Info: Internal Builder is used for build
gcc -O0 -g3 -Wall -c -fmessage-length=0 -o Jugador.o "..\\Jugador.c" 
gcc "-LC:\\Users\\Julian Rodriguez\\Desktop\\PROGRAMACION  1\\TP3-2022\\eclipse_tp3_v5\\tp3_windows" -o pruebaTp3.exe Controller.o Jugador.o Seleccion.o main.o parser.o -lLinkedList 
03:31:11 **** Incremental Build of configuration Debug for project pruebaTp3 ****
Info: Internal Builder is used for build
gcc -O0 -g3 -Wall -c -fmessage-length=0 -o Jugador.o "..\\Jugador.c" 
gcc "-LC:\\Users\\Julian Rodriguez\\Desktop\\PROGRAMACION  1\\TP3-2022\\eclipse_tp3_v5\\tp3_windows" -o pruebaTp3.exe Controller.o Jugador.o Seleccion.o main.o parser.o -lLinkedList 
03:44:23 **** Incremental Build of configuration Debug for project pruebaTp3 ****
Info: Internal Builder is used for build
gcc -O0 -g3 -Wall -c -fmessage-length=0 -o parser.o "..\\parser.c" 
..\parser.c: In function 'parser_JugadorFromText':
..\parser.c:21:4: warning: 'jugadorAux' is used uninitialized in this function [-Wuninitialized]
  if(jugadorAux!=NULL)
    ^
gcc -O0 -g3 -Wall -c -fmessage-length=0 -o Controller.o "..\\Controller.c" 
..\Controller.c: In function 'controller_cargarJugadoresDesdeTexto':
..\Controller.c:24:6: warning: implicit declaration of function 'parser_JugadorFromText' [-Wimplicit-function-declaration]
   if(parser_JugadorFromText(pFile, pArrayListJugador)==0)
      ^~~~~~~~~~~~~~~~~~~~~~
..\Controller.c:25:2: error: expected expression before '}' token
  }
  ^
03:45:21 **** Incremental Build of configuration Debug for project pruebaTp3 ****
Info: Internal Builder is used for build
gcc -O0 -g3 -Wall -c -fmessage-length=0 -o Controller.o "..\\Controller.c" 
..\Controller.c: In function 'controller_cargarJugadoresDesdeTexto':
..\Controller.c:24:6: warning: implicit declaration of function 'parser_JugadorFromText' [-Wimplicit-function-declaration]
   if(parser_JugadorFromText(pFile, pArrayListJugador)==0)
      ^~~~~~~~~~~~~~~~~~~~~~
gcc "-LC:\\Users\\Julian Rodriguez\\Desktop\\PROGRAMACION  1\\TP3-2022\\eclipse_tp3_v5\\tp3_windows" -o pruebaTp3.exe Controller.o Jugador.o Seleccion.o main.o parser.o -lLinkedList 
03:45:42 **** Incremental Build of configuration Debug for project pruebaTp3 ****
Info: Internal Builder is used for build
gcc -O0 -g3 -Wall -c -fmessage-length=0 -o Controller.o "..\\Controller.c" 
gcc "-LC:\\Users\\Julian Rodriguez\\Desktop\\PROGRAMACION  1\\TP3-2022\\eclipse_tp3_v5\\tp3_windows" -o pruebaTp3.exe Controller.o Jugador.o Seleccion.o main.o parser.o -lLinkedList 
03:48:01 **** Incremental Build of configuration Debug for project pruebaTp3 ****
Info: Internal Builder is used for build
gcc -O0 -g3 -Wall -c -fmessage-length=0 -o parser.o "..\\parser.c" 
..\parser.c: In function 'parser_JugadorFromText':
..\parser.c:21:4: warning: 'jugadorAux' is used uninitialized in this function [-Wuninitialized]
  if(jugadorAux!=NULL)
    ^
gcc "-LC:\\Users\\Julian Rodriguez\\Desktop\\PROGRAMACION  1\\TP3-2022\\eclipse_tp3_v5\\tp3_windows" -o pruebaTp3.exe Controller.o Jugador.o Seleccion.o main.o parser.o -lLinkedList 
03:51:20 **** Incremental Build of configuration Debug for project pruebaTp3 ****
Info: Internal Builder is used for build
gcc -O0 -g3 -Wall -c -fmessage-length=0 -o Controller.o "..\\Controller.c" 
gcc -O0 -g3 -Wall -c -fmessage-length=0 -o Jugador.o "..\\Jugador.c" 
gcc -O0 -g3 -Wall -c -fmessage-length=0 -o parser.o "..\\parser.c" 
..\parser.c: In function 'parser_JugadorFromText':
..\parser.c:21:4: warning: 'jugadorAux' is used uninitialized in this function [-Wuninitialized]
  if(jugadorAux!=NULL)
    ^
gcc "-LC:\\Users\\Julian Rodriguez\\Desktop\\PROGRAMACION  1\\TP3-2022\\eclipse_tp3_v5\\tp3_windows" -o pruebaTp3.exe Controller.o Jugador.o Seleccion.o main.o parser.o -lLinkedList 
03:54:25 **** Incremental Build of configuration Debug for project pruebaTp3 ****
Info: Internal Builder is used for build
gcc -O0 -g3 -Wall -c -fmessage-length=0 -o parser.o "..\\parser.c" 
gcc "-LC:\\Users\\Julian Rodriguez\\Desktop\\PROGRAMACION  1\\TP3-2022\\eclipse_tp3_v5\\tp3_windows" -o pruebaTp3.exe Controller.o Jugador.o Seleccion.o main.o parser.o -lLinkedList 
03:55:05 **** Incremental Build of configuration Debug for project pruebaTp3 ****
Info: Internal Builder is used for build
gcc -O0 -g3 -Wall -c -fmessage-length=0 -o parser.o "..\\parser.c" 
gcc "-LC:\\Users\\Julian Rodriguez\\Desktop\\PROGRAMACION  1\\TP3-2022\\eclipse_tp3_v5\\tp3_windows" -o pruebaTp3.exe Controller.o Jugador.o Seleccion.o main.o parser.o -lLinkedList 
03:59:14 **** Incremental Build of configuration Debug for project pruebaTp3 ****
Info: Internal Builder is used for build
gcc -O0 -g3 -Wall -c -fmessage-length=0 -o main.o "..\\main.c" 
..\main.c: In function 'main':
..\main.c:16:5: warning: 'miArchivo' is used uninitialized in this function [-Wuninitialized]
     parser_JugadorFromText(miArchivo , listaJugadores);
     ^~~~~~~~~~~~~~~~~~~~~~~~~~~~~~~~~~~~~~~~~~~~~~~~~~
gcc -O0 -g3 -Wall -c -fmessage-length=0 -o parser.o "..\\parser.c" 
gcc "-LC:\\Users\\Julian Rodriguez\\Desktop\\PROGRAMACION  1\\TP3-2022\\eclipse_tp3_v5\\tp3_windows" -o pruebaTp3.exe Controller.o Jugador.o Seleccion.o main.o parser.o -lLinkedList 
03:59:30 **** Incremental Build of configuration Debug for project pruebaTp3 ****
Info: Internal Builder is used for build
gcc -O0 -g3 -Wall -c -fmessage-length=0 -o main.o "..\\main.c" 
gcc "-LC:\\Users\\Julian Rodriguez\\Desktop\\PROGRAMACION  1\\TP3-2022\\eclipse_tp3_v5\\tp3_windows" -o pruebaTp3.exe Controller.o Jugador.o Seleccion.o main.o parser.o -lLinkedList 
Info: Nothing to build for pruebaTp3
04:00:19 **** Incremental Build of configuration Debug for project pruebaTp3 ****
Info: Internal Builder is used for build
gcc -O0 -g3 -Wall -c -fmessage-length=0 -o main.o "..\\main.c" 
gcc "-LC:\\Users\\Julian Rodriguez\\Desktop\\PROGRAMACION  1\\TP3-2022\\eclipse_tp3_v5\\tp3_windows" -o pruebaTp3.exe Controller.o Jugador.o Seleccion.o main.o parser.o -lLinkedList 
c:/mingw/bin/../lib/gcc/mingw32/6.3.0/../../../../mingw32/bin/ld.exe: cannot open output file pruebaTp3.exe: Permission denied
collect2.exe: error: ld returned 1 exit status
04:00:21 **** Incremental Build of configuration Debug for project pruebaTp3 ****
Info: Internal Builder is used for build
gcc "-LC:\\Users\\Julian Rodriguez\\Desktop\\PROGRAMACION  1\\TP3-2022\\eclipse_tp3_v5\\tp3_windows" -o pruebaTp3.exe Controller.o Jugador.o Seleccion.o main.o parser.o -lLinkedList 
Info: Nothing to build for pruebaTp3
Info: Nothing to build for pruebaTp3
04:02:30 **** Incremental Build of configuration Debug for project pruebaTp3 ****
Info: Internal Builder is used for build
gcc -O0 -g3 -Wall -c -fmessage-length=0 -o main.o "..\\main.c" 
gcc "-LC:\\Users\\Julian Rodriguez\\Desktop\\PROGRAMACION  1\\TP3-2022\\eclipse_tp3_v5\\tp3_windows" -o pruebaTp3.exe Controller.o Jugador.o Seleccion.o main.o parser.o -lLinkedList 
Info: Nothing to build for pruebaTp3
04:03:10 **** Incremental Build of configuration Debug for project pruebaTp3 ****
Info: Internal Builder is used for build
gcc -O0 -g3 -Wall -c -fmessage-length=0 -o main.o "..\\main.c" 
gcc "-LC:\\Users\\Julian Rodriguez\\Desktop\\PROGRAMACION  1\\TP3-2022\\eclipse_tp3_v5\\tp3_windows" -o pruebaTp3.exe Controller.o Jugador.o Seleccion.o main.o parser.o -lLinkedList 
c:/mingw/bin/../lib/gcc/mingw32/6.3.0/../../../../mingw32/bin/ld.exe: cannot open output file pruebaTp3.exe: Permission denied
collect2.exe: error: ld returned 1 exit status
04:03:13 **** Incremental Build of configuration Debug for project pruebaTp3 ****
Info: Internal Builder is used for build
gcc "-LC:\\Users\\Julian Rodriguez\\Desktop\\PROGRAMACION  1\\TP3-2022\\eclipse_tp3_v5\\tp3_windows" -o pruebaTp3.exe Controller.o Jugador.o Seleccion.o main.o parser.o -lLinkedList 
04:03:18 **** Incremental Build of configuration Debug for project pruebaTp3 ****
Info: Internal Builder is used for build
gcc -O0 -g3 -Wall -c -fmessage-length=0 -o parser.o "..\\parser.c" 
gcc "-LC:\\Users\\Julian Rodriguez\\Desktop\\PROGRAMACION  1\\TP3-2022\\eclipse_tp3_v5\\tp3_windows" -o pruebaTp3.exe Controller.o Jugador.o Seleccion.o main.o parser.o -lLinkedList 
05:05:37 **** Incremental Build of configuration Debug for project pruebaTp3 ****
Info: Internal Builder is used for build
gcc -O0 -g3 -Wall -c -fmessage-length=0 -o main.o "..\\main.c" 
..\main.c: In function 'main':
..\main.c:22:13: warning: too many arguments for format [-Wformat-extra-args]
      printf("|%*s|\n|%*s|\n|%*s|\n|%*s|\n|%*s|\n|%*s|\n|%*s|\n|%*s|\n|%*s|\n|%*s|\n",-50,"1.CARGA DE ARCHIVOS",
             ^~~~~~~~~~~~~~~~~~~~~~~~~~~~~~~~~~~~~~~~~~~~~~~~~~~~~~~~~~~~~~~~~~~~~~~~
gcc "-LC:\\Users\\Julian Rodriguez\\Desktop\\PROGRAMACION  1\\TP3-2022\\eclipse_tp3_v5\\tp3_windows" -o pruebaTp3.exe Controller.o Jugador.o Seleccion.o main.o parser.o -lLinkedList 
05:06:13 **** Incremental Build of configuration Debug for project pruebaTp3 ****
Info: Internal Builder is used for build
gcc -O0 -g3 -Wall -c -fmessage-length=0 -o main.o "..\\main.c" 
gcc "-LC:\\Users\\Julian Rodriguez\\Desktop\\PROGRAMACION  1\\TP3-2022\\eclipse_tp3_v5\\tp3_windows" -o pruebaTp3.exe Controller.o Jugador.o Seleccion.o main.o parser.o -lLinkedList 
Info: Nothing to build for pruebaTp3
05:06:23 **** Incremental Build of configuration Debug for project pruebaTp3 ****
Info: Internal Builder is used for build
gcc -O0 -g3 -Wall -c -fmessage-length=0 -o main.o "..\\main.c" 
gcc "-LC:\\Users\\Julian Rodriguez\\Desktop\\PROGRAMACION  1\\TP3-2022\\eclipse_tp3_v5\\tp3_windows" -o pruebaTp3.exe Controller.o Jugador.o Seleccion.o main.o parser.o -lLinkedList 
Info: Nothing to build for pruebaTp3
05:06:39 **** Incremental Build of configuration Debug for project pruebaTp3 ****
Info: Internal Builder is used for build
gcc -O0 -g3 -Wall -c -fmessage-length=0 -o main.o "..\\main.c" 
gcc "-LC:\\Users\\Julian Rodriguez\\Desktop\\PROGRAMACION  1\\TP3-2022\\eclipse_tp3_v5\\tp3_windows" -o pruebaTp3.exe Controller.o Jugador.o Seleccion.o main.o parser.o -lLinkedList 
Info: Nothing to build for pruebaTp3
05:08:07 **** Incremental Build of configuration Debug for project pruebaTp3 ****
Info: Internal Builder is used for build
gcc -O0 -g3 -Wall -c -fmessage-length=0 -o main.o "..\\main.c" 
gcc "-LC:\\Users\\Julian Rodriguez\\Desktop\\PROGRAMACION  1\\TP3-2022\\eclipse_tp3_v5\\tp3_windows" -o pruebaTp3.exe Controller.o Jugador.o Seleccion.o main.o parser.o -lLinkedList 
c:/mingw/bin/../lib/gcc/mingw32/6.3.0/../../../../mingw32/bin/ld.exe: cannot open output file pruebaTp3.exe: Permission denied
collect2.exe: error: ld returned 1 exit status
05:08:09 **** Incremental Build of configuration Debug for project pruebaTp3 ****
Info: Internal Builder is used for build
gcc "-LC:\\Users\\Julian Rodriguez\\Desktop\\PROGRAMACION  1\\TP3-2022\\eclipse_tp3_v5\\tp3_windows" -o pruebaTp3.exe Controller.o Jugador.o Seleccion.o main.o parser.o -lLinkedList 
Info: Nothing to build for pruebaTp3
05:08:49 **** Incremental Build of configuration Debug for project pruebaTp3 ****
Info: Internal Builder is used for build
gcc -O0 -g3 -Wall -c -fmessage-length=0 -o main.o "..\\main.c" 
gcc "-LC:\\Users\\Julian Rodriguez\\Desktop\\PROGRAMACION  1\\TP3-2022\\eclipse_tp3_v5\\tp3_windows" -o pruebaTp3.exe Controller.o Jugador.o Seleccion.o main.o parser.o -lLinkedList 
05:09:12 **** Incremental Build of configuration Debug for project pruebaTp3 ****
Info: Internal Builder is used for build
gcc -O0 -g3 -Wall -c -fmessage-length=0 -o main.o "..\\main.c" 
gcc "-LC:\\Users\\Julian Rodriguez\\Desktop\\PROGRAMACION  1\\TP3-2022\\eclipse_tp3_v5\\tp3_windows" -o pruebaTp3.exe Controller.o Jugador.o Seleccion.o main.o parser.o -lLinkedList 
c:/mingw/bin/../lib/gcc/mingw32/6.3.0/../../../../mingw32/bin/ld.exe: cannot open output file pruebaTp3.exe: Permission denied
collect2.exe: error: ld returned 1 exit status
05:09:13 **** Incremental Build of configuration Debug for project pruebaTp3 ****
Info: Internal Builder is used for build
gcc "-LC:\\Users\\Julian Rodriguez\\Desktop\\PROGRAMACION  1\\TP3-2022\\eclipse_tp3_v5\\tp3_windows" -o pruebaTp3.exe Controller.o Jugador.o Seleccion.o main.o parser.o -lLinkedList 
05:09:41 **** Incremental Build of configuration Debug for project pruebaTp3 ****
Info: Internal Builder is used for build
gcc -O0 -g3 -Wall -c -fmessage-length=0 -o main.o "..\\main.c" 
gcc "-LC:\\Users\\Julian Rodriguez\\Desktop\\PROGRAMACION  1\\TP3-2022\\eclipse_tp3_v5\\tp3_windows" -o pruebaTp3.exe Controller.o Jugador.o Seleccion.o main.o parser.o -lLinkedList 
c:/mingw/bin/../lib/gcc/mingw32/6.3.0/../../../../mingw32/bin/ld.exe: cannot open output file pruebaTp3.exe: Permission denied
collect2.exe: error: ld returned 1 exit status
05:09:41 **** Incremental Build of configuration Debug for project pruebaTp3 ****
Info: Internal Builder is used for build
gcc "-LC:\\Users\\Julian Rodriguez\\Desktop\\PROGRAMACION  1\\TP3-2022\\eclipse_tp3_v5\\tp3_windows" -o pruebaTp3.exe Controller.o Jugador.o Seleccion.o main.o parser.o -lLinkedList 
05:10:01 **** Incremental Build of configuration Debug for project pruebaTp3 ****
Info: Internal Builder is used for build
gcc -O0 -g3 -Wall -c -fmessage-length=0 -o main.o "..\\main.c" 
gcc "-LC:\\Users\\Julian Rodriguez\\Desktop\\PROGRAMACION  1\\TP3-2022\\eclipse_tp3_v5\\tp3_windows" -o pruebaTp3.exe Controller.o Jugador.o Seleccion.o main.o parser.o -lLinkedList 
Info: Nothing to build for pruebaTp3
Info: Nothing to build for pruebaTp3
05:10:40 **** Incremental Build of configuration Debug for project pruebaTp3 ****
Info: Internal Builder is used for build
gcc -O0 -g3 -Wall -c -fmessage-length=0 -o main.o "..\\main.c" 
gcc "-LC:\\Users\\Julian Rodriguez\\Desktop\\PROGRAMACION  1\\TP3-2022\\eclipse_tp3_v5\\tp3_windows" -o pruebaTp3.exe Controller.o Jugador.o Seleccion.o main.o parser.o -lLinkedList 
c:/mingw/bin/../lib/gcc/mingw32/6.3.0/../../../../mingw32/bin/ld.exe: cannot open output file pruebaTp3.exe: Permission denied
collect2.exe: error: ld returned 1 exit status
05:10:43 **** Incremental Build of configuration Debug for project pruebaTp3 ****
Info: Internal Builder is used for build
gcc "-LC:\\Users\\Julian Rodriguez\\Desktop\\PROGRAMACION  1\\TP3-2022\\eclipse_tp3_v5\\tp3_windows" -o pruebaTp3.exe Controller.o Jugador.o Seleccion.o main.o parser.o -lLinkedList 
Info: Nothing to build for pruebaTp3
05:10:55 **** Incremental Build of configuration Debug for project pruebaTp3 ****
Info: Internal Builder is used for build
gcc -O0 -g3 -Wall -c -fmessage-length=0 -o main.o "..\\main.c" 
gcc "-LC:\\Users\\Julian Rodriguez\\Desktop\\PROGRAMACION  1\\TP3-2022\\eclipse_tp3_v5\\tp3_windows" -o pruebaTp3.exe Controller.o Jugador.o Seleccion.o main.o parser.o -lLinkedList 
Info: Nothing to build for pruebaTp3
05:11:04 **** Incremental Build of configuration Debug for project pruebaTp3 ****
Info: Internal Builder is used for build
gcc -O0 -g3 -Wall -c -fmessage-length=0 -o main.o "..\\main.c" 
gcc "-LC:\\Users\\Julian Rodriguez\\Desktop\\PROGRAMACION  1\\TP3-2022\\eclipse_tp3_v5\\tp3_windows" -o pruebaTp3.exe Controller.o Jugador.o Seleccion.o main.o parser.o -lLinkedList 
c:/mingw/bin/../lib/gcc/mingw32/6.3.0/../../../../mingw32/bin/ld.exe: cannot open output file pruebaTp3.exe: Permission denied
collect2.exe: error: ld returned 1 exit status
05:11:05 **** Incremental Build of configuration Debug for project pruebaTp3 ****
Info: Internal Builder is used for build
gcc "-LC:\\Users\\Julian Rodriguez\\Desktop\\PROGRAMACION  1\\TP3-2022\\eclipse_tp3_v5\\tp3_windows" -o pruebaTp3.exe Controller.o Jugador.o Seleccion.o main.o parser.o -lLinkedList 
05:11:49 **** Incremental Build of configuration Debug for project pruebaTp3 ****
Info: Internal Builder is used for build
gcc -O0 -g3 -Wall -c -fmessage-length=0 -o main.o "..\\main.c" 
..\main.c: In function 'main':
..\main.c:20:41: warning: missing terminating " character
    -50,"                MENU PRINCIPAL","+==================================================+\n);
                                         ^
..\main.c:20:41: error: missing terminating " character
    -50,"                MENU PRINCIPAL","+==================================================+\n);
                                         ^~~~~~~~~~~~~~~~~~~~~~~~~~~~~~~~~~~~~~~~~~~~~~~~~~~~~~~~~
..\main.c:25:50: error: expected ')' before ';' token
    -50,"10.GUARDAR ARCHIVOS .CSV",-50,"11.SALIR");
                                                  ^
..\main.c:19:74: warning: format '%s' expects a matching 'char *' argument [-Wformat=]
  printf("+==================================================+\n|%*s|\n+%*s+",
                                                                          ^
..\main.c:39:1: error: expected ';' before '}' token
 }
 ^
..\main.c:13:17: warning: unused variable 'listaJugadores' [-Wunused-variable]
     LinkedList* listaJugadores = ll_newLinkedList();
                 ^~~~~~~~~~~~~~
..\main.c:12:9: warning: unused variable 'option' [-Wunused-variable]
     int option = 0;
         ^~~~~~
05:12:03 **** Incremental Build of configuration Debug for project pruebaTp3 ****
Info: Internal Builder is used for build
gcc -O0 -g3 -Wall -c -fmessage-length=0 -o main.o "..\\main.c" 
..\main.c: In function 'main':
..\main.c:20:41: warning: missing terminating " character
    -50,"                MENU PRINCIPAL","+==================================================+\n);
                                         ^
..\main.c:20:41: error: missing terminating " character
    -50,"                MENU PRINCIPAL","+==================================================+\n);
                                         ^~~~~~~~~~~~~~~~~~~~~~~~~~~~~~~~~~~~~~~~~~~~~~~~~~~~~~~~~
..\main.c:25:50: error: expected ')' before ';' token
    -50,"10.GUARDAR ARCHIVOS .CSV",-50,"11.SALIR");
                                                  ^
..\main.c:19:73: warning: format '%s' expects argument of type 'char *', but argument 4 has type 'int' [-Wformat=]
  printf("+==================================================+\n|%*s|\n+%s+",
                                                                         ^
..\main.c:39:1: error: expected ';' before '}' token
 }
 ^
..\main.c:13:17: warning: unused variable 'listaJugadores' [-Wunused-variable]
     LinkedList* listaJugadores = ll_newLinkedList();
                 ^~~~~~~~~~~~~~
..\main.c:12:9: warning: unused variable 'option' [-Wunused-variable]
     int option = 0;
         ^~~~~~
05:12:37 **** Incremental Build of configuration Debug for project pruebaTp3 ****
Info: Internal Builder is used for build
gcc -O0 -g3 -Wall -c -fmessage-length=0 -o main.o "..\\main.c" 
..\main.c: In function 'main':
..\main.c:20:41: warning: missing terminating " character
    -50,"                MENU PRINCIPAL","+==================================================+\n);
                                         ^
..\main.c:20:41: error: missing terminating " character
    -50,"                MENU PRINCIPAL","+==================================================+\n);
                                         ^~~~~~~~~~~~~~~~~~~~~~~~~~~~~~~~~~~~~~~~~~~~~~~~~~~~~~~~~
..\main.c:25:50: error: expected ')' before ';' token
    -50,"10.GUARDAR ARCHIVOS .CSV",-50,"11.SALIR");
                                                  ^
..\main.c:19:73: warning: format '%s' expects argument of type 'char *', but argument 4 has type 'int' [-Wformat=]
  printf("+==================================================+\n|%*s|\n|%s|",
                                                                         ^
..\main.c:39:1: error: expected ';' before '}' token
 }
 ^
..\main.c:13:17: warning: unused variable 'listaJugadores' [-Wunused-variable]
     LinkedList* listaJugadores = ll_newLinkedList();
                 ^~~~~~~~~~~~~~
..\main.c:12:9: warning: unused variable 'option' [-Wunused-variable]
     int option = 0;
         ^~~~~~
05:12:49 **** Incremental Build of configuration Debug for project pruebaTp3 ****
Info: Internal Builder is used for build
gcc -O0 -g3 -Wall -c -fmessage-length=0 -o main.o "..\\main.c" 
gcc "-LC:\\Users\\Julian Rodriguez\\Desktop\\PROGRAMACION  1\\TP3-2022\\eclipse_tp3_v5\\tp3_windows" -o pruebaTp3.exe Controller.o Jugador.o Seleccion.o main.o parser.o -lLinkedList 
c:/mingw/bin/../lib/gcc/mingw32/6.3.0/../../../../mingw32/bin/ld.exe: cannot open output file pruebaTp3.exe: Permission denied
collect2.exe: error: ld returned 1 exit status
05:12:52 **** Incremental Build of configuration Debug for project pruebaTp3 ****
Info: Internal Builder is used for build
gcc "-LC:\\Users\\Julian Rodriguez\\Desktop\\PROGRAMACION  1\\TP3-2022\\eclipse_tp3_v5\\tp3_windows" -o pruebaTp3.exe Controller.o Jugador.o Seleccion.o main.o parser.o -lLinkedList 
05:13:05 **** Incremental Build of configuration Debug for project pruebaTp3 ****
Info: Internal Builder is used for build
gcc -O0 -g3 -Wall -c -fmessage-length=0 -o main.o "..\\main.c" 
gcc "-LC:\\Users\\Julian Rodriguez\\Desktop\\PROGRAMACION  1\\TP3-2022\\eclipse_tp3_v5\\tp3_windows" -o pruebaTp3.exe Controller.o Jugador.o Seleccion.o main.o parser.o -lLinkedList 
Info: Nothing to build for pruebaTp3
05:13:21 **** Incremental Build of configuration Debug for project pruebaTp3 ****
Info: Internal Builder is used for build
gcc -O0 -g3 -Wall -c -fmessage-length=0 -o main.o "..\\main.c" 
gcc "-LC:\\Users\\Julian Rodriguez\\Desktop\\PROGRAMACION  1\\TP3-2022\\eclipse_tp3_v5\\tp3_windows" -o pruebaTp3.exe Controller.o Jugador.o Seleccion.o main.o parser.o -lLinkedList 
c:/mingw/bin/../lib/gcc/mingw32/6.3.0/../../../../mingw32/bin/ld.exe: cannot open output file pruebaTp3.exe: Permission denied
collect2.exe: error: ld returned 1 exit status
05:13:22 **** Incremental Build of configuration Debug for project pruebaTp3 ****
Info: Internal Builder is used for build
gcc "-LC:\\Users\\Julian Rodriguez\\Desktop\\PROGRAMACION  1\\TP3-2022\\eclipse_tp3_v5\\tp3_windows" -o pruebaTp3.exe Controller.o Jugador.o Seleccion.o main.o parser.o -lLinkedList 
05:13:28 **** Incremental Build of configuration Debug for project pruebaTp3 ****
Info: Internal Builder is used for build
gcc -O0 -g3 -Wall -c -fmessage-length=0 -o main.o "..\\main.c" 
gcc "-LC:\\Users\\Julian Rodriguez\\Desktop\\PROGRAMACION  1\\TP3-2022\\eclipse_tp3_v5\\tp3_windows" -o pruebaTp3.exe Controller.o Jugador.o Seleccion.o main.o parser.o -lLinkedList 
Info: Nothing to build for pruebaTp3
Info: Nothing to build for pruebaTp3
05:14:58 **** Incremental Build of configuration Debug for project pruebaTp3 ****
Info: Internal Builder is used for build
gcc -O0 -g3 -Wall -c -fmessage-length=0 -o main.o "..\\main.c" 
..\main.c: In function 'main':
..\main.c:35:18: error: expected ';' before ':' token
             break:
                  ^
05:15:05 **** Incremental Build of configuration Debug for project pruebaTp3 ****
Info: Internal Builder is used for build
gcc -O0 -g3 -Wall -c -fmessage-length=0 -o main.o "..\\main.c" 
gcc "-LC:\\Users\\Julian Rodriguez\\Desktop\\PROGRAMACION  1\\TP3-2022\\eclipse_tp3_v5\\tp3_windows" -o pruebaTp3.exe Controller.o Jugador.o Seleccion.o main.o parser.o -lLinkedList 
c:/mingw/bin/../lib/gcc/mingw32/6.3.0/../../../../mingw32/bin/ld.exe: cannot open output file pruebaTp3.exe: Permission denied
collect2.exe: error: ld returned 1 exit status
05:15:07 **** Incremental Build of configuration Debug for project pruebaTp3 ****
Info: Internal Builder is used for build
gcc "-LC:\\Users\\Julian Rodriguez\\Desktop\\PROGRAMACION  1\\TP3-2022\\eclipse_tp3_v5\\tp3_windows" -o pruebaTp3.exe Controller.o Jugador.o Seleccion.o main.o parser.o -lLinkedList 
Info: Nothing to build for pruebaTp3
05:15:44 **** Incremental Build of configuration Debug for project pruebaTp3 ****
Info: Internal Builder is used for build
gcc -O0 -g3 -Wall -c -fmessage-length=0 -o main.o "..\\main.c" 
gcc "-LC:\\Users\\Julian Rodriguez\\Desktop\\PROGRAMACION  1\\TP3-2022\\eclipse_tp3_v5\\tp3_windows" -o pruebaTp3.exe Controller.o Jugador.o Seleccion.o main.o parser.o -lLinkedList 
05:31:40 **** Incremental Build of configuration Debug for project pruebaTp3 ****
Info: Internal Builder is used for build
gcc -O0 -g3 -Wall -c -fmessage-length=0 -o Controller.o "..\\Controller.c" 
gcc -O0 -g3 -Wall -c -fmessage-length=0 -o parser.o "..\\parser.c" 
gcc -O0 -g3 -Wall -c -fmessage-length=0 -o main.o "..\\main.c" 
gcc -O0 -g3 -Wall -c -fmessage-length=0 -o Jugador.o "..\\Jugador.c" 
..\Jugador.c: In function 'jug_OrdenarPorNacionalidad':
..\Jugador.c:179:12: error: incompatible types when assigning to type 'Jugador {aka struct <anonymous>}' from type 'Jugador * {aka struct <anonymous> *}'
  jugadorUno=(Jugador*)unJugador;
            ^
..\Jugador.c:180:12: error: incompatible types when assigning to type 'Jugador {aka struct <anonymous>}' from type 'Jugador * {aka struct <anonymous> *}'
  jugadorDos=(Jugador*)otroJugador;
            ^
..\Jugador.c:181:27: error: invalid type argument of '->' (have 'Jugador {aka struct <anonymous>}')
  compara=strcmp(jugadorUno->nacionalidad,jugadorDos.nacionalidad);
                           ^~
05:32:01 **** Incremental Build of configuration Debug for project pruebaTp3 ****
Info: Internal Builder is used for build
gcc -O0 -g3 -Wall -c -fmessage-length=0 -o Jugador.o "..\\Jugador.c" 
..\Jugador.c: In function 'jug_OrdenarPorNacionalidad':
..\Jugador.c:181:52: error: 'jugadorDos' is a pointer; did you mean to use '->'?
  compara=strcmp(jugadorUno->nacionalidad,jugadorDos.nacionalidad);
                                                    ^
                                                    ->
..\Jugador.c:178:11: warning: variable 'jugadorDos' set but not used [-Wunused-but-set-variable]
  Jugador* jugadorDos;
           ^~~~~~~~~~
05:32:27 **** Incremental Build of configuration Debug for project pruebaTp3 ****
Info: Internal Builder is used for build
gcc -O0 -g3 -Wall -c -fmessage-length=0 -o Jugador.o "..\\Jugador.c" 
gcc "-LC:\\Users\\Julian Rodriguez\\Desktop\\PROGRAMACION  1\\TP3-2022\\eclipse_tp3_v5\\tp3_windows" -o pruebaTp3.exe Controller.o Jugador.o Seleccion.o main.o parser.o -lLinkedList 
05:34:19 **** Incremental Build of configuration Debug for project pruebaTp3 ****
Info: Internal Builder is used for build
gcc -O0 -g3 -Wall -c -fmessage-length=0 -o main.o "..\\main.c" 
..\main.c: In function 'main':
..\main.c:36:53: error: 'jugadorAux' undeclared (first use in this function)
              printf("%d---%s---%d---%s---%s---%d\n",jugadorAux->id,jugadorAux->nombreCompleto,jugadorAux->edad,jugadorAux->posicion,jugadorAux->nacionalidad,jugadorAux->idSeleccion);
                                                     ^~~~~~~~~~
..\main.c:36:53: note: each undeclared identifier is reported only once for each function it appears in
05:34:30 **** Incremental Build of configuration Debug for project pruebaTp3 ****
Info: Internal Builder is used for build
gcc -O0 -g3 -Wall -c -fmessage-length=0 -o main.o "..\\main.c" 
gcc "-LC:\\Users\\Julian Rodriguez\\Desktop\\PROGRAMACION  1\\TP3-2022\\eclipse_tp3_v5\\tp3_windows" -o pruebaTp3.exe Controller.o Jugador.o Seleccion.o main.o parser.o -lLinkedList 
05:38:58 **** Incremental Build of configuration Debug for project pruebaTp3 ****
Info: Internal Builder is used for build
gcc -O0 -g3 -Wall -c -fmessage-length=0 -o main.o "..\\main.c" 
gcc -O0 -g3 -Wall -c -fmessage-length=0 -o Jugador.o "..\\Jugador.c" 
gcc "-LC:\\Users\\Julian Rodriguez\\Desktop\\PROGRAMACION  1\\TP3-2022\\eclipse_tp3_v5\\tp3_windows" -o pruebaTp3.exe Controller.o Jugador.o Seleccion.o main.o parser.o -lLinkedList 
05:52:45 **** Incremental Build of configuration Debug for project pruebaTp3 ****
Info: Internal Builder is used for build
gcc -O0 -g3 -Wall -c -fmessage-length=0 -o parser.o "..\\parser.c" 
gcc -O0 -g3 -Wall -c -fmessage-length=0 -o main.o "..\\main.c" 
..\main.c: In function 'main':
..\main.c:32:14: error: a label can only be part of a statement and a declaration is not a statement
              Jugador* auxiliar;
              ^~~~~~~
05:52:53 **** Incremental Build of configuration Debug for project pruebaTp3 ****
Info: Internal Builder is used for build
gcc -O0 -g3 -Wall -c -fmessage-length=0 -o main.o "..\\main.c" 
gcc "-LC:\\Users\\Julian Rodriguez\\Desktop\\PROGRAMACION  1\\TP3-2022\\eclipse_tp3_v5\\tp3_windows" -o pruebaTp3.exe Controller.o Jugador.o Seleccion.o main.o parser.o -lLinkedList 
Info: Nothing to build for pruebaTp3
05:54:18 **** Incremental Build of configuration Debug for project pruebaTp3 ****
Info: Internal Builder is used for build
gcc -O0 -g3 -Wall -c -fmessage-length=0 -o ingresos.o "..\\ingresos.c" 
..\ingresos.c:12:18: fatal error: nexo.h: No such file or directory
 #include "nexo.h"
                  ^
compilation terminated.
05:54:36 **** Incremental Build of configuration Debug for project pruebaTp3 ****
Info: Internal Builder is used for build
gcc -O0 -g3 -Wall -c -fmessage-length=0 -o ingresos.o "..\\ingresos.c" 
..\ingresos.c: In function 'confirmarSalida':
..\ingresos.c:131:6: warning: implicit declaration of function 'verificarCaracterSN' [-Wimplicit-function-declaration]
   if(verificarCaracterSN(respuesta)==-1 )
      ^~~~~~~~~~~~~~~~~~~
gcc -O0 -g3 -Wall -c -fmessage-length=0 -o main.o "..\\main.c" 
gcc "-LC:\\Users\\Julian Rodriguez\\Desktop\\PROGRAMACION  1\\TP3-2022\\eclipse_tp3_v5\\tp3_windows" -o pruebaTp3.exe Controller.o Jugador.o Seleccion.o ingresos.o main.o parser.o -lLinkedList 
ingresos.o: In function `confirmarSalida':
C:\Users\Julian Rodriguez\Desktop\PROGRAMACION  1\TP3-2022\eclipse_tp3_v5\tp3_windows\Debug/../ingresos.c:131: undefined reference to `verificarCaracterSN'
C:\Users\Julian Rodriguez\Desktop\PROGRAMACION  1\TP3-2022\eclipse_tp3_v5\tp3_windows\Debug/../ingresos.c:135: undefined reference to `verificarCaracterSN'
collect2.exe: error: ld returned 1 exit status
05:54:53 **** Incremental Build of configuration Debug for project pruebaTp3 ****
Info: Internal Builder is used for build
gcc -O0 -g3 -Wall -c -fmessage-length=0 -o ingresos.o "..\\ingresos.c" 
gcc "-LC:\\Users\\Julian Rodriguez\\Desktop\\PROGRAMACION  1\\TP3-2022\\eclipse_tp3_v5\\tp3_windows" -o pruebaTp3.exe Controller.o Jugador.o Seleccion.o ingresos.o main.o parser.o -lLinkedList 
Info: Nothing to build for pruebaTp3
05:55:47 **** Incremental Build of configuration Debug for project pruebaTp3 ****
Info: Internal Builder is used for build
gcc -O0 -g3 -Wall -c -fmessage-length=0 -o main.o "..\\main.c" 
gcc "-LC:\\Users\\Julian Rodriguez\\Desktop\\PROGRAMACION  1\\TP3-2022\\eclipse_tp3_v5\\tp3_windows" -o pruebaTp3.exe Controller.o Jugador.o Seleccion.o ingresos.o main.o parser.o -lLinkedList 
Info: Nothing to build for pruebaTp3
05:56:30 **** Incremental Build of configuration Debug for project pruebaTp3 ****
Info: Internal Builder is used for build
gcc -O0 -g3 -Wall -c -fmessage-length=0 -o main.o "..\\main.c" 
gcc "-LC:\\Users\\Julian Rodriguez\\Desktop\\PROGRAMACION  1\\TP3-2022\\eclipse_tp3_v5\\tp3_windows" -o pruebaTp3.exe Controller.o Jugador.o Seleccion.o ingresos.o main.o parser.o -lLinkedList 
Info: Nothing to build for pruebaTp3
05:58:18 **** Incremental Build of configuration Debug for project pruebaTp3 ****
Info: Internal Builder is used for build
gcc -O0 -g3 -Wall -c -fmessage-length=0 -o main.o "..\\main.c" 
..\main.c: In function 'main':
..\main.c:14:14: warning: unused variable 'auxiliar' [-Wunused-variable]
     Jugador* auxiliar;
              ^~~~~~~~
gcc "-LC:\\Users\\Julian Rodriguez\\Desktop\\PROGRAMACION  1\\TP3-2022\\eclipse_tp3_v5\\tp3_windows" -o pruebaTp3.exe Controller.o Jugador.o Seleccion.o ingresos.o main.o parser.o -lLinkedList 
06:14:30 **** Incremental Build of configuration Debug for project pruebaTp3 ****
Info: Internal Builder is used for build
gcc -O0 -g3 -Wall -c -fmessage-length=0 -o main.o "..\\main.c" 
..\main.c: In function 'main':
..\main.c:14:14: warning: unused variable 'auxiliar' [-Wunused-variable]
     Jugador* auxiliar;
              ^~~~~~~~
gcc -O0 -g3 -Wall -c -fmessage-length=0 -o parser.o "..\\parser.c" 
gcc -O0 -g3 -Wall -c -fmessage-length=0 -o Controller.o "..\\Controller.c" 
..\Controller.c: In function 'controller_listarSelecciones':
..\Controller.c:172:6: warning: variable 'cantidad' set but not used [-Wunused-but-set-variable]
  int cantidad;
      ^~~~~~~~
..\Controller.c:171:11: warning: unused variable 'jugAux' [-Wunused-variable]
  Jugador* jugAux;
           ^~~~~~
..\Controller.c:175:12: warning: 'retorno' is used uninitialized in this function [-Wuninitialized]
     return retorno;
            ^~~~~~~
gcc -O0 -g3 -Wall -c -fmessage-length=0 -o Jugador.o "..\\Jugador.c" 
gcc "-LC:\\Users\\Julian Rodriguez\\Desktop\\PROGRAMACION  1\\TP3-2022\\eclipse_tp3_v5\\tp3_windows" -o pruebaTp3.exe Controller.o Jugador.o Seleccion.o ingresos.o main.o parser.o -lLinkedList 
06:15:35 **** Incremental Build of configuration Debug for project pruebaTp3 ****
Info: Internal Builder is used for build
gcc -O0 -g3 -Wall -c -fmessage-length=0 -o Controller.o "..\\Controller.c" 
..\Controller.c: In function 'controller_listarSelecciones':
..\Controller.c:171:11: warning: unused variable 'jugAux' [-Wunused-variable]
  Jugador* jugAux;
           ^~~~~~
gcc -O0 -g3 -Wall -c -fmessage-length=0 -o main.o "..\\main.c" 
..\main.c: In function 'main':
..\main.c:14:14: warning: unused variable 'auxiliar' [-Wunused-variable]
     Jugador* auxiliar;
              ^~~~~~~~
gcc "-LC:\\Users\\Julian Rodriguez\\Desktop\\PROGRAMACION  1\\TP3-2022\\eclipse_tp3_v5\\tp3_windows" -o pruebaTp3.exe Controller.o Jugador.o Seleccion.o ingresos.o main.o parser.o -lLinkedList 
Info: Nothing to build for pruebaTp3
06:15:59 **** Incremental Build of configuration Debug for project pruebaTp3 ****
Info: Internal Builder is used for build
gcc -O0 -g3 -Wall -c -fmessage-length=0 -o main.o "..\\main.c" 
..\main.c: In function 'main':
..\main.c:32:14: error: 'opcion' undeclared (first use in this function)
              opcion=0;
              ^~~~~~
..\main.c:32:14: note: each undeclared identifier is reported only once for each function it appears in
..\main.c:14:14: warning: unused variable 'auxiliar' [-Wunused-variable]
     Jugador* auxiliar;
              ^~~~~~~~
06:16:15 **** Incremental Build of configuration Debug for project pruebaTp3 ****
Info: Internal Builder is used for build
gcc -O0 -g3 -Wall -c -fmessage-length=0 -o main.o "..\\main.c" 
..\main.c: In function 'main':
..\main.c:14:14: warning: unused variable 'auxiliar' [-Wunused-variable]
     Jugador* auxiliar;
              ^~~~~~~~
gcc "-LC:\\Users\\Julian Rodriguez\\Desktop\\PROGRAMACION  1\\TP3-2022\\eclipse_tp3_v5\\tp3_windows" -o pruebaTp3.exe Controller.o Jugador.o Seleccion.o ingresos.o main.o parser.o -lLinkedList 
Info: Nothing to build for pruebaTp3
06:16:49 **** Incremental Build of configuration Debug for project pruebaTp3 ****
Info: Internal Builder is used for build
gcc -O0 -g3 -Wall -c -fmessage-length=0 -o Controller.o "..\\Controller.c" 
..\Controller.c: In function 'controller_listarSelecciones':
..\Controller.c:173:18: error: incompatible type for argument 1 of 'll_len'
  cantidad=ll_len(*pArrayListSeleccion);
                  ^
In file included from ..\Controller.c:6:0:
..\LinkedList.h:38:5: note: expected 'LinkedList * {aka struct LinkedList *}' but argument is of type 'LinkedList {aka struct LinkedList}'
 int ll_len(LinkedList* this);
     ^~~~~~
..\Controller.c:171:11: warning: unused variable 'jugAux' [-Wunused-variable]
  Jugador* jugAux;
           ^~~~~~
06:16:57 **** Incremental Build of configuration Debug for project pruebaTp3 ****
Info: Internal Builder is used for build
gcc -O0 -g3 -Wall -c -fmessage-length=0 -o Controller.o "..\\Controller.c" 
..\Controller.c: In function 'controller_listarSelecciones':
..\Controller.c:173:18: error: incompatible type for argument 1 of 'll_len'
  cantidad=ll_len(*(pArrayListSeleccion));
                  ^
In file included from ..\Controller.c:6:0:
..\LinkedList.h:38:5: note: expected 'LinkedList * {aka struct LinkedList *}' but argument is of type 'LinkedList {aka struct LinkedList}'
 int ll_len(LinkedList* this);
     ^~~~~~
..\Controller.c:171:11: warning: unused variable 'jugAux' [-Wunused-variable]
  Jugador* jugAux;
           ^~~~~~
06:17:06 **** Incremental Build of configuration Debug for project pruebaTp3 ****
Info: Internal Builder is used for build
gcc -O0 -g3 -Wall -c -fmessage-length=0 -o Controller.o "..\\Controller.c" 
..\Controller.c: In function 'controller_listarSelecciones':
..\Controller.c:173:18: error: incompatible type for argument 1 of 'll_len'
  cantidad=ll_len((*(pArrayListSeleccion)));
                  ^
In file included from ..\Controller.c:6:0:
..\LinkedList.h:38:5: note: expected 'LinkedList * {aka struct LinkedList *}' but argument is of type 'LinkedList {aka struct LinkedList}'
 int ll_len(LinkedList* this);
     ^~~~~~
..\Controller.c:171:11: warning: unused variable 'jugAux' [-Wunused-variable]
  Jugador* jugAux;
           ^~~~~~
06:17:12 **** Incremental Build of configuration Debug for project pruebaTp3 ****
Info: Internal Builder is used for build
gcc -O0 -g3 -Wall -c -fmessage-length=0 -o Controller.o "..\\Controller.c" 
..\Controller.c: In function 'controller_listarSelecciones':
..\Controller.c:171:11: warning: unused variable 'jugAux' [-Wunused-variable]
  Jugador* jugAux;
           ^~~~~~
gcc "-LC:\\Users\\Julian Rodriguez\\Desktop\\PROGRAMACION  1\\TP3-2022\\eclipse_tp3_v5\\tp3_windows" -o pruebaTp3.exe Controller.o Jugador.o Seleccion.o ingresos.o main.o parser.o -lLinkedList 
c:/mingw/bin/../lib/gcc/mingw32/6.3.0/../../../../mingw32/bin/ld.exe: cannot open output file pruebaTp3.exe: Permission denied
collect2.exe: error: ld returned 1 exit status
06:19:00 **** Incremental Build of configuration Debug for project pruebaTp3 ****
Info: Internal Builder is used for build
gcc -O0 -g3 -Wall -c -fmessage-length=0 -o main.o "..\\main.c" 
..\main.c: In function 'main':
..\main.c:14:14: warning: unused variable 'auxiliar' [-Wunused-variable]
     Jugador* auxiliar;
              ^~~~~~~~
gcc "-LC:\\Users\\Julian Rodriguez\\Desktop\\PROGRAMACION  1\\TP3-2022\\eclipse_tp3_v5\\tp3_windows" -o pruebaTp3.exe Controller.o Jugador.o Seleccion.o ingresos.o main.o parser.o -lLinkedList 
c:/mingw/bin/../lib/gcc/mingw32/6.3.0/../../../../mingw32/bin/ld.exe: cannot open output file pruebaTp3.exe: Permission denied
collect2.exe: error: ld returned 1 exit status
06:19:00 **** Incremental Build of configuration Debug for project pruebaTp3 ****
Info: Internal Builder is used for build
gcc "-LC:\\Users\\Julian Rodriguez\\Desktop\\PROGRAMACION  1\\TP3-2022\\eclipse_tp3_v5\\tp3_windows" -o pruebaTp3.exe Controller.o Jugador.o Seleccion.o ingresos.o main.o parser.o -lLinkedList 
Info: Nothing to build for pruebaTp3
06:19:13 **** Incremental Build of configuration Debug for project pruebaTp3 ****
Info: Internal Builder is used for build
gcc -O0 -g3 -Wall -c -fmessage-length=0 -o main.o "..\\main.c" 
..\main.c: In function 'main':
..\main.c:18:6: warning: unused variable 'cantidad' [-Wunused-variable]
  int cantidad;
      ^~~~~~~~
..\main.c:14:14: warning: unused variable 'auxiliar' [-Wunused-variable]
     Jugador* auxiliar;
              ^~~~~~~~
gcc "-LC:\\Users\\Julian Rodriguez\\Desktop\\PROGRAMACION  1\\TP3-2022\\eclipse_tp3_v5\\tp3_windows" -o pruebaTp3.exe Controller.o Jugador.o Seleccion.o ingresos.o main.o parser.o -lLinkedList 
06:19:19 **** Incremental Build of configuration Debug for project pruebaTp3 ****
Info: Internal Builder is used for build
gcc -O0 -g3 -Wall -c -fmessage-length=0 -o main.o "..\\main.c" 
gcc "-LC:\\Users\\Julian Rodriguez\\Desktop\\PROGRAMACION  1\\TP3-2022\\eclipse_tp3_v5\\tp3_windows" -o pruebaTp3.exe Controller.o Jugador.o Seleccion.o ingresos.o main.o parser.o -lLinkedList 
